TN:
SF:./src/components/rxAccountInfo/scripts/rxAccountInfo.js
FN:19,(anonymous_1)
FN:22,(anonymous_2)
FN:35,(anonymous_3)
FN:38,(anonymous_4)
FN:45,(anonymous_5)
FN:51,(anonymous_6)
FN:53,(anonymous_7)
FN:60,(anonymous_8)
FN:61,(anonymous_9)
FN:63,(anonymous_10)
FN:75,(anonymous_11)
FN:78,(anonymous_12)
FN:97,(anonymous_13)
FNF:13
FNH:12
FNDA:18,(anonymous_1)
FNDA:21,(anonymous_2)
FNDA:21,(anonymous_3)
FNDA:6,(anonymous_4)
FNDA:21,(anonymous_5)
FNDA:1,(anonymous_6)
FNDA:1,(anonymous_7)
FNDA:3,(anonymous_8)
FNDA:1,(anonymous_9)
FNDA:1,(anonymous_10)
FNDA:7,(anonymous_11)
FNDA:0,(anonymous_12)
FNDA:1,(anonymous_13)
DA:1,1
DA:21,18
DA:23,21
DA:24,18
DA:26,3
DA:36,21
DA:37,21
DA:38,21
DA:39,6
DA:45,21
DA:46,21
DA:49,21
DA:51,21
DA:52,1
DA:54,1
DA:60,21
DA:61,3
DA:62,1
DA:64,1
DA:71,21
DA:72,3
DA:75,21
DA:77,7
DA:78,7
DA:79,0
DA:82,7
DA:83,0
DA:87,7
DA:88,7
DA:89,7
DA:90,7
DA:91,7
DA:92,7
DA:93,1
DA:94,6
DA:95,1
DA:98,1
LF:37
LH:35
BRDA:23,1,0,18
BRDA:23,1,1,3
BRDA:36,2,0,21
BRDA:36,2,1,21
BRDA:71,3,0,3
BRDA:71,3,1,18
BRDA:71,4,0,21
BRDA:71,4,1,3
BRDA:77,5,0,7
BRDA:77,5,1,0
BRDA:82,6,0,0
BRDA:82,6,1,7
BRDA:92,7,0,1
BRDA:92,7,1,6
BRDA:94,8,0,1
BRDA:94,8,1,5
BRF:16
BRH:14
end_of_record
TN:
SF:./src/components/rxActionMenu/scripts/rxActionMenu.js
FN:17,(anonymous_1)
FN:25,(anonymous_2)
FN:31,(anonymous_3)
FN:36,(anonymous_4)
FN:42,(anonymous_5)
FN:48,(anonymous_6)
FN:50,(anonymous_7)
FNF:7
FNH:6
FNDA:6,(anonymous_1)
FNDA:7,(anonymous_2)
FNDA:7,(anonymous_3)
FNDA:0,(anonymous_4)
FNDA:9,(anonymous_5)
FNDA:13,(anonymous_6)
FNDA:3,(anonymous_7)
DA:1,1
DA:18,6
DA:26,7
DA:27,6
DA:29,7
DA:31,7
DA:32,7
DA:33,7
DA:36,7
DA:37,0
DA:38,0
DA:42,7
DA:43,9
DA:44,2
DA:48,7
DA:49,13
DA:50,3
LF:17
LH:15
BRDA:26,1,0,6
BRDA:26,1,1,1
BRDA:37,2,0,0
BRDA:37,2,1,0
BRDA:43,3,0,2
BRDA:43,3,1,7
BRDA:43,4,0,9
BRDA:43,4,1,8
BRDA:49,5,0,3
BRDA:49,5,1,10
BRDA:49,6,0,13
BRDA:49,6,1,12
BRDA:49,6,2,3
BRF:13
BRH:11
end_of_record
TN:
SF:./src/components/rxActiveUrl/scripts/rxActiveUrl.js
FN:12,(anonymous_1)
FN:21,(anonymous_2)
FN:22,(anonymous_3)
FN:26,(anonymous_4)
FNF:4
FNH:4
FNDA:4,(anonymous_1)
FNDA:4,(anonymous_2)
FNDA:6,(anonymous_3)
FNDA:4,(anonymous_4)
DA:1,1
DA:13,4
DA:22,4
DA:23,6
DA:28,4
LF:5
LH:5
BRF:0
BRH:0
end_of_record
TN:
SF:./src/components/rxApp/scripts/rxAccountSearch.js
FN:8,(anonymous_1)
FN:12,(anonymous_2)
FN:13,(anonymous_3)
FNF:3
FNH:0
FNDA:0,(anonymous_1)
FNDA:0,(anonymous_2)
FNDA:0,(anonymous_3)
DA:1,1
DA:9,0
DA:13,0
DA:14,0
DA:15,0
LF:5
LH:1
BRDA:14,1,0,0
BRDA:14,1,1,0
BRF:2
BRH:0
end_of_record
TN:
SF:./src/components/rxApp/scripts/rxAccountUsers.js
FN:9,(anonymous_1)
FN:13,(anonymous_2)
FN:16,(anonymous_3)
FN:17,(anonymous_4)
FN:20,(anonymous_5)
FN:33,loadUsers
FN:34,(anonymous_7)
FN:63,(anonymous_8)
FN:82,(anonymous_9)
FNF:9
FNH:7
FNDA:5,(anonymous_1)
FNDA:9,(anonymous_2)
FNDA:9,(anonymous_3)
FNDA:9,(anonymous_4)
FNDA:8,(anonymous_5)
FNDA:8,loadUsers
FNDA:0,(anonymous_7)
FNDA:0,(anonymous_8)
FNDA:1,(anonymous_9)
DA:1,1
DA:10,5
DA:14,9
DA:16,9
DA:17,9
DA:18,9
DA:19,8
DA:20,8
DA:21,8
DA:24,1
DA:33,1
DA:34,8
DA:37,0
DA:39,0
DA:41,0
DA:43,0
DA:51,0
DA:55,8
DA:56,8
DA:57,7
DA:61,9
DA:63,9
DA:68,0
DA:69,0
DA:71,0
DA:72,0
DA:73,0
DA:74,0
DA:78,9
DA:82,9
DA:83,1
LF:31
LH:20
BRDA:18,1,0,8
BRDA:18,1,1,1
BRDA:43,2,0,0
BRDA:43,2,1,0
BRDA:56,3,0,7
BRDA:56,3,1,1
BRDA:71,4,0,0
BRDA:71,4,1,0
BRF:8
BRH:4
end_of_record
TN:
SF:./src/components/rxApp/scripts/rxApp.js
FN:23,(anonymous_1)
FN:38,(anonymous_2)
FN:70,(anonymous_3)
FN:81,(anonymous_4)
FNF:4
FNH:3
FNDA:25,(anonymous_1)
FNDA:51,(anonymous_2)
FNDA:18,(anonymous_3)
FNDA:0,(anonymous_4)
DA:1,1
DA:25,25
DA:39,51
DA:41,51
DA:43,51
DA:45,51
DA:47,51
DA:49,51
DA:50,4
DA:52,47
DA:53,4
DA:58,51
DA:62,51
DA:63,13
DA:67,38
DA:70,51
DA:71,18
DA:75,51
DA:77,51
DA:78,13
DA:82,0
LF:21
LH:20
BRDA:43,1,0,51
BRDA:43,1,1,4
BRDA:45,2,0,51
BRDA:45,2,1,47
BRDA:49,3,0,4
BRDA:49,3,1,47
BRDA:52,4,0,4
BRDA:52,4,1,43
BRDA:58,5,0,13
BRDA:58,5,1,38
BRDA:62,6,0,13
BRDA:62,6,1,38
BRDA:62,7,0,51
BRDA:62,7,1,38
BRDA:75,8,0,13
BRDA:75,8,1,38
BRDA:77,9,0,13
BRDA:77,9,1,38
BRF:18
BRH:18
end_of_record
TN:
SF:./src/components/rxApp/scripts/rxAppNav.js
FN:481,(anonymous_1)
FNF:1
FNH:1
FNDA:43,(anonymous_1)
DA:1,1
DA:482,43
LF:2
LH:2
BRF:0
BRH:0
end_of_record
TN:
SF:./src/components/rxApp/scripts/rxAppNavItem.js
FN:16,(anonymous_1)
FN:17,(anonymous_2)
FN:18,(anonymous_3)
FN:22,(anonymous_4)
FN:60,(anonymous_5)
FN:70,(anonymous_6)
FN:104,(anonymous_7)
FN:115,(anonymous_8)
FN:139,(anonymous_9)
FN:176,(anonymous_10)
FNF:10
FNH:9
FNDA:43,(anonymous_1)
FNDA:304,(anonymous_2)
FNDA:106,(anonymous_3)
FNDA:106,(anonymous_4)
FNDA:304,(anonymous_5)
FNDA:1427,(anonymous_6)
FNDA:1425,(anonymous_7)
FNDA:390,(anonymous_8)
FNDA:1443,(anonymous_9)
FNDA:0,(anonymous_10)
DA:1,1
DA:17,43
DA:18,304
DA:19,106
DA:20,106
DA:22,106
DA:23,106
DA:27,304
DA:29,304
DA:32,26
DA:34,26
DA:38,304
DA:40,304
DA:41,20
DA:45,304
DA:47,304
DA:48,80
DA:52,43
DA:70,304
DA:74,1427
DA:75,1254
DA:86,173
DA:87,102
DA:88,102
DA:91,71
DA:104,304
DA:110,1425
DA:113,304
DA:115,304
DA:116,390
DA:117,0
DA:120,390
DA:121,234
DA:124,156
DA:125,156
DA:128,0
DA:139,304
DA:140,1443
DA:143,1443
DA:145,572
DA:148,871
DA:153,161
DA:154,161
DA:156,161
DA:160,161
DA:164,871
DA:169,871
DA:170,390
DA:173,871
DA:176,304
DA:178,0
DA:179,0
DA:180,0
LF:53
LH:48
BRDA:29,1,0,26
BRDA:29,1,1,278
BRDA:40,2,0,20
BRDA:40,2,1,284
BRDA:47,3,0,80
BRDA:47,3,1,224
BRDA:74,4,0,1254
BRDA:74,4,1,173
BRDA:86,5,0,102
BRDA:86,5,1,71
BRDA:110,6,0,123
BRDA:110,6,1,1302
BRDA:116,7,0,0
BRDA:116,7,1,390
BRDA:120,8,0,234
BRDA:120,8,1,156
BRDA:124,9,0,156
BRDA:124,9,1,0
BRDA:143,10,0,572
BRDA:143,10,1,871
BRDA:143,11,0,1443
BRDA:143,11,1,884
BRDA:148,12,0,161
BRDA:148,12,1,710
BRDA:160,13,0,161
BRDA:160,13,1,0
BRDA:164,14,0,312
BRDA:164,14,1,559
BRDA:169,15,0,390
BRDA:169,15,1,481
BRDA:169,16,0,871
BRDA:169,16,1,627
BRDA:173,17,0,871
BRDA:173,17,1,627
BRDA:178,18,0,0
BRDA:178,18,1,0
BRF:36
BRH:31
end_of_record
TN:
SF:./src/components/rxApp/scripts/rxAppSearch.js
FN:14,(anonymous_1)
FNF:1
FNH:0
FNDA:0,(anonymous_1)
DA:1,1
DA:15,0
LF:2
LH:1
BRF:0
BRH:0
end_of_record
TN:
SF:./src/components/rxApp/scripts/rxAtlasSearch.js
FN:9,(anonymous_1)
FN:13,(anonymous_2)
FN:14,(anonymous_3)
FNF:3
FNH:0
FNDA:0,(anonymous_1)
FNDA:0,(anonymous_2)
FNDA:0,(anonymous_3)
DA:1,1
DA:10,0
DA:14,0
DA:15,0
DA:16,0
LF:5
LH:1
BRDA:15,1,0,0
BRDA:15,1,1,0
BRF:2
BRH:0
end_of_record
TN:
SF:./src/components/rxApp/scripts/rxBillingSearch.js
FN:8,(anonymous_1)
FN:12,(anonymous_2)
FN:14,(anonymous_3)
FN:17,(anonymous_4)
FN:20,(anonymous_5)
FNF:5
FNH:0
FNDA:0,(anonymous_1)
FNDA:0,(anonymous_2)
FNDA:0,(anonymous_3)
FNDA:0,(anonymous_4)
FNDA:0,(anonymous_5)
DA:1,1
DA:9,0
DA:13,0
DA:14,0
DA:15,0
DA:17,0
DA:18,0
DA:20,0
DA:21,0
DA:22,0
DA:24,0
LF:11
LH:1
BRDA:15,1,0,0
BRDA:15,1,1,0
BRDA:18,2,0,0
BRDA:18,2,1,0
BRDA:21,3,0,0
BRDA:21,3,1,0
BRF:6
BRH:0
end_of_record
TN:
SF:./src/components/rxApp/scripts/rxPage.js
FN:128,(anonymous_1)
FN:141,(anonymous_2)
FN:150,moveLayoutAttrib
FN:167,(anonymous_4)
FN:168,(anonymous_5)
FN:172,(anonymous_6)
FNF:6
FNH:6
FNDA:3,(anonymous_1)
FNDA:3,(anonymous_2)
FNDA:3,moveLayoutAttrib
FNDA:3,(anonymous_4)
FNDA:4,(anonymous_5)
FNDA:3,(anonymous_6)
DA:1,1
DA:129,3
DA:144,3
DA:146,3
DA:147,3
DA:150,1
DA:153,3
DA:154,3
DA:157,0
DA:158,0
DA:162,3
DA:163,3
DA:164,3
DA:168,3
DA:169,4
DA:172,3
DA:173,3
DA:174,0
LF:18
LH:15
BRDA:153,1,0,3
BRDA:153,1,1,0
BRDA:153,2,0,3
BRDA:153,2,1,3
BRDA:173,3,0,0
BRDA:173,3,1,3
BRF:6
BRH:4
end_of_record
TN:
SF:./src/components/rxApp/scripts/rxStatusTag.js
FN:11,(anonymous_1)
FN:18,(anonymous_2)
FNF:2
FNH:2
FNDA:17,(anonymous_1)
FNDA:56,(anonymous_2)
DA:1,1
DA:12,17
DA:19,56
DA:20,56
DA:21,28
DA:22,28
DA:23,28
LF:7
LH:7
BRDA:20,1,0,28
BRDA:20,1,1,28
BRF:2
BRH:2
end_of_record
TN:
SF:./src/components/rxApp/scripts/rxTicketSearch.js
FN:9,(anonymous_1)
FN:13,(anonymous_2)
FN:15,(anonymous_3)
FNF:3
FNH:0
FNDA:0,(anonymous_1)
FNDA:0,(anonymous_2)
FNDA:0,(anonymous_3)
DA:1,1
DA:10,0
DA:15,0
LF:3
LH:1
BRF:0
BRH:0
end_of_record
TN:
SF:./src/components/rxAttributes/scripts/rxAttributes.js
FN:12,(anonymous_1)
FN:18,(anonymous_2)
FN:20,preLink
FN:24,(anonymous_4)
FNF:4
FNH:4
FNDA:2,(anonymous_1)
FNDA:2,(anonymous_2)
FNDA:2,preLink
FNDA:4,(anonymous_4)
DA:1,1
DA:14,2
DA:19,2
DA:22,2
DA:24,2
DA:27,4
DA:28,2
DA:33,2
DA:34,2
DA:37,2
LF:10
LH:10
BRDA:27,1,0,2
BRDA:27,1,1,2
BRF:2
BRH:2
end_of_record
TN:
SF:./src/components/rxBreadcrumbs/scripts/rxBreadcrumbs.js
FN:34,(anonymous_1)
FN:38,(anonymous_2)
FNF:2
FNH:2
FNDA:11,(anonymous_1)
FNDA:11,(anonymous_2)
DA:1,1
DA:35,11
DA:39,11
LF:3
LH:3
BRF:0
BRH:0
end_of_record
TN:
SF:./src/components/rxBulkSelect/scripts/rxBatchActions.js
FN:35,(anonymous_1)
FN:41,(anonymous_2)
FN:52,(anonymous_3)
FN:56,(anonymous_4)
FNF:4
FNH:3
FNDA:9,(anonymous_1)
FNDA:9,(anonymous_2)
FNDA:0,(anonymous_3)
FNDA:32,(anonymous_4)
DA:1,1
DA:36,9
DA:43,9
DA:48,9
DA:50,9
DA:52,9
DA:53,0
DA:56,9
DA:57,32
DA:58,32
DA:59,21
DA:62,9
DA:64,9
DA:70,0
DA:71,0
DA:73,0
LF:16
LH:12
BRDA:58,1,0,21
BRDA:58,1,1,11
BRDA:64,2,0,0
BRDA:64,2,1,9
BRDA:70,3,0,0
BRDA:70,3,1,0
BRF:6
BRH:3
end_of_record
TN:
SF:./src/components/rxBulkSelect/scripts/rxBulkSelect.js
FN:31,(anonymous_1)
FN:39,(anonymous_2)
FN:48,(anonymous_3)
FNF:3
FNH:3
FNDA:11,(anonymous_1)
FNDA:11,(anonymous_2)
FNDA:11,(anonymous_3)
DA:1,1
DA:32,11
DA:33,11
DA:43,11
DA:44,11
DA:45,11
DA:46,11
DA:48,11
DA:49,11
LF:9
LH:9
BRDA:45,1,0,11
BRDA:45,1,1,11
BRF:2
BRH:2
end_of_record
TN:
SF:./src/components/rxBulkSelect/scripts/rxBulkSelectHeaderCheck.js
FN:19,(anonymous_1)
FN:25,(anonymous_2)
FN:27,(anonymous_3)
FN:36,(anonymous_4)
FN:43,(anonymous_5)
FNF:5
FNH:5
FNDA:11,(anonymous_1)
FNDA:11,(anonymous_2)
FNDA:2,(anonymous_3)
FNDA:56,(anonymous_4)
FNDA:2,(anonymous_5)
DA:1,1
DA:20,11
DA:21,11
DA:26,11
DA:27,11
DA:28,2
DA:29,1
DA:31,1
DA:34,11
DA:36,11
DA:37,56
DA:38,56
DA:40,11
DA:41,11
DA:43,11
DA:44,2
DA:46,11
LF:17
LH:17
BRDA:28,1,0,1
BRDA:28,1,1,1
BRF:2
BRH:2
end_of_record
TN:
SF:./src/components/rxBulkSelect/scripts/rxBulkSelectMessage.js
FN:24,(anonymous_1)
FN:32,(anonymous_2)
FN:39,(anonymous_3)
FN:41,(anonymous_4)
FN:45,(anonymous_5)
FN:52,(anonymous_6)
FN:77,(anonymous_7)
FNF:7
FNH:7
FNDA:11,(anonymous_1)
FNDA:11,(anonymous_2)
FNDA:44,(anonymous_3)
FNDA:1,(anonymous_4)
FNDA:1,(anonymous_5)
FNDA:34,(anonymous_6)
FNDA:22,(anonymous_7)
DA:1,1
DA:25,11
DA:33,11
DA:35,11
DA:41,11
DA:42,1
DA:45,11
DA:46,1
DA:49,11
DA:50,11
DA:52,11
DA:53,34
DA:54,34
DA:55,34
DA:56,34
DA:65,34
DA:66,22
DA:67,22
DA:68,12
DA:71,11
DA:72,11
DA:75,11
DA:77,11
DA:78,22
DA:80,11
LF:25
LH:25
BRDA:39,1,0,11
BRDA:39,1,1,11
BRDA:55,2,0,3
BRDA:55,2,1,31
BRDA:56,3,0,3
BRDA:56,3,1,31
BRDA:65,4,0,22
BRDA:65,4,1,12
BRDA:68,5,0,11
BRDA:68,5,1,1
BRDA:68,6,0,12
BRDA:68,6,1,12
BRF:12
BRH:12
end_of_record
TN:
SF:./src/components/rxBulkSelect/scripts/rxBulkSelectRow.js
FN:21,(anonymous_1)
FN:30,(anonymous_2)
FN:32,(anonymous_3)
FNF:3
FNH:3
FNDA:11,(anonymous_1)
FNDA:29,(anonymous_2)
FNDA:6,(anonymous_3)
DA:1,1
DA:22,11
DA:31,29
DA:32,29
DA:33,6
DA:34,4
DA:36,2
LF:7
LH:7
BRDA:33,1,0,4
BRDA:33,1,1,2
BRF:2
BRH:2
end_of_record
TN:
SF:./src/components/rxBulkSelect/scripts/rxBulkSelectValidate.js
FN:13,(anonymous_1)
FN:17,(anonymous_2)
FN:20,(anonymous_3)
FNF:3
FNH:3
FNDA:2,(anonymous_1)
FNDA:2,(anonymous_2)
FNDA:2,(anonymous_3)
DA:1,1
DA:14,2
DA:18,2
DA:19,2
DA:20,2
DA:21,2
DA:22,2
DA:25,2
DA:26,2
LF:9
LH:9
BRF:0
BRH:0
end_of_record
TN:
SF:./src/components/rxCharacterCount/scripts/rxCharacterCount.js
FN:75,(anonymous_1)
FN:84,(anonymous_2)
FN:95,(anonymous_3)
FN:99,(anonymous_4)
FN:109,(anonymous_5)
FN:115,(anonymous_6)
FN:129,(anonymous_7)
FN:130,(anonymous_8)
FN:139,countSpaces
FN:147,writeLimitText
FN:163,(anonymous_11)
FN:170,(anonymous_12)
FN:172,(anonymous_13)
FNF:13
FNH:13
FNDA:15,(anonymous_1)
FNDA:19,(anonymous_2)
FNDA:15,(anonymous_3)
FNDA:4,(anonymous_4)
FNDA:15,(anonymous_5)
FNDA:15,(anonymous_6)
FNDA:90,(anonymous_7)
FNDA:29,(anonymous_8)
FNDA:8,countSpaces
FNDA:7,writeLimitText
FNDA:4,(anonymous_11)
FNDA:2,(anonymous_12)
FNDA:2,(anonymous_13)
DA:1,1
DA:76,15
DA:77,15
DA:80,15
DA:81,15
DA:84,15
DA:85,19
DA:86,19
DA:87,1
DA:89,19
DA:90,1
DA:92,19
DA:95,15
DA:96,15
DA:99,15
DA:100,4
DA:103,15
DA:112,15
DA:113,15
DA:115,15
DA:116,15
DA:117,15
DA:120,15
DA:121,15
DA:122,15
DA:123,15
DA:124,15
DA:128,15
DA:129,90
DA:131,29
DA:132,0
DA:134,29
DA:135,29
DA:136,29
DA:139,1
DA:140,8
DA:141,8
DA:147,1
DA:148,7
DA:149,7
DA:150,7
DA:152,7
DA:153,4
DA:154,4
DA:157,7
DA:158,7
DA:159,7
DA:162,15
DA:163,4
DA:164,4
DA:167,4
DA:170,15
DA:171,2
DA:172,2
DA:178,2
DA:179,2
LF:56
LH:55
BRDA:86,1,0,1
BRDA:86,1,1,18
BRDA:89,2,0,1
BRDA:89,2,1,18
BRDA:120,3,0,15
BRDA:120,3,1,7
BRDA:121,4,0,15
BRDA:121,4,1,14
BRDA:131,5,0,0
BRDA:131,5,1,29
BRDA:135,6,0,29
BRDA:135,6,1,24
BRDA:140,7,0,8
BRDA:140,7,1,4
BRDA:141,8,0,4
BRDA:141,8,1,4
BRDA:152,9,0,4
BRDA:152,9,1,3
BRDA:152,10,0,7
BRDA:152,10,1,7
BRDA:162,11,0,4
BRDA:162,11,1,11
BRF:22
BRH:21
end_of_record
TN:
SF:./src/components/rxCollapse/scripts/rxCollapse.js
FN:35,(anonymous_1)
FN:43,(anonymous_2)
FN:46,(anonymous_3)
FNF:3
FNH:3
FNDA:6,(anonymous_1)
FNDA:18,(anonymous_2)
FNDA:2,(anonymous_3)
DA:1,1
DA:36,6
DA:44,18
DA:46,18
DA:47,2
LF:5
LH:5
BRDA:44,1,0,6
BRDA:44,1,1,12
BRF:2
BRH:2
end_of_record
TN:
SF:./src/components/rxCompile/scripts/rxCompile.js
FN:7,(anonymous_1)
FN:8,(anonymous_2)
FN:10,(anonymous_3)
FN:14,(anonymous_4)
FNF:4
FNH:4
FNDA:17,(anonymous_1)
FNDA:21,(anonymous_2)
FNDA:80,(anonymous_3)
FNDA:21,(anonymous_4)
DA:1,1
DA:8,17
DA:9,21
DA:12,80
DA:17,21
DA:23,21
LF:6
LH:6
BRF:0
BRH:0
end_of_record
TN:
SF:./src/components/rxEnvironment/scripts/rxIfEnvironment.js
FN:16,(anonymous_1)
FN:21,(anonymous_2)
FN:23,preLink
FNF:3
FNH:3
FNDA:4,(anonymous_1)
FNDA:4,(anonymous_2)
FNDA:4,preLink
DA:1,1
DA:17,4
DA:22,4
DA:25,4
DA:28,4
DA:29,4
DA:32,4
LF:7
LH:7
BRF:0
BRH:0
end_of_record
TN:
SF:./src/components/rxFeedback/scripts/rxFeedback.js
FN:31,(anonymous_1)
FN:38,(anonymous_2)
FN:41,(anonymous_3)
FN:45,(anonymous_4)
FN:53,(anonymous_5)
FN:65,(anonymous_6)
FN:71,(anonymous_7)
FN:79,(anonymous_8)
FN:87,(anonymous_9)
FN:89,(anonymous_10)
FNF:10
FNH:10
FNDA:8,(anonymous_1)
FNDA:9,(anonymous_2)
FNDA:1,(anonymous_3)
FNDA:3,(anonymous_4)
FNDA:3,(anonymous_5)
FNDA:6,(anonymous_6)
FNDA:3,(anonymous_7)
FNDA:6,(anonymous_8)
FNDA:5,(anonymous_9)
FNDA:1,(anonymous_10)
DA:1,1
DA:32,8
DA:39,9
DA:41,9
DA:42,1
DA:45,9
DA:46,3
DA:48,3
DA:53,9
DA:54,3
DA:56,3
DA:57,1
DA:60,3
DA:65,9
DA:66,6
DA:72,3
DA:74,3
DA:78,9
DA:79,8
DA:80,6
DA:82,6
DA:85,6
DA:87,6
DA:88,5
DA:90,1
LF:25
LH:25
BRDA:46,1,0,1
BRDA:46,1,1,2
BRDA:56,2,0,1
BRDA:56,2,1,2
BRDA:56,3,0,3
BRDA:56,3,1,1
BRDA:78,4,0,8
BRDA:78,4,1,1
BRF:8
BRH:8
end_of_record
TN:
SF:./src/components/rxFloatingHeader/scripts/rxFloatingHeader.js
FN:46,(anonymous_1)
FN:49,(anonymous_2)
FN:50,(anonymous_3)
FN:59,(anonymous_4)
FN:62,(anonymous_5)
FN:65,(anonymous_6)
FN:96,(anonymous_7)
FN:149,(anonymous_8)
FN:155,(anonymous_9)
FN:170,(anonymous_10)
FN:184,(anonymous_11)
FN:192,(anonymous_12)
FN:202,(anonymous_13)
FN:209,(anonymous_14)
FN:224,(anonymous_15)
FN:230,(anonymous_16)
FN:236,(anonymous_17)
FN:244,(anonymous_18)
FN:248,(anonymous_19)
FNF:19
FNH:15
FNDA:3,(anonymous_1)
FNDA:3,(anonymous_2)
FNDA:0,(anonymous_3)
FNDA:3,(anonymous_4)
FNDA:3,(anonymous_5)
FNDA:0,(anonymous_6)
FNDA:6,(anonymous_7)
FNDA:3,(anonymous_8)
FNDA:9,(anonymous_9)
FNDA:3,(anonymous_10)
FNDA:4,(anonymous_11)
FNDA:4,(anonymous_12)
FNDA:4,(anonymous_13)
FNDA:6,(anonymous_14)
FNDA:1,(anonymous_15)
FNDA:2,(anonymous_16)
FNDA:2,(anonymous_17)
FNDA:0,(anonymous_18)
FNDA:0,(anonymous_19)
DA:1,1
DA:47,3
DA:50,3
DA:54,0
DA:55,0
DA:60,3
DA:62,3
DA:64,3
DA:65,0
DA:68,0
DA:71,3
DA:72,3
DA:75,3
DA:78,3
DA:81,3
DA:84,3
DA:87,3
DA:90,3
DA:91,3
DA:94,3
DA:96,3
DA:97,6
DA:101,6
DA:102,0
DA:111,6
DA:112,6
DA:113,6
DA:114,0
DA:117,6
DA:120,0
DA:122,6
DA:124,6
DA:125,6
DA:132,6
DA:133,3
DA:134,3
DA:135,3
DA:136,3
DA:137,3
DA:138,3
DA:142,3
DA:148,3
DA:149,3
DA:150,3
DA:151,3
DA:155,3
DA:156,9
DA:157,9
DA:158,3
DA:159,3
DA:160,3
DA:161,3
DA:162,3
DA:168,3
DA:170,3
DA:171,3
DA:172,2
DA:175,3
DA:177,3
DA:178,2
DA:179,2
DA:180,2
DA:184,2
DA:185,4
DA:189,2
DA:192,2
DA:193,4
DA:201,2
DA:202,2
DA:203,4
DA:204,4
DA:205,4
DA:209,2
DA:210,6
DA:211,6
DA:212,6
DA:217,1
DA:218,1
DA:219,1
DA:224,1
DA:225,1
DA:226,0
DA:230,1
DA:231,2
DA:236,1
DA:237,2
DA:244,3
DA:245,0
DA:248,3
DA:249,0
LF:90
LH:80
BRDA:54,1,0,0
BRDA:54,1,1,0
BRDA:64,2,0,0
BRDA:64,2,1,3
BRDA:64,3,0,3
BRDA:64,3,1,0
BRDA:101,4,0,0
BRDA:101,4,1,6
BRDA:101,5,0,6
BRDA:101,5,1,6
BRDA:113,6,0,0
BRDA:113,6,1,6
BRDA:117,7,0,0
BRDA:117,7,1,6
BRDA:132,8,0,3
BRDA:132,8,1,3
BRDA:135,9,0,3
BRDA:135,9,1,0
BRDA:137,10,0,3
BRDA:137,10,1,0
BRDA:157,11,0,3
BRDA:157,11,1,6
BRDA:159,12,0,3
BRDA:159,12,1,0
BRDA:159,13,0,3
BRDA:159,13,1,0
BRDA:171,14,0,2
BRDA:171,14,1,1
BRDA:177,15,0,2
BRDA:177,15,1,1
BRDA:178,16,0,2
BRDA:178,16,1,0
BRDA:217,17,0,1
BRDA:217,17,1,0
BRDA:217,18,0,1
BRDA:217,18,1,0
BRDA:225,19,0,0
BRDA:225,19,1,1
BRF:38
BRH:23
end_of_record
TN:
SF:./src/components/rxForm/scripts/rxField.js
FN:48,(anonymous_1)
FNF:1
FNH:1
FNDA:10,(anonymous_1)
DA:1,1
DA:49,10
LF:2
LH:2
BRF:0
BRH:0
end_of_record
TN:
SF:./src/components/rxForm/scripts/rxFieldContent.js
FN:54,(anonymous_1)
FNF:1
FNH:1
FNDA:8,(anonymous_1)
DA:1,1
DA:55,8
LF:2
LH:2
BRF:0
BRH:0
end_of_record
TN:
SF:./src/components/rxForm/scripts/rxFieldName.js
FN:47,(anonymous_1)
FNF:1
FNH:1
FNDA:4,(anonymous_1)
DA:1,1
DA:48,4
LF:2
LH:2
BRF:0
BRH:0
end_of_record
TN:
SF:./src/components/rxForm/scripts/rxForm.js
FN:41,(anonymous_1)
FNF:1
FNH:1
FNDA:10,(anonymous_1)
DA:1,1
DA:42,10
LF:2
LH:2
BRF:0
BRH:0
end_of_record
TN:
SF:./src/components/rxForm/scripts/rxFormFieldset.js
FN:18,(anonymous_1)
FNF:1
FNH:0
FNDA:0,(anonymous_1)
DA:1,1
DA:19,0
DA:22,0
DA:24,0
LF:4
LH:1
BRF:0
BRH:0
end_of_record
TN:
SF:./src/components/rxForm/scripts/rxFormItem.js
FN:22,(anonymous_1)
FN:38,(anonymous_2)
FN:51,(anonymous_3)
FNF:3
FNH:3
FNDA:9,(anonymous_1)
FNDA:15,(anonymous_2)
FNDA:15,(anonymous_3)
DA:1,1
DA:23,9
DA:26,9
DA:28,9
DA:39,15
DA:44,15
DA:51,15
DA:53,15
DA:55,15
DA:57,15
DA:60,15
DA:61,2
DA:67,13
DA:68,0
DA:69,0
DA:70,0
DA:71,0
DA:75,13
DA:76,13
DA:77,13
DA:79,13
DA:81,13
DA:82,2
DA:84,11
DA:87,13
DA:90,15
LF:26
LH:22
BRDA:57,1,0,15
BRDA:57,1,1,13
BRDA:60,2,0,2
BRDA:60,2,1,13
BRDA:67,3,0,0
BRDA:67,3,1,13
BRDA:81,4,0,2
BRDA:81,4,1,11
BRF:8
BRH:7
end_of_record
TN:
SF:./src/components/rxForm/scripts/rxFormSection.js
FN:50,(anonymous_1)
FNF:1
FNH:1
FNDA:10,(anonymous_1)
DA:1,1
DA:51,10
LF:2
LH:2
BRF:0
BRH:0
end_of_record
TN:
SF:./src/components/rxForm/scripts/rxHelpText.js
FN:37,(anonymous_1)
FNF:1
FNH:0
FNDA:0,(anonymous_1)
DA:1,1
DA:38,0
LF:2
LH:1
BRF:0
BRH:0
end_of_record
TN:
SF:./src/components/rxForm/scripts/rxInfix.js
FN:50,(anonymous_1)
FNF:1
FNH:1
FNDA:2,(anonymous_1)
DA:1,1
DA:51,2
LF:2
LH:2
BRF:0
BRH:0
end_of_record
TN:
SF:./src/components/rxForm/scripts/rxInlineError.js
FN:36,(anonymous_1)
FNF:1
FNH:0
FNDA:0,(anonymous_1)
DA:1,1
DA:37,0
LF:2
LH:1
BRF:0
BRH:0
end_of_record
TN:
SF:./src/components/rxForm/scripts/rxInput.js
FN:53,(anonymous_1)
FNF:1
FNH:1
FNDA:7,(anonymous_1)
DA:1,1
DA:54,7
LF:2
LH:2
BRF:0
BRH:0
end_of_record
TN:
SF:./src/components/rxForm/scripts/rxPrefix.js
FN:52,(anonymous_1)
FNF:1
FNH:1
FNDA:2,(anonymous_1)
DA:1,1
DA:53,2
LF:2
LH:2
BRF:0
BRH:0
end_of_record
TN:
SF:./src/components/rxForm/scripts/rxSuffix.js
FN:52,(anonymous_1)
FNF:1
FNH:1
FNDA:2,(anonymous_1)
DA:1,1
DA:53,2
LF:2
LH:2
BRF:0
BRH:0
end_of_record
TN:
SF:./src/components/rxInfoPanel/scripts/rxInfoPanel.js
FN:18,(anonymous_1)
FNF:1
FNH:1
FNDA:3,(anonymous_1)
DA:1,1
DA:19,3
LF:2
LH:2
BRF:0
BRH:0
end_of_record
TN:
SF:./src/components/rxLogout/scripts/rxLogout.js
FN:18,(anonymous_1)
FN:24,(anonymous_2)
FN:28,(anonymous_3)
FNF:3
FNH:3
FNDA:3,(anonymous_1)
FNDA:4,(anonymous_2)
FNDA:3,(anonymous_3)
DA:1,1
DA:19,3
DA:26,4
DA:28,4
DA:29,3
DA:33,3
DA:34,2
DA:37,3
LF:8
LH:8
BRDA:26,1,0,3
BRDA:26,1,1,1
BRDA:26,2,0,4
BRDA:26,2,1,3
BRDA:33,3,0,2
BRDA:33,3,1,1
BRF:6
BRH:6
end_of_record
TN:
SF:./src/components/rxModalAction/scripts/rxModalAction.js
FN:69,(anonymous_1)
FN:70,(anonymous_2)
FN:89,(anonymous_3)
FN:95,(anonymous_4)
FN:99,(anonymous_5)
FN:103,(anonymous_6)
FN:111,(anonymous_7)
FN:119,(anonymous_8)
FN:130,(anonymous_9)
FNF:9
FNH:9
FNDA:11,(anonymous_1)
FNDA:11,(anonymous_2)
FNDA:12,(anonymous_3)
FNDA:12,(anonymous_4)
FNDA:5,(anonymous_5)
FNDA:2,(anonymous_6)
FNDA:3,(anonymous_7)
FNDA:11,(anonymous_8)
FNDA:11,(anonymous_9)
DA:1,1
DA:70,11
DA:71,11
DA:77,11
DA:79,11
DA:81,11
DA:84,11
DA:90,12
DA:93,12
DA:95,12
DA:96,12
DA:99,12
DA:100,5
DA:103,12
DA:104,2
DA:108,2
DA:111,12
DA:112,3
DA:116,3
DA:119,12
DA:120,11
DA:122,11
DA:123,0
DA:128,11
DA:130,11
DA:131,11
DA:133,11
DA:137,11
DA:139,11
DA:140,0
DA:143,11
DA:145,11
LF:32
LH:30
BRDA:122,1,0,0
BRDA:122,1,1,11
BRDA:139,2,0,0
BRDA:139,2,1,11
BRF:4
BRH:2
end_of_record
TN:
SF:./src/components/rxModalAction/scripts/rxModalFooter.js
FN:35,(anonymous_1)
FN:38,(anonymous_2)
FN:47,(anonymous_3)
FNF:3
FNH:3
FNDA:14,(anonymous_1)
FNDA:24,(anonymous_2)
FNDA:4,(anonymous_3)
DA:1,1
DA:36,14
DA:39,24
DA:43,24
DA:47,24
DA:48,4
LF:6
LH:6
BRF:0
BRH:0
end_of_record
TN:
SF:./src/components/rxModalAction/scripts/rxModalForm.js
FN:28,(anonymous_1)
FN:42,(anonymous_2)
FN:47,(anonymous_3)
FN:56,(anonymous_4)
FN:77,(anonymous_5)
FNF:5
FNH:5
FNDA:10,(anonymous_1)
FNDA:11,(anonymous_2)
FNDA:11,(anonymous_3)
FNDA:10,(anonymous_4)
FNDA:10,(anonymous_5)
DA:1,1
DA:29,10
DA:44,11
DA:47,11
DA:48,11
DA:51,11
DA:56,11
DA:57,10
DA:59,10
DA:60,2
DA:61,2
DA:63,8
DA:64,8
DA:66,8
DA:67,8
DA:68,7
DA:71,10
DA:72,9
DA:77,11
DA:78,10
DA:83,11
LF:21
LH:21
BRDA:59,1,0,2
BRDA:59,1,1,8
BRDA:59,2,0,10
BRDA:59,2,1,9
BRDA:67,3,0,7
BRDA:67,3,1,1
BRDA:71,4,0,9
BRDA:71,4,1,1
BRF:8
BRH:8
end_of_record
TN:
SF:./src/components/rxMultiSelect/scripts/rxMultiSelect.js
FN:44,(anonymous_1)
FN:58,(anonymous_2)
FN:64,(anonymous_3)
FN:70,(anonymous_4)
FN:78,(anonymous_5)
FN:81,(anonymous_6)
FN:84,(anonymous_7)
FN:92,(anonymous_8)
FN:98,(anonymous_9)
FN:101,(anonymous_10)
FN:107,(anonymous_11)
FN:114,(anonymous_12)
FN:115,(anonymous_13)
FN:116,(anonymous_14)
FN:117,getLabel
FNF:15
FNH:15
FNDA:35,(anonymous_1)
FNDA:35,(anonymous_2)
FNDA:214,(anonymous_3)
FNDA:4,(anonymous_4)
FNDA:26,(anonymous_5)
FNDA:6,(anonymous_6)
FNDA:1165,(anonymous_7)
FNDA:175,(anonymous_8)
FNDA:35,(anonymous_9)
FNDA:4,(anonymous_10)
FNDA:2,(anonymous_11)
FNDA:272,(anonymous_12)
FNDA:272,(anonymous_13)
FNDA:272,(anonymous_14)
FNDA:16,getLabel
DA:1,1
DA:45,35
DA:59,35
DA:60,34
DA:63,35
DA:64,35
DA:65,214
DA:66,177
DA:67,177
DA:70,35
DA:71,4
DA:72,2
DA:73,2
DA:74,2
DA:78,35
DA:79,26
DA:81,35
DA:82,6
DA:84,35
DA:85,1165
DA:86,199
DA:88,966
DA:92,35
DA:93,175
DA:94,175
DA:99,35
DA:101,35
DA:102,4
DA:103,4
DA:107,35
DA:108,2
DA:111,35
DA:112,35
DA:114,35
DA:115,272
DA:116,272
DA:117,1
DA:118,16
DA:119,16
DA:122,272
DA:123,242
DA:124,30
DA:125,8
DA:126,22
DA:127,8
DA:128,8
DA:129,14
DA:130,10
DA:132,4
DA:138,35
LF:50
LH:50
BRDA:59,1,0,34
BRDA:59,1,1,1
BRDA:65,2,0,177
BRDA:65,2,1,37
BRDA:71,3,0,2
BRDA:71,3,1,2
BRDA:79,4,0,6
BRDA:79,4,1,20
BRDA:82,5,0,2
BRDA:82,5,1,4
BRDA:85,6,0,199
BRDA:85,6,1,966
BRDA:93,7,0,175
BRDA:93,7,1,0
BRDA:102,8,0,4
BRDA:102,8,1,0
BRDA:122,9,0,242
BRDA:122,9,1,30
BRDA:124,10,0,8
BRDA:124,10,1,22
BRDA:125,11,0,8
BRDA:125,11,1,0
BRDA:126,12,0,8
BRDA:126,12,1,14
BRDA:128,13,0,8
BRDA:128,13,1,0
BRDA:129,14,0,10
BRDA:129,14,1,4
BRF:28
BRH:24
end_of_record
TN:
SF:./src/components/rxMultiSelect/scripts/rxSelectOption.js
FN:23,(anonymous_1)
FN:32,(anonymous_2)
FN:35,(anonymous_3)
FN:44,(anonymous_4)
FN:46,(anonymous_5)
FN:52,(anonymous_6)
FNF:6
FNH:4
FNDA:35,(anonymous_1)
FNDA:210,(anonymous_2)
FNDA:0,(anonymous_3)
FNDA:1157,(anonymous_4)
FNDA:296,(anonymous_5)
FNDA:0,(anonymous_6)
DA:1,1
DA:24,35
DA:33,210
DA:35,210
DA:36,0
DA:37,0
DA:39,0
DA:44,210
DA:45,1157
DA:47,296
DA:50,210
DA:52,210
DA:53,0
LF:13
LH:9
BRDA:36,1,0,0
BRDA:36,1,1,0
BRF:2
BRH:0
end_of_record
TN:
SF:./src/components/rxNotify/scripts/rxNotification.js
FN:17,(anonymous_1)
FN:27,(anonymous_2)
FNF:2
FNH:2
FNDA:28,(anonymous_1)
FNDA:4,(anonymous_2)
DA:1,1
DA:18,28
DA:28,4
DA:47,1
DA:48,1
DA:52,1
LF:6
LH:6
BRDA:28,1,0,1
BRDA:28,1,1,3
BRF:2
BRH:2
end_of_record
TN:
SF:./src/components/rxNotify/scripts/rxNotifications.js
FN:17,(anonymous_1)
FN:25,(anonymous_2)
FN:30,(anonymous_3)
FN:34,(anonymous_4)
FN:38,(anonymous_5)
FN:40,(anonymous_6)
FNF:6
FNH:6
FNDA:28,(anonymous_1)
FNDA:4,(anonymous_2)
FNDA:1,(anonymous_3)
FNDA:4,(anonymous_4)
FNDA:17,(anonymous_5)
FNDA:5,(anonymous_6)
DA:1,1
DA:18,28
DA:30,4
DA:31,1
DA:35,4
DA:38,4
DA:39,17
DA:41,5
DA:44,4
LF:9
LH:9
BRDA:35,1,0,4
BRDA:35,1,1,4
BRF:2
BRH:2
end_of_record
TN:
SF:./src/components/rxOptionTable/scripts/rxFormOptionTable.js
FN:11,(anonymous_1)
FNF:1
FNH:1
FNDA:1,(anonymous_1)
DA:1,1
DA:12,1
DA:15,1
DA:16,1
LF:4
LH:4
BRF:0
BRH:0
end_of_record
TN:
SF:./src/components/rxOptionTable/scripts/rxOptionTable.js
FN:60,(anonymous_1)
FN:75,(anonymous_2)
FN:79,(anonymous_3)
FN:80,(anonymous_4)
FN:85,(anonymous_5)
FN:95,(anonymous_6)
FN:97,(anonymous_7)
FN:106,(anonymous_8)
FN:115,(anonymous_9)
FN:120,(anonymous_10)
FN:144,(anonymous_11)
FN:159,(anonymous_12)
FN:168,(anonymous_13)
FN:179,(anonymous_14)
FN:198,(anonymous_15)
FNF:15
FNH:15
FNDA:18,(anonymous_1)
FNDA:19,(anonymous_2)
FNDA:19,(anonymous_3)
FNDA:11,(anonymous_4)
FNDA:446,(anonymous_5)
FNDA:1,(anonymous_6)
FNDA:2,(anonymous_7)
FNDA:212,(anonymous_8)
FNDA:368,(anonymous_9)
FNDA:159,(anonymous_10)
FNDA:44,(anonymous_11)
FNDA:14,(anonymous_12)
FNDA:14,(anonymous_13)
FNDA:2,(anonymous_14)
FNDA:91,(anonymous_15)
DA:1,1
DA:61,18
DA:76,19
DA:77,19
DA:79,19
DA:80,19
DA:81,11
DA:85,19
DA:86,446
DA:87,186
DA:90,260
DA:91,260
DA:92,260
DA:95,19
DA:96,1
DA:97,1
DA:101,2
DA:102,2
DA:106,19
DA:107,212
DA:115,19
DA:116,368
DA:120,19
DA:122,159
DA:123,128
DA:124,61
DA:125,67
DA:126,67
DA:128,17
DA:131,50
DA:136,31
DA:144,19
DA:145,44
DA:146,33
DA:148,11
DA:159,19
DA:160,14
DA:161,14
DA:162,14
DA:168,19
DA:169,14
DA:170,5
DA:179,19
DA:180,2
DA:181,2
DA:182,2
DA:184,2
DA:186,2
DA:187,2
DA:189,0
DA:198,19
DA:199,91
DA:201,91
DA:202,0
DA:206,91
DA:207,87
DA:211,4
DA:212,4
LF:58
LH:56
BRDA:86,1,0,186
BRDA:86,1,1,260
BRDA:86,2,0,446
BRDA:86,2,1,346
BRDA:122,3,0,128
BRDA:122,3,1,31
BRDA:123,4,0,61
BRDA:123,4,1,67
BRDA:125,5,0,67
BRDA:125,5,1,0
BRDA:126,6,0,17
BRDA:126,6,1,50
BRDA:145,7,0,33
BRDA:145,7,1,11
BRDA:146,8,0,33
BRDA:146,8,1,33
BRDA:161,9,0,3
BRDA:161,9,1,11
BRDA:169,10,0,5
BRDA:169,10,1,9
BRDA:181,11,0,0
BRDA:181,11,1,2
BRDA:182,12,0,0
BRDA:182,12,1,2
BRDA:184,13,0,2
BRDA:184,13,1,0
BRDA:186,14,0,2
BRDA:186,14,1,0
BRDA:201,15,0,0
BRDA:201,15,1,91
BRDA:206,16,0,87
BRDA:206,16,1,4
BRF:32
BRH:26
end_of_record
TN:
SF:./src/components/rxPaginate/scripts/rxLoadingOverlay.js
FN:16,(anonymous_1)
FN:26,(anonymous_2)
FN:27,(anonymous_3)
FN:31,(anonymous_4)
FN:35,(anonymous_5)
FN:40,(anonymous_6)
FN:46,(anonymous_7)
FNF:7
FNH:7
FNDA:8,(anonymous_1)
FNDA:8,(anonymous_2)
FNDA:17,(anonymous_3)
FNDA:13,(anonymous_4)
FNDA:17,(anonymous_5)
FNDA:8,(anonymous_6)
FNDA:8,(anonymous_7)
DA:1,1
DA:17,8
DA:24,8
DA:27,8
DA:28,17
DA:31,8
DA:32,13
DA:35,8
DA:36,17
DA:37,17
DA:43,8
DA:44,8
DA:46,8
DA:47,8
LF:14
LH:14
BRF:0
BRH:0
end_of_record
TN:
SF:./src/components/rxPaginate/scripts/rxPaginate.js
FN:28,(anonymous_1)
FN:43,(anonymous_2)
FN:61,(anonymous_3)
FN:68,(anonymous_4)
FN:78,(anonymous_5)
FN:95,(anonymous_6)
FN:110,(anonymous_7)
FN:111,(anonymous_8)
FNF:8
FNH:7
FNDA:20,(anonymous_1)
FNDA:20,(anonymous_2)
FNDA:0,(anonymous_3)
FNDA:17,(anonymous_4)
FNDA:17,(anonymous_5)
FNDA:14,(anonymous_6)
FNDA:32,(anonymous_7)
FNDA:38,(anonymous_8)
DA:1,1
DA:29,20
DA:45,20
DA:47,20
DA:54,20
DA:55,20
DA:56,8
DA:59,20
DA:61,20
DA:62,0
DA:66,20
DA:68,8
DA:69,17
DA:70,17
DA:78,8
DA:79,17
DA:82,17
DA:84,17
DA:85,0
DA:89,17
DA:93,8
DA:95,8
DA:96,14
DA:97,14
DA:104,8
DA:106,8
DA:108,8
DA:110,8
DA:111,32
DA:112,38
DA:113,6
DA:119,8
DA:120,8
DA:123,8
DA:124,8
DA:127,8
DA:128,8
DA:130,8
DA:131,8
DA:134,8
LF:40
LH:38
BRDA:47,1,0,20
BRDA:47,1,1,12
BRDA:55,2,0,28
BRDA:55,2,1,8
BRDA:66,3,0,8
BRDA:66,3,1,12
BRDA:69,4,0,1
BRDA:69,4,1,16
BRDA:84,5,0,0
BRDA:84,5,1,17
BRDA:112,6,0,6
BRDA:112,6,1,32
BRDA:119,7,0,8
BRDA:119,7,1,0
BRDA:123,8,0,8
BRDA:123,8,1,0
BRDA:127,9,0,8
BRDA:127,9,1,0
BRDA:130,10,0,8
BRDA:130,10,1,0
BRF:20
BRH:15
end_of_record
TN:
SF:./src/components/rxPermission/scripts/rxPermission.js
FN:15,(anonymous_1)
FN:23,(anonymous_2)
FN:24,(anonymous_3)
FNF:3
FNH:3
FNDA:4,(anonymous_1)
FNDA:16,(anonymous_2)
FNDA:104,(anonymous_3)
DA:1,1
DA:16,4
DA:24,16
DA:25,104
LF:4
LH:4
BRF:0
BRH:0
end_of_record
TN:
SF:./src/components/rxRadio/scripts/rxRadio.js
FN:38,(anonymous_1)
FN:44,(anonymous_2)
FN:49,(anonymous_3)
FN:67,(anonymous_4)
FN:76,(anonymous_5)
FN:81,(anonymous_6)
FNF:6
FNH:4
FNDA:10,(anonymous_1)
FNDA:10,(anonymous_2)
FNDA:9,(anonymous_3)
FNDA:8,(anonymous_4)
FNDA:0,(anonymous_5)
FNDA:0,(anonymous_6)
DA:1,1
DA:39,10
DA:46,10
DA:47,10
DA:49,10
DA:50,9
DA:51,9
DA:52,9
DA:56,9
DA:57,9
DA:59,9
DA:63,9
DA:64,2
DA:66,9
DA:67,4
DA:68,8
DA:69,2
DA:71,6
DA:76,9
DA:77,0
DA:81,9
DA:82,0
LF:22
LH:20
BRDA:63,1,0,2
BRDA:63,1,1,7
BRDA:66,2,0,4
BRDA:66,2,1,5
BRDA:68,3,0,2
BRDA:68,3,1,6
BRF:6
BRH:6
end_of_record
TN:
SF:./src/components/rxSearchBox/scripts/rxSearchBox.js
FN:39,(anonymous_1)
FN:49,(anonymous_2)
FN:53,(anonymous_3)
FN:61,(anonymous_4)
FN:65,(anonymous_5)
FNF:5
FNH:5
FNDA:12,(anonymous_1)
FNDA:12,(anonymous_2)
FNDA:17,(anonymous_3)
FNDA:1,(anonymous_4)
FNDA:12,(anonymous_5)
DA:1,1
DA:40,12
DA:50,12
DA:51,12
DA:53,12
DA:54,17
DA:55,14
DA:57,3
DA:61,12
DA:62,1
DA:66,12
DA:67,12
DA:68,0
LF:13
LH:12
BRDA:50,1,0,12
BRDA:50,1,1,10
BRDA:51,2,0,12
BRDA:51,2,1,11
BRDA:54,3,0,14
BRDA:54,3,1,3
BRDA:54,4,0,17
BRDA:54,4,1,5
BRDA:67,5,0,0
BRDA:67,5,1,12
BRF:10
BRH:9
end_of_record
TN:
SF:./src/components/rxSelect/scripts/rxSelect.js
FN:47,(anonymous_1)
FN:53,(anonymous_2)
FN:73,(anonymous_3)
FN:82,(anonymous_4)
FN:87,(anonymous_5)
FNF:5
FNH:3
FNDA:10,(anonymous_1)
FNDA:9,(anonymous_2)
FNDA:8,(anonymous_3)
FNDA:0,(anonymous_4)
FNDA:0,(anonymous_5)
DA:1,1
DA:48,10
DA:54,9
DA:55,9
DA:56,9
DA:62,9
DA:63,9
DA:65,9
DA:69,9
DA:70,2
DA:72,9
DA:73,4
DA:74,8
DA:75,2
DA:77,6
DA:82,9
DA:83,0
DA:87,9
DA:88,0
LF:19
LH:17
BRDA:69,1,0,2
BRDA:69,1,1,7
BRDA:72,2,0,4
BRDA:72,2,1,5
BRDA:74,3,0,2
BRDA:74,3,1,6
BRF:6
BRH:6
end_of_record
TN:
SF:./src/components/rxSelectFilter/scripts/rxSelectFilter.js
FN:35,(anonymous_1)
FNF:1
FNH:1
FNDA:2,(anonymous_1)
DA:1,1
DA:36,2
LF:2
LH:2
BRF:0
BRH:0
end_of_record
TN:
SF:./src/components/rxSortableColumn/scripts/rxSortableColumn.js
FN:19,(anonymous_1)
FNF:1
FNH:1
FNDA:1,(anonymous_1)
DA:1,1
DA:20,1
LF:2
LH:2
BRF:0
BRH:0
end_of_record
TN:
SF:./src/components/rxSpinner/scripts/rxSpinner.js
FN:15,(anonymous_1)
FN:23,(anonymous_2)
FN:24,(anonymous_3)
FNF:3
FNH:3
FNDA:6,(anonymous_1)
FNDA:5,(anonymous_2)
FNDA:9,(anonymous_3)
DA:1,1
DA:16,6
DA:24,5
DA:25,9
DA:26,9
DA:27,9
DA:28,3
DA:30,6
LF:8
LH:8
BRDA:25,1,0,0
BRDA:25,1,1,9
BRDA:26,2,0,3
BRDA:26,2,1,6
BRDA:27,3,0,3
BRDA:27,3,1,6
BRF:6
BRH:5
end_of_record
TN:
SF:./src/components/rxStatusColumn/scripts/rxStatusColumn.js
FN:59,(anonymous_1)
FN:68,(anonymous_2)
FN:72,(anonymous_3)
FN:76,(anonymous_4)
FN:90,(anonymous_5)
FN:94,(anonymous_6)
FNF:6
FNH:6
FNDA:16,(anonymous_1)
FNDA:16,(anonymous_2)
FNDA:34,(anonymous_3)
FNDA:17,(anonymous_4)
FNDA:17,(anonymous_5)
FNDA:17,(anonymous_6)
DA:1,1
DA:60,16
DA:70,16
DA:72,16
DA:73,34
DA:76,16
DA:77,17
DA:78,17
DA:82,17
DA:83,17
DA:84,17
DA:85,17
DA:86,17
DA:87,17
DA:90,16
DA:91,17
DA:94,16
DA:95,17
LF:18
LH:18
BRDA:73,1,0,34
BRDA:73,1,1,29
BRDA:73,1,2,0
BRDA:82,2,0,17
BRDA:82,2,1,5
BRF:5
BRH:4
end_of_record
TN:
SF:./src/components/rxStatusColumn/scripts/rxStatusHeader.js
FN:38,(anonymous_1)
FN:40,(anonymous_2)
FNF:2
FNH:0
FNDA:0,(anonymous_1)
FNDA:0,(anonymous_2)
DA:1,1
DA:39,0
DA:41,0
LF:3
LH:1
BRF:0
BRH:0
end_of_record
TN:
SF:./src/components/rxTags/scripts/rxTags.js
FN:49,(anonymous_1)
FN:57,(anonymous_2)
FN:61,changeFocus
FN:65,(anonymous_4)
FN:69,(anonymous_5)
FN:75,(anonymous_6)
FN:83,(anonymous_7)
FN:89,(anonymous_8)
FN:95,(anonymous_9)
FN:102,(anonymous_10)
FN:106,(anonymous_11)
FN:107,(anonymous_12)
FN:113,(anonymous_13)
FNF:13
FNH:13
FNDA:16,(anonymous_1)
FNDA:21,(anonymous_2)
FNDA:2,changeFocus
FNDA:25,(anonymous_4)
FNDA:2,(anonymous_5)
FNDA:2,(anonymous_6)
FNDA:3,(anonymous_7)
FNDA:3,(anonymous_8)
FNDA:2,(anonymous_9)
FNDA:1,(anonymous_10)
FNDA:3,(anonymous_11)
FNDA:6,(anonymous_12)
FNDA:24,(anonymous_13)
DA:1,1
DA:50,16
DA:58,21
DA:59,21
DA:61,1
DA:62,2
DA:65,21
DA:66,25
DA:69,21
DA:70,2
DA:71,1
DA:75,21
DA:76,2
DA:77,1
DA:78,1
DA:79,1
DA:83,21
DA:84,3
DA:85,1
DA:89,21
DA:90,3
DA:91,3
DA:92,3
DA:95,21
DA:96,2
DA:97,2
DA:98,2
DA:101,21
DA:102,2
DA:103,1
DA:106,2
DA:107,3
DA:108,6
DA:113,21
DA:114,24
LF:35
LH:35
BRDA:62,1,0,2
BRDA:62,1,1,1
BRDA:66,2,0,25
BRDA:66,2,1,24
BRDA:70,3,0,1
BRDA:70,3,1,1
BRDA:76,4,0,1
BRDA:76,4,1,1
BRDA:84,5,0,1
BRDA:84,5,1,2
BRDA:84,6,0,3
BRDA:84,6,1,2
BRDA:101,7,0,2
BRDA:101,7,1,19
BRDA:114,8,0,24
BRDA:114,8,1,19
BRF:16
BRH:16
end_of_record
TN:
SF:./src/components/rxToggle/scripts/rxToggle.js
FN:13,(anonymous_1)
FN:16,(anonymous_2)
FN:19,(anonymous_3)
FN:20,(anonymous_4)
FNF:4
FNH:4
FNDA:2,(anonymous_1)
FNDA:2,(anonymous_2)
FNDA:6,(anonymous_3)
FNDA:6,(anonymous_4)
DA:1,1
DA:14,2
DA:17,2
DA:19,2
DA:20,6
DA:24,6
LF:6
LH:6
BRF:0
BRH:0
end_of_record
TN:
SF:./src/components/rxToggleSwitch/scripts/rxToggleSwitch.js
FN:36,(anonymous_1)
FN:48,(anonymous_2)
FN:56,(anonymous_3)
FN:60,(anonymous_4)
FN:64,(anonymous_5)
FN:68,(anonymous_6)
FNF:6
FNH:6
FNDA:9,(anonymous_1)
FNDA:46,(anonymous_2)
FNDA:70,(anonymous_3)
FNDA:5,(anonymous_4)
FNDA:63,(anonymous_5)
FNDA:6,(anonymous_6)
DA:1,1
DA:37,9
DA:49,46
DA:50,46
DA:52,46
DA:53,10
DA:56,46
DA:57,70
DA:60,46
DA:61,5
DA:64,46
DA:65,63
DA:68,46
DA:69,6
DA:70,1
DA:73,5
DA:74,5
DA:75,5
LF:18
LH:18
BRDA:49,1,0,36
BRDA:49,1,1,10
BRDA:50,2,0,36
BRDA:50,2,1,10
BRDA:52,3,0,10
BRDA:52,3,1,36
BRDA:52,4,0,46
BRDA:52,4,1,37
BRDA:61,5,0,2
BRDA:61,5,1,3
BRDA:65,6,0,41
BRDA:65,6,1,22
BRDA:69,7,0,1
BRDA:69,7,1,5
BRF:14
BRH:14
end_of_record
TN:
SF:./src/components/typeahead/scripts/typeahead.js
FN:2,(anonymous_1)
FN:3,(anonymous_2)
FN:8,(anonymous_3)
FN:9,(anonymous_4)
FN:17,(anonymous_5)
FN:24,(anonymous_6)
FN:28,(anonymous_7)
FN:29,(anonymous_8)
FN:34,(anonymous_9)
FNF:9
FNH:7
FNDA:2,(anonymous_1)
FNDA:2,(anonymous_2)
FNDA:2,(anonymous_3)
FNDA:2,(anonymous_4)
FNDA:2,(anonymous_5)
FNDA:2,(anonymous_6)
FNDA:0,(anonymous_7)
FNDA:0,(anonymous_8)
FNDA:9,(anonymous_9)
DA:1,1
DA:3,2
DA:4,2
DA:5,2
DA:6,2
DA:8,2
DA:9,2
DA:10,2
DA:12,2
DA:13,2
DA:17,2
DA:18,2
DA:20,2
DA:21,2
DA:24,2
DA:25,2
DA:28,2
DA:29,0
DA:30,0
DA:34,2
DA:35,9
DA:36,6
DA:38,3
DA:44,2
LF:24
LH:22
BRDA:12,1,0,2
BRDA:12,1,1,0
BRDA:18,2,0,1
BRDA:18,2,1,1
BRDA:25,3,0,1
BRDA:25,3,1,1
BRDA:35,4,0,6
BRDA:35,4,1,3
BRF:8
BRH:7
end_of_record
TN:
SF:./src/elements/Buttons/scripts/rxButton.js
FN:45,(anonymous_1)
FNF:1
FNH:1
FNDA:29,(anonymous_1)
DA:1,1
DA:46,29
LF:2
LH:2
BRF:0
BRH:0
end_of_record
TN:
SF:./src/elements/Forms/scripts/rxCheckbox.js
FN:39,(anonymous_1)
FN:45,(anonymous_2)
FN:50,(anonymous_3)
FN:68,(anonymous_4)
FN:77,(anonymous_5)
FN:82,(anonymous_6)
FNF:6
FNH:4
FNDA:39,(anonymous_1)
FNDA:70,(anonymous_2)
FNDA:73,(anonymous_3)
FNDA:8,(anonymous_4)
FNDA:0,(anonymous_5)
FNDA:0,(anonymous_6)
DA:1,1
DA:40,39
DA:47,70
DA:48,70
DA:50,70
DA:51,73
DA:52,73
DA:53,73
DA:57,73
DA:58,73
DA:60,73
DA:64,73
DA:65,2
DA:67,73
DA:68,4
DA:69,8
DA:70,2
DA:72,6
DA:77,73
DA:78,0
DA:82,73
DA:83,0
LF:22
LH:20
BRDA:64,1,0,2
BRDA:64,1,1,71
BRDA:67,2,0,4
BRDA:67,2,1,69
BRDA:69,3,0,2
BRDA:69,3,1,6
BRF:6
BRH:6
end_of_record
TN:
SF:./src/elements/Forms/scripts/rxDatePicker.js
FN:29,(anonymous_1)
FN:41,buildCalendarDays
FN:74,generateCalendarYears
FN:95,(anonymous_4)
FN:103,(anonymous_5)
FN:109,(anonymous_6)
FN:117,(anonymous_7)
FN:135,(anonymous_8)
FN:144,(anonymous_9)
FN:152,(anonymous_10)
FN:160,(anonymous_11)
FN:171,(anonymous_12)
FN:184,(anonymous_13)
FN:191,(anonymous_14)
FN:202,(anonymous_15)
FN:213,(anonymous_16)
FN:224,(anonymous_17)
FNF:17
FNH:16
FNDA:35,(anonymous_1)
FNDA:82,buildCalendarDays
FNDA:82,generateCalendarYears
FNDA:39,(anonymous_4)
FNDA:6,(anonymous_5)
FNDA:0,(anonymous_6)
FNDA:4,(anonymous_7)
FNDA:4,(anonymous_8)
FNDA:7947,(anonymous_9)
FNDA:13023,(anonymous_10)
FNDA:7947,(anonymous_11)
FNDA:41,(anonymous_12)
FNDA:82,(anonymous_13)
FNDA:41,(anonymous_14)
FNDA:41,(anonymous_15)
FNDA:40,(anonymous_16)
FNDA:40,(anonymous_17)
DA:1,1
DA:30,35
DA:31,35
DA:41,1
DA:42,82
DA:43,82
DA:44,82
DA:45,82
DA:48,82
DA:49,2534
DA:50,2534
DA:54,82
DA:55,160
DA:56,160
DA:60,82
DA:61,176
DA:62,176
DA:65,82
DA:74,1
DA:75,82
DA:76,82
DA:77,82
DA:79,82
DA:80,1722
DA:82,1722
DA:85,82
DA:88,35
DA:96,39
DA:98,39
DA:100,39
DA:103,39
DA:104,6
DA:105,4
DA:109,39
DA:110,0
DA:117,39
DA:118,4
DA:119,4
DA:121,2
DA:122,2
DA:125,2
DA:126,2
DA:129,4
DA:135,39
DA:136,4
DA:137,4
DA:144,39
DA:145,7947
DA:152,39
DA:153,13023
DA:160,39
DA:161,7947
DA:162,875
DA:164,7072
DA:171,39
DA:172,41
DA:173,8
DA:175,33
DA:177,33
DA:178,29
DA:184,39
DA:185,82
DA:186,82
DA:187,82
DA:188,82
DA:191,39
DA:192,41
DA:193,41
DA:194,41
DA:196,41
DA:197,41
DA:202,39
DA:203,41
DA:204,41
DA:205,41
DA:207,41
DA:208,41
DA:213,39
DA:214,40
DA:215,40
DA:217,40
DA:218,28
DA:220,12
DA:224,39
DA:225,40
LF:85
LH:84
BRDA:104,1,0,4
BRDA:104,1,1,2
BRDA:119,2,0,2
BRDA:119,2,1,2
BRDA:161,3,0,875
BRDA:161,3,1,7072
BRDA:172,4,0,8
BRDA:172,4,1,33
BRDA:177,5,0,29
BRDA:177,5,1,4
BRDA:192,6,0,41
BRDA:192,6,1,0
BRDA:196,7,0,41
BRDA:196,7,1,0
BRDA:203,8,0,41
BRDA:203,8,1,0
BRDA:207,9,0,41
BRDA:207,9,1,0
BRDA:217,10,0,28
BRDA:217,10,1,12
BRF:20
BRH:16
end_of_record
TN:
SF:./src/elements/Forms/scripts/rxTimePicker.js
FN:29,(anonymous_1)
FN:38,(anonymous_2)
FN:45,(anonymous_3)
FN:63,(anonymous_4)
FN:70,(anonymous_5)
FN:83,(anonymous_6)
FN:102,(anonymous_7)
FN:121,(anonymous_8)
FN:139,(anonymous_9)
FNF:9
FNH:9
FNDA:26,(anonymous_1)
FNDA:26,(anonymous_2)
FNDA:22,(anonymous_3)
FNDA:7,(anonymous_4)
FNDA:4,(anonymous_5)
FNDA:3,(anonymous_6)
FNDA:26,(anonymous_7)
FNDA:3,(anonymous_8)
FNDA:29,(anonymous_9)
DA:1,1
DA:30,26
DA:39,26
DA:41,26
DA:43,26
DA:45,26
DA:46,22
DA:49,22
DA:50,22
DA:51,22
DA:52,22
DA:54,22
DA:55,11
DA:56,11
DA:57,11
DA:58,11
DA:59,11
DA:63,26
DA:64,7
DA:70,26
DA:71,4
DA:72,4
DA:73,1
DA:75,3
DA:83,26
DA:84,3
DA:91,3
DA:93,3
DA:96,3
DA:98,3
DA:102,26
DA:103,26
DA:105,26
DA:106,13
DA:111,13
DA:114,13
DA:116,13
DA:121,26
DA:122,3
DA:124,3
DA:125,3
DA:130,3
DA:133,3
DA:135,0
DA:139,26
DA:140,29
LF:46
LH:45
BRDA:54,1,0,11
BRDA:54,1,1,11
BRDA:71,2,0,4
BRDA:71,2,1,0
BRDA:72,3,0,1
BRDA:72,3,1,3
BRDA:105,4,0,13
BRDA:105,4,1,13
BRDA:124,5,0,3
BRDA:124,5,1,0
BRDA:140,6,0,29
BRDA:140,6,1,13
BRF:12
BRH:10
end_of_record
TN:
SF:./src/elements/Metadata/scripts/rxMeta.js
FN:52,(anonymous_1)
FNF:1
FNH:0
FNDA:0,(anonymous_1)
DA:1,1
DA:53,0
LF:2
LH:1
BRF:0
BRH:0
end_of_record
TN:
SF:./src/elements/Metadata/scripts/rxMetadata.js
FN:52,(anonymous_1)
FNF:1
FNH:0
FNDA:0,(anonymous_1)
DA:1,1
DA:53,0
LF:2
LH:1
BRF:0
BRH:0
end_of_record
TN:
SF:./src/utilities/Apply/scripts/Apply.js
FN:18,(anonymous_1)
FN:19,(anonymous_2)
FNF:2
FNH:0
FNDA:0,(anonymous_1)
FNDA:0,(anonymous_2)
DA:1,1
DA:19,0
DA:20,0
LF:3
LH:1
BRF:0
BRH:0
end_of_record
TN:
SF:./src/utilities/Auth/scripts/Auth.js
FN:28,(anonymous_1)
FNF:1
FNH:1
FNDA:9,(anonymous_1)
DA:1,1
DA:29,9
DA:31,9
DA:32,9
DA:33,9
DA:35,9
LF:6
LH:6
BRF:0
BRH:0
end_of_record
TN:
SF:./src/utilities/Environment/scripts/Environment.js
FN:45,(anonymous_1)
FN:107,(anonymous_2)
FN:113,(anonymous_3)
FN:127,(anonymous_4)
FN:131,(anonymous_5)
FN:149,(anonymous_6)
FN:164,(anonymous_7)
FN:179,(anonymous_8)
FN:181,(anonymous_9)
FN:187,(anonymous_10)
FN:188,(anonymous_11)
FNF:11
FNH:11
FNDA:124,(anonymous_1)
FNDA:8,(anonymous_2)
FNDA:834,(anonymous_3)
FNDA:64,(anonymous_4)
FNDA:84,(anonymous_5)
FNDA:3,(anonymous_6)
FNDA:1,(anonymous_7)
FNDA:150,(anonymous_8)
FNDA:750,(anonymous_9)
FNDA:620,(anonymous_10)
FNDA:102,(anonymous_11)
DA:1,1
DA:56,124
DA:107,124
DA:108,8
DA:113,124
DA:114,834
DA:115,679
DA:118,155
DA:127,124
DA:129,64
DA:131,64
DA:132,84
DA:135,64
DA:136,1
DA:138,1
DA:141,64
DA:149,124
DA:151,3
DA:153,2
DA:155,1
DA:164,124
DA:166,1
DA:168,1
DA:179,124
DA:180,150
DA:181,150
DA:182,750
DA:184,150
DA:187,124
DA:188,620
DA:194,124
DA:199,124
DA:204,124
DA:209,124
DA:214,124
LF:35
LH:35
BRDA:66,1,0,0
BRDA:66,1,1,124
BRDA:108,2,0,8
BRDA:108,2,1,8
BRDA:108,2,2,6
BRDA:108,2,3,7
BRDA:114,3,0,679
BRDA:114,3,1,155
BRDA:129,4,0,64
BRDA:129,4,1,59
BRDA:135,5,0,1
BRDA:135,5,1,63
BRDA:151,6,0,2
BRDA:151,6,1,1
BRDA:166,7,0,1
BRDA:166,7,1,0
BRDA:166,8,0,1
BRDA:166,8,1,1
BRDA:180,9,0,150
BRDA:180,9,1,150
BRF:20
BRH:18
end_of_record
TN:
SF:./src/utilities/ErrorFormatter/scripts/ErrorFormatter.js
FN:37,(anonymous_1)
FN:43,(anonymous_2)
FNF:2
FNH:2
FNDA:16,(anonymous_1)
FNDA:5,(anonymous_2)
DA:1,1
DA:43,16
DA:44,5
DA:45,5
DA:46,4
DA:48,5
DA:51,16
LF:7
LH:7
BRDA:44,1,0,5
BRDA:44,1,1,1
BRDA:45,2,0,4
BRDA:45,2,1,1
BRDA:46,3,0,1
BRDA:46,3,1,3
BRF:6
BRH:6
end_of_record
TN:
SF:./src/utilities/Identity/scripts/Identity.js
FN:16,(anonymous_1)
FN:24,(anonymous_2)
FNF:2
FNH:2
FNDA:11,(anonymous_1)
FNDA:2,(anonymous_2)
DA:1,1
DA:17,11
DA:24,11
DA:25,2
DA:34,2
DA:37,11
LF:6
LH:6
BRF:0
BRH:0
end_of_record
TN:
SF:./src/utilities/NotifyProperties/scripts/NotifyProperties.js
FN:44,(anonymous_1)
FN:47,(anonymous_2)
FN:49,(anonymous_3)
FN:50,(anonymous_4)
FN:51,(anonymous_5)
FN:57,(anonymous_6)
FN:58,(anonymous_7)
FN:64,register
FNF:8
FNH:8
FNDA:17,(anonymous_1)
FNDA:34,(anonymous_2)
FNDA:49,(anonymous_3)
FNDA:110,(anonymous_4)
FNDA:68,(anonymous_5)
FNDA:150,(anonymous_6)
FNDA:49,(anonymous_7)
FNDA:65,register
DA:1,1
DA:45,17
DA:47,17
DA:48,34
DA:49,34
DA:50,49
DA:51,110
DA:52,110
DA:56,34
DA:57,150
DA:59,49
DA:60,49
DA:61,49
DA:64,34
DA:65,65
DA:70,17
LF:16
LH:16
BRF:0
BRH:0
end_of_record
TN:
SF:./src/utilities/Page/scripts/Page.js
FN:14,(anonymous_1)
FN:15,(anonymous_2)
FNF:2
FNH:2
FNDA:22,(anonymous_1)
FNDA:122,(anonymous_2)
DA:1,1
DA:15,22
DA:16,122
DA:17,0
DA:20,122
DA:27,122
DA:29,122
DA:34,122
DA:36,503
DA:40,122
LF:10
LH:9
BRDA:16,1,0,0
BRDA:16,1,1,122
BRDA:22,2,0,122
BRDA:22,2,1,6
BRDA:27,3,0,122
BRDA:27,3,1,0
BRDA:27,4,0,122
BRDA:27,4,1,122
BRF:8
BRH:6
end_of_record
TN:
SF:./src/utilities/PageTracking/scripts/PageTracking.js
FN:19,(anonymous_1)
FN:45,(anonymous_2)
FN:54,(anonymous_3)
FN:59,PageTrackingObject
FN:99,(anonymous_5)
FN:106,(anonymous_6)
FN:110,updateCache
FN:119,(anonymous_8)
FN:133,(anonymous_9)
FN:141,(anonymous_10)
FN:145,(anonymous_11)
FN:161,(anonymous_12)
FN:186,(anonymous_13)
FN:191,(anonymous_14)
FN:195,(anonymous_15)
FN:199,(anonymous_16)
FN:203,(anonymous_17)
FN:207,(anonymous_18)
FN:211,(anonymous_19)
FN:215,(anonymous_20)
FN:219,(anonymous_21)
FN:223,(anonymous_22)
FN:227,(anonymous_23)
FN:231,(anonymous_24)
FN:236,(anonymous_25)
FN:252,(anonymous_26)
FNF:26
FNH:26
FNDA:59,(anonymous_1)
FNDA:71,(anonymous_2)
FNDA:11,(anonymous_3)
FNDA:71,PageTrackingObject
FNDA:1,(anonymous_5)
FNDA:1266,(anonymous_6)
FNDA:153,updateCache
FNDA:23,(anonymous_8)
FNDA:38,(anonymous_9)
FNDA:166,(anonymous_10)
FNDA:138,(anonymous_11)
FNDA:150,(anonymous_12)
FNDA:2,(anonymous_13)
FNDA:480,(anonymous_14)
FNDA:482,(anonymous_15)
FNDA:1513,(anonymous_16)
FNDA:548,(anonymous_17)
FNDA:140,(anonymous_18)
FNDA:2,(anonymous_19)
FNDA:10,(anonymous_20)
FNDA:2,(anonymous_21)
FNDA:2,(anonymous_22)
FNDA:220,(anonymous_23)
FNDA:12,(anonymous_24)
FNDA:12,(anonymous_25)
FNDA:427,(anonymous_26)
DA:1,1
DA:20,59
DA:46,71
DA:47,71
DA:48,71
DA:55,11
DA:59,1
DA:60,71
DA:74,71
DA:76,71
DA:77,71
DA:82,71
DA:83,58
DA:84,58
DA:87,71
DA:91,71
DA:92,3
DA:95,71
DA:100,1
DA:101,1
DA:106,1266
DA:110,1
DA:111,153
DA:112,153
DA:113,153
DA:114,153
DA:117,71
DA:119,71
DA:125,23
DA:126,23
DA:131,23
DA:133,71
DA:134,38
DA:141,71
DA:142,166
DA:143,15
DA:145,166
DA:146,138
DA:147,138
DA:148,138
DA:149,138
DA:150,70
DA:152,138
DA:161,71
DA:162,150
DA:163,150
DA:170,150
DA:171,85
DA:172,85
DA:179,65
DA:180,65
DA:186,71
DA:187,2
DA:188,2
DA:191,71
DA:192,480
DA:195,71
DA:196,482
DA:199,71
DA:200,1513
DA:203,71
DA:204,548
DA:207,71
DA:208,140
DA:211,71
DA:212,2
DA:215,71
DA:216,10
DA:219,71
DA:220,2
DA:223,71
DA:224,2
DA:227,71
DA:228,220
DA:231,71
DA:232,12
DA:236,12
DA:240,12
DA:243,12
DA:246,12
DA:247,11
DA:252,71
DA:253,427
DA:256,71
DA:258,71
DA:262,59
LF:86
LH:86
BRDA:46,1,0,62
BRDA:46,1,1,9
BRDA:82,2,0,58
BRDA:82,2,1,13
BRDA:91,3,0,3
BRDA:91,3,1,68
BRDA:91,4,0,71
BRDA:91,4,1,12
BRDA:91,4,2,4
BRDA:112,5,0,55
BRDA:112,5,1,98
BRDA:113,6,0,153
BRDA:113,6,1,0
BRDA:142,7,0,15
BRDA:142,7,1,151
BRDA:149,8,0,70
BRDA:149,8,1,68
BRDA:162,9,0,150
BRDA:162,9,1,104
BRDA:170,10,0,85
BRDA:170,10,1,65
BRDA:170,11,0,150
BRDA:170,11,1,105
BRDA:179,12,0,65
BRDA:179,12,1,52
BRDA:187,13,0,1
BRDA:187,13,1,1
BRDA:246,14,0,11
BRDA:246,14,1,1
BRF:29
BRH:28
end_of_record
TN:
SF:./src/utilities/Paginate/scripts/Paginate.js
FN:15,(anonymous_1)
FN:16,(anonymous_2)
FNF:2
FNH:2
FNDA:4,(anonymous_1)
FNDA:8,(anonymous_2)
DA:1,1
DA:16,4
DA:17,8
DA:18,0
DA:20,8
DA:21,0
DA:22,0
DA:24,8
DA:26,8
DA:33,8
DA:34,3
DA:35,2
DA:38,8
DA:39,8
LF:14
LH:11
BRDA:17,1,0,0
BRDA:17,1,1,8
BRDA:20,2,0,0
BRDA:20,2,1,8
BRDA:24,3,0,8
BRDA:24,3,1,0
BRDA:33,4,0,3
BRDA:33,4,1,5
BRDA:34,5,0,2
BRDA:34,5,1,1
BRF:10
BRH:7
end_of_record
TN:
SF:./src/utilities/PaginatedItemsSummary/scripts/PaginatedItemsSummary.js
FN:14,(anonymous_1)
FN:15,(anonymous_2)
FNF:2
FNH:2
FNDA:23,(anonymous_1)
FNDA:112,(anonymous_2)
DA:1,1
DA:15,23
DA:16,112
DA:17,112
DA:18,6
DA:20,112
DA:21,112
LF:7
LH:7
BRDA:17,1,0,6
BRDA:17,1,1,106
BRDA:17,2,0,112
BRDA:17,2,1,111
BRF:4
BRH:4
end_of_record
TN:
SF:./src/utilities/Permission/scripts/Permission.js
FN:16,(anonymous_1)
FN:19,(anonymous_2)
FN:20,(anonymous_3)
FN:25,(anonymous_4)
FN:36,(anonymous_5)
FN:44,(anonymous_6)
FN:58,(anonymous_7)
FN:72,(anonymous_8)
FN:85,(anonymous_9)
FNF:9
FNH:9
FNDA:56,(anonymous_1)
FNDA:7,(anonymous_2)
FNDA:12,(anonymous_3)
FNDA:403,(anonymous_4)
FNDA:403,(anonymous_5)
FNDA:723,(anonymous_6)
FNDA:404,(anonymous_7)
FNDA:244,(anonymous_8)
FNDA:159,(anonymous_9)
DA:1,1
DA:17,56
DA:19,56
DA:20,7
DA:21,12
DA:25,56
DA:26,403
DA:36,56
DA:39,403
DA:40,7
DA:43,403
DA:44,403
DA:45,723
DA:58,56
DA:59,404
DA:60,404
DA:72,56
DA:73,244
DA:85,56
DA:86,159
DA:89,56
LF:21
LH:21
BRDA:39,1,0,7
BRDA:39,1,1,396
BRDA:60,2,0,403
BRDA:60,2,1,1
BRDA:60,3,0,404
BRDA:60,3,1,403
BRDA:60,3,2,403
BRDA:60,3,3,403
BRF:8
BRH:8
end_of_record
TN:
SF:./src/utilities/SelectFilter/scripts/SelectFilter.js
FN:96,(anonymous_1)
FN:137,(anonymous_2)
FN:148,init
FN:149,(anonymous_4)
FN:164,isItemValid
FN:165,(anonymous_6)
FN:170,(anonymous_7)
FNF:7
FNH:7
FNDA:4,(anonymous_1)
FNDA:4,(anonymous_2)
FNDA:4,init
FNDA:8,(anonymous_4)
FNDA:9,isItemValid
FNDA:13,(anonymous_6)
FNDA:5,(anonymous_7)
DA:1,1
DA:97,4
DA:138,4
DA:144,4
DA:146,4
DA:148,1
DA:149,4
DA:150,8
DA:151,8
DA:158,8
DA:159,4
DA:164,1
DA:165,9
DA:166,13
DA:170,4
DA:171,5
DA:172,4
DA:173,4
DA:175,5
DA:178,4
LF:20
LH:20
BRDA:141,1,0,4
BRDA:141,1,1,0
BRDA:150,2,0,8
BRDA:150,2,1,0
BRDA:158,3,0,4
BRDA:158,3,1,4
BRDA:171,4,0,4
BRDA:171,4,1,1
BRF:8
BRH:6
end_of_record
TN:
SF:./src/utilities/Session/scripts/Session.js
FN:20,(anonymous_1)
FN:28,(anonymous_2)
FN:37,(anonymous_3)
FN:44,(anonymous_4)
FN:48,(anonymous_5)
FN:52,(anonymous_6)
FN:56,(anonymous_7)
FN:60,(anonymous_8)
FN:64,(anonymous_9)
FN:68,(anonymous_10)
FN:78,(anonymous_11)
FNF:11
FNH:11
FNDA:46,(anonymous_1)
FNDA:22,(anonymous_2)
FNDA:30,(anonymous_3)
FNDA:25,(anonymous_4)
FNDA:1,(anonymous_5)
FNDA:14,(anonymous_6)
FNDA:2,(anonymous_7)
FNDA:1,(anonymous_8)
FNDA:1,(anonymous_9)
FNDA:4,(anonymous_10)
FNDA:2,(anonymous_11)
DA:1,1
DA:21,46
DA:22,46
DA:28,46
DA:29,22
DA:33,22
DA:34,13
DA:37,9
DA:38,30
DA:41,9
DA:44,46
DA:45,25
DA:48,46
DA:49,1
DA:52,46
DA:53,14
DA:56,46
DA:57,2
DA:60,46
DA:61,1
DA:64,46
DA:65,1
DA:68,46
DA:69,4
DA:71,4
DA:72,3
DA:75,1
DA:78,46
DA:79,2
DA:80,2
DA:83,46
LF:31
LH:31
BRDA:31,1,0,22
BRDA:31,1,1,0
BRDA:33,2,0,13
BRDA:33,2,1,9
BRDA:33,3,0,22
BRDA:33,3,1,9
BRDA:38,4,0,25
BRDA:38,4,1,5
BRDA:71,5,0,3
BRDA:71,5,1,1
BRDA:80,6,0,1
BRDA:80,6,1,1
BRF:12
BRH:11
end_of_record
TN:
SF:./src/utilities/SessionStorage/scripts/SessionStorage.js
FN:24,(anonymous_1)
FN:25,(anonymous_2)
FN:29,(anonymous_3)
FN:33,(anonymous_4)
FN:37,(anonymous_5)
FN:41,(anonymous_6)
FN:45,(anonymous_7)
FN:49,(anonymous_8)
FN:54,(anonymous_9)
FNF:9
FNH:9
FNDA:24,(anonymous_1)
FNDA:21,(anonymous_2)
FNDA:1,(anonymous_3)
FNDA:2,(anonymous_4)
FNDA:1,(anonymous_5)
FNDA:26,(anonymous_6)
FNDA:7,(anonymous_7)
FNDA:18,(anonymous_8)
FNDA:48,(anonymous_9)
DA:1,1
DA:25,24
DA:26,21
DA:29,24
DA:30,1
DA:33,24
DA:34,2
DA:37,24
DA:38,1
DA:41,24
DA:42,26
DA:45,24
DA:46,7
DA:49,24
DA:50,18
DA:51,18
DA:54,24
DA:55,48
DA:56,48
DA:57,48
DA:59,0
DA:62,48
LF:22
LH:21
BRDA:50,1,0,18
BRDA:50,1,1,0
BRDA:50,2,0,18
BRDA:50,2,1,0
BRF:4
BRH:2
end_of_record
TN:
SF:./src/utilities/Status/scripts/Status.js
FN:171,(anonymous_1)
FN:175,(anonymous_2)
FN:182,(anonymous_3)
FN:193,(anonymous_4)
FN:203,(anonymous_5)
FN:212,(anonymous_6)
FN:221,(anonymous_7)
FN:230,(anonymous_8)
FN:237,(anonymous_9)
FN:246,(anonymous_10)
FN:250,(anonymous_11)
FN:254,(anonymous_12)
FN:259,(anonymous_13)
FN:281,(anonymous_14)
FN:294,(anonymous_15)
FN:299,(anonymous_16)
FN:305,(anonymous_17)
FN:311,(anonymous_18)
FN:316,(anonymous_19)
FN:326,(anonymous_20)
FN:332,(anonymous_21)
FN:336,(anonymous_22)
FN:341,(anonymous_23)
FNF:23
FNH:23
FNDA:12,(anonymous_1)
FNDA:1,(anonymous_2)
FNDA:6,(anonymous_3)
FNDA:1,(anonymous_4)
FNDA:1,(anonymous_5)
FNDA:2,(anonymous_6)
FNDA:2,(anonymous_7)
FNDA:10,(anonymous_8)
FNDA:10,(anonymous_9)
FNDA:1,(anonymous_10)
FNDA:1,(anonymous_11)
FNDA:12,(anonymous_12)
FNDA:10,(anonymous_13)
FNDA:1,(anonymous_14)
FNDA:5,(anonymous_15)
FNDA:1,(anonymous_16)
FNDA:1,(anonymous_17)
FNDA:1,(anonymous_18)
FNDA:2,(anonymous_19)
FNDA:1,(anonymous_20)
FNDA:1,(anonymous_21)
FNDA:1,(anonymous_22)
FNDA:1,(anonymous_23)
DA:1,1
DA:172,12
DA:173,12
DA:174,12
DA:176,1
DA:183,6
DA:194,1
DA:204,1
DA:213,2
DA:222,2
DA:230,12
DA:231,10
DA:237,12
DA:238,10
DA:239,10
DA:240,10
DA:246,12
DA:247,1
DA:250,12
DA:251,1
DA:254,12
DA:255,12
DA:256,12
DA:259,12
DA:260,10
DA:262,10
DA:266,1
DA:267,0
DA:269,1
DA:272,10
DA:273,5
DA:276,10
DA:277,10
DA:278,10
DA:281,12
DA:282,1
DA:287,1
DA:288,1
DA:289,0
DA:291,1
DA:294,12
DA:295,5
DA:296,5
DA:299,12
DA:300,1
DA:301,1
DA:302,1
DA:305,12
DA:306,1
DA:307,1
DA:308,1
DA:311,12
DA:312,1
DA:313,1
DA:316,12
DA:317,2
DA:318,2
DA:326,12
DA:327,1
DA:328,1
DA:329,1
DA:332,12
DA:333,1
DA:336,12
DA:337,1
DA:338,1
DA:341,12
DA:342,1
DA:343,1
DA:346,12
LF:70
LH:68
BRDA:231,1,0,10
BRDA:231,1,1,10
BRDA:238,2,0,0
BRDA:238,2,1,10
BRDA:239,3,0,10
BRDA:239,3,1,0
BRDA:239,4,0,10
BRDA:239,4,1,10
BRDA:262,5,0,1
BRDA:262,5,1,9
BRDA:262,6,0,10
BRDA:262,6,1,10
BRDA:266,7,0,0
BRDA:266,7,1,1
BRDA:272,8,0,5
BRDA:272,8,1,5
BRDA:273,9,0,5
BRDA:273,9,1,3
BRDA:276,10,0,10
BRDA:276,10,1,0
BRDA:282,11,0,0
BRDA:282,11,1,1
BRDA:288,12,0,0
BRDA:288,12,1,1
BRDA:291,13,0,1
BRDA:291,13,1,0
BRDA:295,14,0,4
BRDA:295,14,1,1
BRDA:296,15,0,5
BRDA:296,15,1,1
BRDA:301,16,0,0
BRDA:301,16,1,1
BRDA:307,17,0,1
BRDA:307,17,1,0
BRDA:312,18,0,0
BRDA:312,18,1,1
BRDA:317,19,0,0
BRDA:317,19,1,2
BRDA:327,20,0,0
BRDA:327,20,1,1
BRDA:328,21,0,1
BRDA:328,21,1,0
BRDA:333,22,0,0
BRDA:333,22,1,1
BRDA:343,23,0,1
BRDA:343,23,1,1
BRF:46
BRH:32
end_of_record
TN:
SF:./src/utilities/StatusUtil/scripts/StatusUtil.js
FN:16,(anonymous_1)
FN:18,(anonymous_2)
FNF:2
FNH:2
FNDA:2,(anonymous_1)
FNDA:2,(anonymous_2)
DA:1,1
DA:17,2
DA:19,2
LF:3
LH:3
BRDA:19,1,0,2
BRDA:19,1,1,1
BRF:2
BRH:2
end_of_record
TN:
SF:./src/utilities/TokenInterceptor/scripts/TokenInterceptor.js
FN:19,(anonymous_1)
FN:22,(anonymous_2)
FN:25,(anonymous_3)
FN:32,(anonymous_4)
FNF:4
FNH:4
FNDA:783,(anonymous_1)
FNDA:5,(anonymous_2)
FNDA:4,(anonymous_3)
FNDA:7,(anonymous_4)
DA:1,1
DA:20,783
DA:22,783
DA:23,5
DA:24,5
DA:31,4
DA:32,4
DA:33,7
DA:34,2
DA:38,4
DA:39,2
DA:42,4
LF:12
LH:12
BRDA:33,1,0,2
BRDA:33,1,1,5
BRDA:38,2,0,2
BRDA:38,2,1,2
BRF:4
BRH:4
end_of_record
TN:
SF:./src/utilities/UnauthorizedInterceptor/scripts/UnauthorizedInterceptor.js
FN:21,(anonymous_1)
FN:23,(anonymous_2)
FN:31,(anonymous_3)
FN:35,(anonymous_4)
FNF:4
FNH:3
FNDA:7,(anonymous_1)
FNDA:0,(anonymous_2)
FNDA:6,(anonymous_3)
FNDA:6,(anonymous_4)
DA:1,1
DA:22,7
DA:29,0
DA:32,6
DA:33,6
DA:36,6
DA:37,5
DA:38,5
DA:41,6
DA:45,7
LF:10
LH:9
BRDA:32,1,0,1
BRDA:32,1,1,5
BRDA:36,2,0,5
BRDA:36,2,1,1
BRF:4
BRH:4
end_of_record
TN:
SF:./src/utilities/UtcOffsets/scripts/UtcOffsets.js
FNF:0
FNH:0
DA:1,1
LF:1
LH:1
BRF:0
BRH:0
end_of_record
TN:
SF:./src/utilities/devicePaths/scripts/devicePaths.js
FNF:0
FNH:0
DA:1,1
LF:1
LH:1
BRF:0
BRH:0
end_of_record
TN:
SF:./src/utilities/encoreRoutes/scripts/encoreRoutes.js
FN:11,(anonymous_1)
FN:22,(anonymous_2)
FN:28,(anonymous_3)
FN:57,(anonymous_4)
FN:62,(anonymous_5)
FN:66,(anonymous_6)
FNF:6
FNH:6
FNDA:29,(anonymous_1)
FNDA:1,(anonymous_2)
FNDA:3,(anonymous_3)
FNDA:42,(anonymous_4)
FNDA:4,(anonymous_5)
FNDA:4,(anonymous_6)
DA:1,1
DA:17,29
DA:18,29
DA:20,29
DA:22,29
DA:23,1
DA:28,29
DA:29,3
DA:34,29
DA:35,29
DA:37,1
DA:38,1
DA:39,1
DA:42,5
DA:43,5
DA:44,5
DA:47,5
DA:48,5
DA:49,5
DA:52,18
DA:53,18
DA:57,29
DA:58,42
DA:59,42
DA:61,42
DA:63,4
DA:64,4
DA:67,4
DA:68,1
DA:69,1
DA:71,3
DA:75,42
DA:78,29
LF:33
LH:33
BRDA:35,1,0,1
BRDA:35,1,1,5
BRDA:35,1,2,5
BRDA:35,1,3,18
BRDA:67,2,0,1
BRDA:67,2,1,3
BRDA:75,3,0,42
BRDA:75,3,1,37
BRF:8
BRH:8
end_of_record
TN:
SF:./src/utilities/feedbackApi/scripts/feedbackApi.js
FNF:0
FNH:0
DA:1,1
LF:1
LH:1
BRF:0
BRH:0
end_of_record
TN:
SF:./src/utilities/feedbackTypes/scripts/feedbackTypes.js
FNF:0
FNH:0
DA:1,1
LF:1
LH:1
BRF:0
BRH:0
end_of_record
TN:
SF:./src/utilities/hotkeys/scripts/hotkeys.js
FNF:0
FNH:0
LF:0
LH:0
BRF:0
BRH:0
end_of_record
TN:
SF:./src/utilities/routesCdnPath/scripts/routesCdnPath.js
FN:30,(anonymous_1)
FN:33,(anonymous_2)
FNF:2
FNH:2
FNDA:783,(anonymous_1)
FNDA:25,(anonymous_2)
DA:1,1
DA:31,783
DA:33,783
DA:34,25
DA:37,25
DA:40,25
DA:43,25
LF:7
LH:7
BRDA:34,1,0,25
BRDA:34,1,1,21
BRF:2
BRH:2
end_of_record
TN:
SF:./src/utilities/rxAge/scripts/rxAge.js
FN:64,(anonymous_1)
FN:65,(anonymous_2)
FN:99,(anonymous_3)
FN:114,(anonymous_4)
FNF:4
FNH:4
FNDA:10,(anonymous_1)
FNDA:14,(anonymous_2)
FNDA:9,(anonymous_3)
FNDA:24,(anonymous_4)
DA:1,1
DA:65,10
DA:66,14
DA:67,1
DA:68,13
DA:69,1
DA:72,12
DA:73,12
DA:74,12
DA:75,12
DA:76,12
DA:77,12
DA:78,12
DA:79,12
DA:81,12
DA:83,1
DA:84,11
DA:86,9
DA:91,12
DA:93,12
DA:94,12
DA:96,12
DA:97,3
DA:99,3
DA:100,9
DA:104,12
DA:105,10
DA:108,12
DA:109,11
DA:112,12
DA:114,12
DA:115,24
DA:116,12
DA:118,12
LF:34
LH:34
BRDA:66,1,0,1
BRDA:66,1,1,13
BRDA:68,2,0,1
BRDA:68,2,1,12
BRDA:81,3,0,1
BRDA:81,3,1,11
BRDA:84,4,0,9
BRDA:84,4,1,2
BRDA:91,5,0,5
BRDA:91,5,1,7
BRDA:96,6,0,3
BRDA:96,6,1,9
BRDA:100,7,0,9
BRDA:100,7,1,0
BRDA:104,8,0,10
BRDA:104,8,1,2
BRDA:108,9,0,11
BRDA:108,9,1,1
BRDA:115,10,0,12
BRDA:115,10,1,12
BRDA:120,11,0,3
BRDA:120,11,1,9
BRF:22
BRH:21
end_of_record
TN:
SF:./src/utilities/rxAppRoutes/scripts/rxAppRoutes.js
FN:8,(anonymous_1)
FN:9,(anonymous_2)
FN:21,(anonymous_3)
FN:22,(anonymous_4)
FN:39,(anonymous_5)
FN:43,(anonymous_6)
FN:68,(anonymous_7)
FN:82,(anonymous_8)
FN:92,(anonymous_9)
FN:108,(anonymous_10)
FN:109,(anonymous_11)
FN:120,(anonymous_12)
FN:121,(anonymous_13)
FN:123,(anonymous_14)
FN:128,(anonymous_15)
FN:129,(anonymous_16)
FN:131,(anonymous_17)
FN:142,(anonymous_18)
FN:143,(anonymous_19)
FN:150,(anonymous_20)
FN:154,(anonymous_21)
FN:155,(anonymous_22)
FN:159,(anonymous_23)
FN:166,(anonymous_24)
FNF:24
FNH:21
FNDA:51,(anonymous_1)
FNDA:64,(anonymous_2)
FNDA:220,(anonymous_3)
FNDA:328,(anonymous_4)
FNDA:29,(anonymous_5)
FNDA:56,(anonymous_6)
FNDA:5,(anonymous_7)
FNDA:6,(anonymous_8)
FNDA:43,(anonymous_9)
FNDA:16,(anonymous_10)
FNDA:16,(anonymous_11)
FNDA:7,(anonymous_12)
FNDA:6,(anonymous_13)
FNDA:1,(anonymous_14)
FNDA:3,(anonymous_15)
FNDA:3,(anonymous_16)
FNDA:0,(anonymous_17)
FNDA:3,(anonymous_18)
FNDA:3,(anonymous_19)
FNDA:0,(anonymous_20)
FNDA:78,(anonymous_21)
FNDA:45,(anonymous_22)
FNDA:43,(anonymous_23)
FNDA:0,(anonymous_24)
DA:1,1
DA:9,51
DA:10,64
DA:12,64
DA:13,64
DA:17,64
DA:18,0
DA:21,64
DA:22,220
DA:24,328
DA:27,328
DA:28,131
DA:33,328
DA:36,220
DA:39,64
DA:40,29
DA:41,29
DA:43,29
DA:44,56
DA:45,56
DA:46,16
DA:47,16
DA:48,40
DA:50,13
DA:51,13
DA:52,9
DA:53,9
DA:56,56
DA:57,25
DA:58,1
DA:60,24
DA:65,29
DA:68,64
DA:69,5
DA:71,5
DA:73,2
DA:75,3
DA:78,5
DA:82,64
DA:83,6
DA:85,6
DA:86,8
DA:87,8
DA:89,6
DA:92,64
DA:94,43
DA:96,43
DA:99,64
DA:109,16
DA:110,16
DA:111,16
DA:112,1
DA:113,1
DA:116,15
DA:121,7
DA:122,6
DA:124,1
DA:129,3
DA:130,3
DA:132,0
DA:143,3
DA:144,3
DA:147,3
DA:149,3
DA:151,0
DA:155,78
DA:156,45
DA:161,43
DA:163,43
DA:164,43
DA:167,0
DA:172,51
LF:72
LH:68
BRDA:10,1,0,64
BRDA:10,1,1,64
BRDA:17,2,0,0
BRDA:17,2,1,64
BRDA:27,3,0,131
BRDA:27,3,1,197
BRDA:45,4,0,16
BRDA:45,4,1,40
BRDA:48,5,0,13
BRDA:48,5,1,27
BRDA:51,6,0,9
BRDA:51,6,1,4
BRDA:56,7,0,25
BRDA:56,7,1,31
BRDA:57,8,0,1
BRDA:57,8,1,24
BRDA:71,9,0,2
BRDA:71,9,1,3
BRDA:111,10,0,1
BRDA:111,10,1,15
BRF:20
BRH:19
end_of_record
TN:
SF:./src/utilities/rxAutoSave/scripts/rxAutoSave.js
FN:350,(anonymous_1)
FN:396,(anonymous_2)
FN:405,(anonymous_3)
FN:420,(anonymous_4)
FN:435,(anonymous_5)
FN:442,(anonymous_6)
FN:448,(anonymous_7)
FN:454,(anonymous_8)
FN:463,(anonymous_9)
FN:471,(anonymous_10)
FN:477,(anonymous_11)
FN:485,(anonymous_12)
FN:501,(anonymous_13)
FN:508,(anonymous_14)
FN:528,(anonymous_15)
FN:532,(anonymous_16)
FN:536,(anonymous_17)
FN:540,(anonymous_18)
FN:547,update
FN:567,(anonymous_20)
FN:574,(anonymous_21)
FNF:21
FNH:21
FNDA:17,(anonymous_1)
FNDA:63,(anonymous_2)
FNDA:503,(anonymous_3)
FNDA:337,(anonymous_4)
FNDA:166,(anonymous_5)
FNDA:57,(anonymous_6)
FNDA:57,(anonymous_7)
FNDA:110,(anonymous_8)
FNDA:3,(anonymous_9)
FNDA:114,(anonymous_10)
FNDA:53,(anonymous_11)
FNDA:63,(anonymous_12)
FNDA:110,(anonymous_13)
FNDA:57,(anonymous_14)
FNDA:3,(anonymous_15)
FNDA:2,(anonymous_16)
FNDA:1,(anonymous_17)
FNDA:4,(anonymous_18)
FNDA:53,update
FNDA:59,(anonymous_20)
FNDA:59,(anonymous_21)
DA:1,1
DA:381,17
DA:396,17
DA:397,63
DA:398,63
DA:399,63
DA:405,17
DA:406,503
DA:420,17
DA:421,337
DA:422,337
DA:423,74
DA:430,337
DA:435,17
DA:436,166
DA:437,166
DA:438,166
DA:442,17
DA:443,57
DA:448,17
DA:449,57
DA:454,17
DA:455,110
DA:456,110
DA:457,110
DA:463,17
DA:464,3
DA:465,3
DA:466,3
DA:467,3
DA:471,17
DA:472,114
DA:477,17
DA:478,53
DA:479,53
DA:480,53
DA:485,17
DA:486,63
DA:487,63
DA:497,63
DA:499,63
DA:501,63
DA:502,110
DA:503,110
DA:508,63
DA:509,57
DA:510,57
DA:513,0
DA:514,0
DA:517,57
DA:521,57
DA:522,57
DA:527,63
DA:529,3
DA:533,2
DA:537,1
DA:541,4
DA:545,63
DA:547,1
DA:549,53
DA:553,53
DA:556,53
DA:559,53
DA:565,63
DA:567,63
DA:568,59
DA:570,58
DA:574,63
DA:575,59
DA:576,57
DA:580,63
DA:581,1
DA:584,63
LF:73
LH:71
BRDA:399,1,0,63
BRDA:399,1,1,0
BRDA:406,2,0,503
BRDA:406,2,1,57
BRDA:422,3,0,74
BRDA:422,3,1,263
BRDA:472,4,0,114
BRDA:472,4,1,0
BRDA:486,5,0,63
BRDA:486,5,1,48
BRDA:502,6,0,110
BRDA:502,6,1,0
BRDA:510,7,0,0
BRDA:510,7,1,57
BRDA:510,8,0,57
BRDA:510,8,1,2
BRDA:568,9,0,58
BRDA:568,9,1,1
BRDA:575,10,0,57
BRDA:575,10,1,2
BRDA:580,11,0,1
BRDA:580,11,1,62
BRF:22
BRH:18
end_of_record
TN:
SF:./src/utilities/rxBreadcrumbsSvc/scripts/rxBreadcrumbsSvc.js
FN:9,(anonymous_1)
FN:17,(anonymous_2)
FN:24,(anonymous_3)
FN:31,(anonymous_4)
FN:68,(anonymous_5)
FNF:5
FNH:5
FNDA:17,(anonymous_1)
FNDA:17,(anonymous_2)
FNDA:40,(anonymous_3)
FNDA:36,(anonymous_4)
FNDA:2,(anonymous_5)
DA:1,1
DA:11,17
DA:15,17
DA:17,17
DA:19,17
DA:21,17
DA:24,17
DA:26,40
DA:30,40
DA:31,9
DA:34,36
DA:35,1
DA:39,40
DA:68,17
DA:69,2
DA:75,17
LF:16
LH:16
BRDA:30,1,0,9
BRDA:30,1,1,31
BRDA:30,2,0,40
BRDA:30,2,1,9
BRDA:34,3,0,1
BRDA:34,3,1,35
BRDA:34,4,0,36
BRDA:34,4,1,9
BRDA:71,5,0,2
BRDA:71,5,1,1
BRF:10
BRH:10
end_of_record
TN:
SF:./src/utilities/rxBulkSelectController/scripts/rxBulkSelectController.js
FN:9,(anonymous_1)
FN:24,(anonymous_2)
FN:29,(anonymous_3)
FN:34,(anonymous_4)
FN:38,(anonymous_5)
FN:42,(anonymous_6)
FN:43,(anonymous_7)
FN:48,(anonymous_8)
FN:53,(anonymous_9)
FN:59,(anonymous_10)
FN:64,(anonymous_11)
FN:70,(anonymous_12)
FN:76,(anonymous_13)
FN:80,(anonymous_14)
FN:84,(anonymous_15)
FNF:15
FNH:15
FNDA:17,(anonymous_1)
FNDA:20,(anonymous_2)
FNDA:20,(anonymous_3)
FNDA:30,(anonymous_4)
FNDA:4,(anonymous_5)
FNDA:4,(anonymous_6)
FNDA:12,(anonymous_7)
FNDA:2,(anonymous_8)
FNDA:2,(anonymous_9)
FNDA:2,(anonymous_10)
FNDA:2,(anonymous_11)
FNDA:16,(anonymous_12)
FNDA:6,(anonymous_13)
FNDA:3,(anonymous_14)
FNDA:11,(anonymous_15)
DA:1,1
DA:10,17
DA:12,17
DA:19,17
DA:20,17
DA:22,17
DA:24,17
DA:25,20
DA:26,20
DA:29,17
DA:30,20
DA:31,20
DA:34,17
DA:35,30
DA:38,17
DA:39,4
DA:42,17
DA:43,4
DA:44,12
DA:48,17
DA:49,2
DA:50,2
DA:53,17
DA:54,2
DA:55,2
DA:56,2
DA:59,17
DA:60,2
DA:61,2
DA:64,17
DA:65,2
DA:66,2
DA:67,2
DA:70,17
DA:71,16
DA:72,12
DA:76,17
DA:77,6
DA:80,17
DA:81,3
DA:84,17
DA:85,11
DA:86,11
LF:43
LH:43
BRDA:71,1,0,12
BRDA:71,1,1,4
BRDA:85,2,0,11
BRDA:85,2,1,0
BRF:4
BRH:3
end_of_record
TN:
SF:./src/utilities/rxBulkSelectUtils/scripts/rxBulkSelectUtils.js
FN:8,(anonymous_1)
FN:11,(anonymous_2)
FN:16,(anonymous_3)
FN:17,(anonymous_4)
FNF:4
FNH:4
FNDA:11,(anonymous_1)
FNDA:2,(anonymous_2)
FNDA:2,(anonymous_3)
FNDA:6,(anonymous_4)
DA:1,1
DA:9,11
DA:11,11
DA:12,2
DA:16,11
DA:17,2
DA:18,6
DA:22,11
LF:8
LH:8
BRF:0
BRH:0
end_of_record
TN:
SF:./src/utilities/rxBytesConvert/scripts/rxBytesConvert.js
FN:16,(anonymous_1)
FN:17,(anonymous_2)
FNF:2
FNH:2
FNDA:16,(anonymous_1)
FNDA:15,(anonymous_2)
DA:1,1
DA:17,16
DA:18,15
DA:19,15
DA:22,15
DA:24,9
DA:25,6
DA:26,6
DA:27,2
DA:30,3
DA:31,3
DA:34,6
DA:38,15
DA:41,15
DA:42,13
DA:44,2
LF:16
LH:16
BRDA:22,1,0,9
BRDA:22,1,1,6
BRDA:22,2,0,15
BRDA:22,2,1,8
BRDA:24,3,0,6
BRDA:24,3,1,3
BRDA:26,4,0,2
BRDA:26,4,1,4
BRDA:41,5,0,13
BRDA:41,5,1,2
BRF:10
BRH:10
end_of_record
TN:
SF:./src/utilities/rxCapitalize/scripts/rxCapitalize.js
FN:8,(anonymous_1)
FN:9,(anonymous_2)
FNF:2
FNH:2
FNDA:2,(anonymous_1)
FNDA:2,(anonymous_2)
DA:1,1
DA:9,2
DA:10,2
DA:11,1
DA:13,1
LF:5
LH:5
BRDA:10,1,0,1
BRDA:10,1,1,1
BRF:2
BRH:2
end_of_record
TN:
SF:./src/utilities/rxDOMHelper/scripts/rxDOMHelper.js
FN:12,(anonymous_1)
FN:13,(anonymous_2)
FN:21,(anonymous_3)
FN:36,(anonymous_4)
FN:43,(anonymous_5)
FN:47,(anonymous_6)
FN:51,(anonymous_7)
FN:63,(anonymous_8)
FN:97,(anonymous_9)
FN:101,(anonymous_10)
FNF:10
FNH:5
FNDA:75,(anonymous_1)
FNDA:0,(anonymous_2)
FNDA:0,(anonymous_3)
FNDA:2,(anonymous_4)
FNDA:2,(anonymous_5)
FNDA:0,(anonymous_6)
FNDA:0,(anonymous_7)
FNDA:16,(anonymous_8)
FNDA:0,(anonymous_9)
FNDA:248,(anonymous_10)
DA:1,1
DA:13,75
DA:16,0
DA:17,0
DA:18,0
DA:21,75
DA:23,0
DA:24,0
DA:25,0
DA:26,0
DA:27,0
DA:28,0
DA:29,0
DA:30,0
DA:31,0
DA:32,0
DA:33,0
DA:36,75
DA:37,2
DA:38,1
DA:40,2
DA:43,75
DA:44,2
DA:47,75
DA:48,0
DA:51,75
DA:52,0
DA:55,0
DA:63,75
DA:65,16
DA:66,16
DA:70,16
DA:71,16
DA:75,16
DA:80,16
DA:81,13
DA:82,0
DA:89,16
DA:90,1
DA:92,15
DA:97,75
DA:98,0
DA:101,75
DA:102,248
DA:105,75
LF:45
LH:26
BRDA:17,1,0,0
BRDA:17,1,1,0
BRDA:17,1,2,0
BRDA:17,1,3,0
BRDA:27,2,0,0
BRDA:27,2,1,0
BRDA:28,3,0,0
BRDA:28,3,1,0
BRDA:37,4,0,1
BRDA:37,4,1,1
BRDA:55,5,0,0
BRDA:55,5,1,0
BRDA:66,6,0,0
BRDA:66,6,1,16
BRDA:66,7,0,16
BRDA:66,7,1,1
BRDA:80,8,0,13
BRDA:80,8,1,3
BRDA:89,9,0,1
BRDA:89,9,1,15
BRF:20
BRH:9
end_of_record
TN:
SF:./src/utilities/rxDiskSize/scripts/rxDiskSize.js
FN:16,(anonymous_1)
FN:17,(anonymous_2)
FNF:2
FNH:2
FNDA:13,(anonymous_1)
FNDA:12,(anonymous_2)
DA:1,1
DA:17,13
DA:18,12
DA:19,12
DA:21,12
DA:22,6
DA:23,3
DA:25,3
DA:26,3
DA:30,12
LF:10
LH:10
BRDA:21,1,0,6
BRDA:21,1,1,6
BRDA:22,2,0,3
BRDA:22,2,1,3
BRF:4
BRH:4
end_of_record
TN:
SF:./src/utilities/rxEnvironmentMatch/scripts/rxEnvironmentMatch.js
FN:17,(anonymous_1)
FN:18,(anonymous_2)
FNF:2
FNH:2
FNDA:24,(anonymous_1)
FNDA:48,(anonymous_2)
DA:1,1
DA:18,24
DA:20,48
DA:23,48
DA:25,48
DA:26,48
LF:6
LH:6
BRDA:23,1,0,24
BRDA:23,1,1,24
BRDA:26,2,0,24
BRDA:26,2,1,24
BRF:4
BRH:4
end_of_record
TN:
SF:./src/utilities/rxEnvironmentUrl/scripts/rxEnvironmentUrl.js
FN:18,(anonymous_1)
FN:19,(anonymous_2)
FNF:2
FNH:2
FNDA:96,(anonymous_1)
FNDA:287,(anonymous_2)
DA:1,1
DA:19,96
DA:20,287
DA:23,287
LF:4
LH:4
BRDA:23,1,0,56
BRDA:23,1,1,231
BRF:2
BRH:2
end_of_record
TN:
SF:./src/utilities/rxFavicon/scripts/rxFavicon.js
FN:22,(anonymous_1)
FN:26,(anonymous_2)
FN:50,(anonymous_3)
FN:52,(anonymous_4)
FNF:4
FNH:4
FNDA:6,(anonymous_1)
FNDA:6,(anonymous_2)
FNDA:10,(anonymous_3)
FNDA:5,(anonymous_4)
DA:1,1
DA:23,6
DA:28,6
DA:31,6
DA:32,1
DA:34,1
DA:38,5
DA:39,5
DA:40,5
DA:43,5
DA:50,5
DA:51,10
DA:53,5
DA:56,5
LF:14
LH:14
BRDA:31,1,0,1
BRDA:31,1,1,5
BRDA:39,2,0,5
BRDA:39,2,1,1
BRDA:40,3,0,5
BRDA:40,3,1,1
BRF:6
BRH:6
end_of_record
TN:
SF:./src/utilities/rxFeedbackController/scripts/rxFeedbackController.js
FN:9,(anonymous_1)
FN:11,(anonymous_2)
FNF:2
FNH:2
FNDA:4,(anonymous_1)
FNDA:1,(anonymous_2)
DA:1,1
DA:11,4
DA:12,1
DA:15,4
DA:18,4
DA:21,4
DA:22,1
LF:7
LH:7
BRDA:21,1,0,1
BRDA:21,1,1,3
BRF:2
BRH:2
end_of_record
TN:
SF:./src/utilities/rxFeedbackSvc/scripts/rxFeedbackSvc.js
FN:9,(anonymous_1)
FN:15,(anonymous_2)
FN:22,(anonymous_3)
FNF:3
FNH:3
FNDA:14,(anonymous_1)
FNDA:15,(anonymous_2)
FNDA:3,(anonymous_3)
DA:1,1
DA:10,14
DA:15,14
DA:16,15
DA:20,14
DA:22,14
DA:23,3
DA:24,3
DA:30,3
DA:33,3
DA:34,3
DA:36,3
DA:37,3
DA:41,14
LF:14
LH:14
BRDA:36,1,0,3
BRDA:36,1,1,0
BRF:2
BRH:1
end_of_record
TN:
SF:./src/utilities/rxFormUtils/scripts/rxFormUtils.js
FN:20,(anonymous_1)
FN:27,(anonymous_2)
FN:40,(anonymous_3)
FNF:3
FNH:3
FNDA:5,(anonymous_1)
FNDA:4,(anonymous_2)
FNDA:3,(anonymous_3)
DA:1,1
DA:21,5
DA:27,5
DA:28,4
DA:29,4
DA:31,4
DA:32,3
DA:34,4
DA:40,5
DA:41,3
DA:42,3
DA:44,3
DA:45,3
DA:46,2
DA:47,2
DA:48,2
DA:49,2
DA:51,3
DA:54,5
LF:19
LH:19
BRDA:31,1,0,3
BRDA:31,1,1,1
BRDA:31,2,0,4
BRDA:31,2,1,3
BRDA:45,3,0,2
BRDA:45,3,1,1
BRF:6
BRH:6
end_of_record
TN:
SF:./src/utilities/rxHideIfUkAccount/scripts/rxHideIfUkAccount.js
FN:11,(anonymous_1)
FN:14,(anonymous_2)
FNF:2
FNH:2
FNDA:31,(anonymous_1)
FNDA:2,(anonymous_2)
DA:1,1
DA:12,31
DA:15,2
DA:19,31
LF:4
LH:4
BRF:0
BRH:0
end_of_record
TN:
SF:./src/utilities/rxLocalStorage/scripts/LocalStorage.js
FN:10,(anonymous_1)
FNF:1
FNH:1
FNDA:93,(anonymous_1)
DA:1,1
DA:11,93
LF:2
LH:2
BRF:0
BRH:0
end_of_record
TN:
SF:./src/utilities/rxLocalStorage/scripts/rxLocalStorage.js
FN:23,(anonymous_1)
FN:24,(anonymous_2)
FN:28,(anonymous_3)
FN:32,(anonymous_4)
FN:36,(anonymous_5)
FN:40,(anonymous_6)
FN:44,(anonymous_7)
FN:48,(anonymous_8)
FN:53,(anonymous_9)
FNF:9
FNH:9
FNDA:143,(anonymous_1)
FNDA:173,(anonymous_2)
FNDA:73,(anonymous_3)
FNDA:2,(anonymous_4)
FNDA:1,(anonymous_5)
FNDA:113,(anonymous_6)
FNDA:7,(anonymous_7)
FNDA:158,(anonymous_8)
FNDA:510,(anonymous_9)
DA:1,1
DA:24,143
DA:25,173
DA:28,143
DA:29,73
DA:32,143
DA:33,2
DA:36,143
DA:37,1
DA:40,143
DA:41,113
DA:44,143
DA:45,7
DA:48,143
DA:49,158
DA:50,158
DA:53,143
DA:54,510
DA:55,510
DA:56,510
DA:58,0
DA:61,510
LF:22
LH:21
BRDA:49,1,0,158
BRDA:49,1,1,0
BRDA:49,2,0,158
BRDA:49,2,1,0
BRF:4
BRH:2
end_of_record
TN:
SF:./src/utilities/rxModalCtrl/scripts/rxModalCtrl.js
FN:9,(anonymous_1)
FN:11,(anonymous_2)
FNF:2
FNH:2
FNDA:7,(anonymous_1)
FNDA:4,(anonymous_2)
DA:1,1
DA:11,7
DA:12,4
DA:15,7
DA:18,7
LF:5
LH:5
BRF:0
BRH:0
end_of_record
TN:
SF:./src/utilities/rxModalFooterTemplates/scripts/rxModalFooterTemplates.js
FN:16,(anonymous_1)
FN:26,(anonymous_2)
FN:29,(anonymous_3)
FN:41,(anonymous_4)
FNF:4
FNH:4
FNDA:14,(anonymous_1)
FNDA:15,(anonymous_2)
FNDA:27,(anonymous_3)
FNDA:26,(anonymous_4)
DA:1,1
DA:17,14
DA:18,14
DA:20,14
DA:27,15
DA:28,15
DA:29,15
DA:30,27
DA:42,26
DA:43,22
DA:45,4
LF:11
LH:11
BRDA:42,1,0,22
BRDA:42,1,1,4
BRF:2
BRH:2
end_of_record
TN:
SF:./src/utilities/rxNestedElement/scripts/rxNestedElement.js
FN:28,(anonymous_1)
FN:29,(anonymous_2)
FN:49,(anonymous_3)
FNF:3
FNH:3
FNDA:31,(anonymous_1)
FNDA:68,(anonymous_2)
FNDA:30,(anonymous_3)
DA:1,1
DA:29,31
DA:30,68
DA:32,68
DA:41,68
DA:42,52
DA:49,52
DA:52,68
LF:8
LH:8
BRDA:30,1,0,68
BRDA:30,1,1,6
BRDA:41,2,0,52
BRDA:41,2,1,16
BRF:4
BRH:4
end_of_record
TN:
SF:./src/utilities/rxNotify/scripts/rxNotify.js
FN:79,(anonymous_1)
FN:107,(anonymous_2)
FN:134,dismissAfterTimeout
FN:138,(anonymous_4)
FN:152,(anonymous_5)
FN:166,(anonymous_6)
FN:171,(anonymous_7)
FN:183,(anonymous_8)
FN:184,(anonymous_9)
FN:196,(anonymous_10)
FN:197,(anonymous_11)
FN:214,(anonymous_12)
FN:229,dismiss
FN:234,(anonymous_14)
FN:297,(anonymous_15)
FN:340,processRouteChange
FNF:16
FNH:16
FNDA:97,(anonymous_1)
FNDA:49,(anonymous_2)
FNDA:3,dismissAfterTimeout
FNDA:2,(anonymous_4)
FNDA:4,(anonymous_5)
FNDA:1,(anonymous_6)
FNDA:2,(anonymous_7)
FNDA:6,(anonymous_8)
FNDA:6,(anonymous_9)
FNDA:6,(anonymous_10)
FNDA:2,(anonymous_11)
FNDA:4,(anonymous_12)
FNDA:13,dismiss
FNDA:1,(anonymous_14)
FNDA:53,(anonymous_15)
FNDA:6,processRouteChange
DA:1,1
DA:80,97
DA:81,97
DA:84,97
DA:87,97
DA:89,97
DA:107,97
DA:109,49
DA:110,6
DA:111,1
DA:116,48
DA:117,3
DA:121,48
DA:122,46
DA:134,1
DA:136,3
DA:138,3
DA:139,2
DA:152,97
DA:153,4
DA:154,4
DA:157,4
DA:160,4
DA:161,1
DA:162,3
DA:163,3
DA:166,3
DA:167,1
DA:171,4
DA:172,2
DA:173,2
DA:183,97
DA:184,6
DA:185,6
DA:196,97
DA:197,6
DA:199,2
DA:203,6
DA:214,97
DA:215,4
DA:217,3
DA:229,1
DA:231,13
DA:233,13
DA:234,1
DA:235,1
DA:297,97
DA:298,53
DA:302,53
DA:305,53
DA:308,53
DA:311,53
DA:312,5
DA:316,53
DA:319,53
DA:322,53
DA:323,3
DA:327,53
DA:328,46
DA:329,7
DA:330,6
DA:331,1
DA:332,1
DA:336,53
DA:340,97
DA:341,6
DA:342,6
DA:346,97
LF:68
LH:68
BRDA:109,1,0,6
BRDA:109,1,1,43
BRDA:110,2,0,1
BRDA:110,2,1,5
BRDA:116,3,0,3
BRDA:116,3,1,45
BRDA:121,4,0,46
BRDA:121,4,1,2
BRDA:160,5,0,1
BRDA:160,5,1,3
BRDA:162,6,0,3
BRDA:162,6,1,0
BRDA:172,7,0,2
BRDA:172,7,1,0
BRDA:215,8,0,3
BRDA:215,8,1,1
BRDA:233,9,0,1
BRDA:233,9,1,12
BRDA:302,10,0,53
BRDA:302,10,1,12
BRDA:308,11,0,53
BRDA:308,11,1,32
BRDA:311,12,0,5
BRDA:311,12,1,48
BRDA:322,13,0,3
BRDA:322,13,1,50
BRDA:327,14,0,46
BRDA:327,14,1,7
BRDA:329,15,0,6
BRDA:329,15,1,1
BRDA:331,16,0,1
BRDA:331,16,1,0
BRF:32
BRH:29
end_of_record
TN:
SF:./src/utilities/rxPageTitle/scripts/rxPageTitle.js
FN:23,(anonymous_1)
FN:27,(anonymous_2)
FN:36,(anonymous_3)
FN:41,(anonymous_4)
FN:44,(anonymous_5)
FN:47,(anonymous_6)
FN:55,(anonymous_7)
FN:60,(anonymous_8)
FNF:8
FNH:8
FNDA:12,(anonymous_1)
FNDA:12,(anonymous_2)
FNDA:12,(anonymous_3)
FNDA:3,(anonymous_4)
FNDA:1,(anonymous_5)
FNDA:7,(anonymous_6)
FNDA:5,(anonymous_7)
FNDA:10,(anonymous_8)
DA:1,1
DA:24,12
DA:27,12
DA:28,12
DA:29,2
DA:31,10
DA:36,12
DA:37,12
DA:40,12
DA:42,3
DA:45,1
DA:48,7
DA:49,7
DA:56,5
DA:57,5
DA:61,10
LF:16
LH:16
BRDA:28,1,0,2
BRDA:28,1,1,10
BRF:2
BRH:2
end_of_record
TN:
SF:./src/utilities/rxPaginateUtils/scripts/rxPaginateUtils.js
FN:8,(anonymous_1)
FN:11,(anonymous_2)
FN:28,(anonymous_3)
FNF:3
FNH:3
FNDA:74,(anonymous_1)
FNDA:125,(anonymous_2)
FNDA:8,(anonymous_3)
DA:1,1
DA:9,74
DA:11,74
DA:12,125
DA:13,125
DA:14,125
DA:16,125
DA:28,74
DA:29,8
DA:30,8
DA:32,8
DA:38,74
LF:12
LH:12
BRDA:14,1,0,16
BRDA:14,1,1,109
BRF:2
BRH:2
end_of_record
TN:
SF:./src/utilities/rxPromiseNotifications/scripts/rxPromiseNotifications.js
FN:20,(anonymous_1)
FN:28,(anonymous_2)
FN:41,(anonymous_3)
FN:65,(anonymous_4)
FN:88,(anonymous_5)
FN:118,(anonymous_6)
FN:120,(anonymous_7)
FNF:7
FNH:7
FNDA:28,(anonymous_1)
FNDA:6,(anonymous_2)
FNDA:6,(anonymous_3)
FNDA:1,(anonymous_4)
FNDA:8,(anonymous_5)
FNDA:3,(anonymous_6)
FNDA:3,(anonymous_7)
DA:1,1
DA:21,28
DA:28,28
DA:29,6
DA:30,4
DA:41,28
DA:42,6
DA:44,4
DA:45,4
DA:47,4
DA:52,4
DA:53,2
DA:56,4
DA:65,28
DA:66,1
DA:67,1
DA:88,28
DA:89,8
DA:91,8
DA:93,8
DA:100,8
DA:104,8
DA:105,2
DA:108,8
DA:109,5
DA:113,8
DA:118,8
DA:119,3
DA:121,3
DA:125,8
DA:128,8
DA:130,8
DA:133,28
LF:33
LH:33
BRDA:29,1,0,4
BRDA:29,1,1,2
BRDA:42,2,0,4
BRDA:42,2,1,2
BRDA:42,3,0,6
BRDA:42,3,1,4
BRDA:52,4,0,2
BRDA:52,4,1,2
BRDA:104,5,0,2
BRDA:104,5,1,6
BRDA:108,6,0,5
BRDA:108,6,1,3
BRF:12
BRH:12
end_of_record
TN:
SF:./src/utilities/rxScreenshotSvc/scripts/rxScreenshotSvc.js
FN:11,(anonymous_1)
FN:13,(anonymous_2)
FN:20,(anonymous_3)
FN:28,(anonymous_4)
FNF:4
FNH:4
FNDA:3,(anonymous_1)
FNDA:2,(anonymous_2)
FNDA:2,(anonymous_3)
FNDA:1,(anonymous_4)
DA:1,1
DA:13,3
DA:14,2
DA:16,2
DA:19,3
DA:21,2
DA:23,2
DA:24,1
DA:25,1
DA:27,1
DA:29,1
DA:31,1
DA:36,2
LF:13
LH:13
BRDA:23,1,0,1
BRDA:23,1,1,1
BRF:2
BRH:2
end_of_record
TN:
SF:./src/utilities/rxSortEmptyTop/scripts/rxSortEmptyTop.js
FN:31,(anonymous_1)
FN:32,(anonymous_2)
FN:36,(anonymous_3)
FNF:3
FNH:3
FNDA:4,(anonymous_1)
FNDA:4,(anonymous_2)
FNDA:60,(anonymous_3)
DA:1,1
DA:32,4
DA:34,4
DA:36,4
DA:37,60
DA:40,4
LF:6
LH:6
BRDA:37,1,0,60
BRDA:37,1,1,49
BRF:2
BRH:2
end_of_record
TN:
SF:./src/utilities/rxSortUtil/scripts/rxSortUtil.js
FN:14,(anonymous_1)
FN:17,(anonymous_2)
FN:21,(anonymous_3)
FNF:3
FNH:3
FNDA:4,(anonymous_1)
FNDA:2,(anonymous_2)
FNDA:2,(anonymous_3)
DA:1,1
DA:15,4
DA:17,4
DA:18,2
DA:21,4
DA:22,2
DA:23,2
DA:28,2
DA:29,2
DA:33,4
LF:10
LH:10
BRDA:22,1,0,1
BRDA:22,1,1,1
BRDA:28,2,0,2
BRDA:28,2,1,0
BRF:4
BRH:3
end_of_record
TN:
SF:./src/utilities/rxStatusColumnIcons/scripts/rxStatusColumnIcons.js
FNF:0
FNH:0
DA:1,1
LF:1
LH:1
BRF:0
BRH:0
end_of_record
TN:
SF:./src/utilities/rxStatusMappings/scripts/rxStatusMappings.js
FN:66,(anonymous_1)
FN:71,(anonymous_2)
FN:100,(anonymous_3)
FN:144,(anonymous_4)
FN:150,(anonymous_5)
FN:151,(anonymous_6)
FN:156,(anonymous_7)
FN:197,(anonymous_8)
FNF:8
FNH:8
FNDA:48,(anonymous_1)
FNDA:193,(anonymous_2)
FNDA:114,(anonymous_3)
FNDA:30,(anonymous_4)
FNDA:288,(anonymous_5)
FNDA:136,(anonymous_6)
FNDA:36,(anonymous_7)
FNDA:129,(anonymous_8)
DA:1,1
DA:67,48
DA:68,48
DA:69,48
DA:71,48
DA:72,193
DA:100,48
DA:101,114
DA:144,48
DA:145,30
DA:146,30
DA:147,30
DA:150,48
DA:151,288
DA:152,136
DA:153,136
DA:154,124
DA:155,12
DA:156,12
DA:157,36
DA:161,136
DA:162,28
DA:164,108
DA:173,48
DA:174,48
DA:175,48
DA:176,48
DA:177,48
DA:178,48
DA:197,48
DA:198,129
DA:199,32
DA:202,97
DA:204,97
DA:207,48
LF:35
LH:35
BRDA:145,1,0,30
BRDA:145,1,1,30
BRDA:153,2,0,124
BRDA:153,2,1,12
BRDA:155,3,0,12
BRDA:155,3,1,0
BRDA:161,4,0,28
BRDA:161,4,1,108
BRDA:198,5,0,32
BRDA:198,5,1,97
BRDA:198,6,0,129
BRDA:198,6,1,33
BRDA:204,7,0,61
BRDA:204,7,1,36
BRF:14
BRH:13
end_of_record
TN:
SF:./src/utilities/rxStatusTags/scripts/rxStatusTags.js
FN:13,(anonymous_1)
FN:26,(anonymous_2)
FN:33,(anonymous_3)
FN:37,(anonymous_4)
FN:44,(anonymous_5)
FNF:5
FNH:5
FNDA:783,(anonymous_1)
FNDA:2,(anonymous_2)
FNDA:19,(anonymous_3)
FNDA:30,(anonymous_4)
FNDA:58,(anonymous_5)
DA:1,1
DA:14,783
DA:26,783
DA:27,2
DA:33,783
DA:34,19
DA:38,30
DA:39,29
DA:41,1
DA:45,58
LF:10
LH:10
BRDA:38,1,0,29
BRDA:38,1,1,1
BRF:2
BRH:2
end_of_record
TN:
SF:./src/utilities/rxTimePickerUtil/scripts/rxTimePickerUtil.js
FN:9,(anonymous_1)
FN:38,parseUtcOffset
FN:55,modelToObject
FNF:3
FNH:3
FNDA:41,(anonymous_1)
FNDA:42,parseUtcOffset
FNDA:19,modelToObject
DA:1,1
DA:16,41
DA:24,41
DA:38,1
DA:39,42
DA:40,42
DA:41,42
DA:55,1
DA:56,19
DA:57,19
DA:58,19
DA:65,19
DA:66,19
DA:69,19
DA:70,19
DA:71,19
DA:72,19
DA:75,19
DA:78,41
LF:19
LH:19
BRDA:41,1,0,39
BRDA:41,1,1,3
BRDA:62,2,0,0
BRDA:62,2,1,19
BRDA:65,3,0,19
BRDA:65,3,1,0
BRDA:69,4,0,19
BRDA:69,4,1,0
BRF:8
BRH:5
end_of_record
TN:
SF:./src/utilities/rxUnsafeRemoveHTML/scripts/rxUnsafeRemoveHTML.js
FN:15,(anonymous_1)
FN:16,(anonymous_2)
FNF:2
FNH:2
FNDA:10,(anonymous_1)
FNDA:10,(anonymous_2)
DA:1,1
DA:16,10
DA:18,10
DA:19,2
DA:22,10
DA:23,10
DA:24,10
LF:7
LH:7
BRDA:18,1,0,2
BRDA:18,1,1,8
BRDA:24,2,0,10
BRDA:24,2,1,2
BRDA:24,2,2,2
BRF:5
BRH:5
end_of_record
TN:
SF:./src/utilities/rxVisibility/scripts/rxVisibility.js
FN:19,(anonymous_1)
FN:22,(anonymous_2)
FN:26,(anonymous_3)
FN:30,(anonymous_4)
FN:37,(anonymous_5)
FNF:5
FNH:5
FNDA:51,(anonymous_1)
FNDA:93,(anonymous_2)
FNDA:164,(anonymous_3)
FNDA:2,(anonymous_4)
FNDA:59,(anonymous_5)
DA:1,1
DA:20,51
DA:22,51
DA:23,93
DA:26,51
DA:27,164
DA:30,51
DA:31,2
DA:37,51
DA:38,59
DA:41,51
LF:11
LH:11
BRF:0
BRH:0
end_of_record
TN:
SF:./src/utilities/rxVisibilityPathParams/scripts/rxVisibilityPathParams.js
FN:19,(anonymous_1)
FN:22,(anonymous_2)
FNF:2
FNH:2
FNDA:30,(anonymous_1)
FNDA:2,(anonymous_2)
DA:1,1
DA:20,30
DA:23,2
DA:27,30
LF:4
LH:4
BRF:0
BRH:0
end_of_record
TN:
SF:./src/utilities/titleize/scripts/titleize.js
FN:23,(anonymous_1)
FN:24,(anonymous_2)
FN:28,(anonymous_3)
FNF:3
FNH:3
FNDA:39,(anonymous_1)
FNDA:490,(anonymous_2)
FNDA:493,(anonymous_3)
DA:1,1
DA:24,39
DA:25,490
DA:29,493
LF:4
LH:4
BRF:0
BRH:0
end_of_record
TN:
SF:./src/utilities/urlUtils/scripts/urlUtils.js
FN:9,(anonymous_1)
FN:12,(anonymous_2)
FN:20,(anonymous_3)
FN:28,(anonymous_4)
FN:37,(anonymous_5)
FN:57,(anonymous_6)
FN:65,(anonymous_7)
FN:79,(anonymous_8)
FN:102,(anonymous_9)
FN:122,(anonymous_10)
FN:127,(anonymous_11)
FNF:11
FNH:11
FNDA:95,(anonymous_1)
FNDA:380,(anonymous_2)
FNDA:3,(anonymous_3)
FNDA:778,(anonymous_4)
FNDA:110,(anonymous_5)
FNDA:111,(anonymous_6)
FNDA:339,(anonymous_7)
FNDA:337,(anonymous_8)
FNDA:332,(anonymous_9)
FNDA:669,(anonymous_10)
FNDA:107,(anonymous_11)
DA:1,1
DA:10,95
DA:12,95
DA:14,380
DA:16,380
DA:20,95
DA:22,3
DA:24,3
DA:28,95
DA:29,778
DA:30,77
DA:33,701
DA:37,95
DA:38,110
DA:39,110
DA:41,110
DA:42,1
DA:45,1
DA:48,110
DA:57,95
DA:58,111
DA:60,111
DA:65,95
DA:66,339
DA:67,77
DA:71,262
DA:72,262
DA:74,262
DA:79,95
DA:80,337
DA:81,337
DA:85,337
DA:86,337
DA:87,328
DA:92,337
DA:93,130
DA:96,337
DA:102,95
DA:104,332
DA:105,74
DA:109,258
DA:111,258
DA:113,238
DA:114,238
DA:117,258
DA:122,95
DA:123,669
DA:127,95
DA:128,107
DA:129,107
LF:50
LH:50
BRDA:29,1,0,77
BRDA:29,1,1,701
BRDA:41,2,0,1
BRDA:41,2,1,109
BRDA:66,3,0,77
BRDA:66,3,1,262
BRDA:86,4,0,328
BRDA:86,4,1,9
BRDA:92,5,0,130
BRDA:92,5,1,207
BRDA:92,6,0,337
BRDA:92,6,1,328
BRDA:104,7,0,74
BRDA:104,7,1,258
BRDA:111,8,0,238
BRDA:111,8,1,20
BRDA:113,9,0,238
BRDA:113,9,1,236
BRF:18
BRH:18
end_of_record
TN:
SF:./src/utilities/xor/scripts/xor.js
FN:12,(anonymous_1)
FN:13,(anonymous_2)
FNF:2
FNH:1
FNDA:16,(anonymous_1)
FNDA:0,(anonymous_2)
DA:1,1
DA:13,16
DA:14,0
LF:3
LH:2
BRF:0
BRH:0
end_of_record
