TN:
SF:./src/atoms/rxCheckbox/scripts/rxCheckbox.js
FN:39,(anonymous_1)
FN:45,(anonymous_2)
FN:50,(anonymous_3)
FN:68,(anonymous_4)
FN:77,(anonymous_5)
FN:82,(anonymous_6)
FNF:6
FNH:4
FNDA:39,(anonymous_1)
FNDA:70,(anonymous_2)
FNDA:73,(anonymous_3)
FNDA:8,(anonymous_4)
FNDA:0,(anonymous_5)
FNDA:0,(anonymous_6)
DA:1,1
DA:40,39
DA:47,70
DA:48,70
DA:50,70
DA:51,73
DA:52,73
DA:53,73
DA:57,73
DA:58,73
DA:60,73
DA:64,73
DA:65,2
DA:67,73
DA:68,4
DA:69,8
DA:70,2
DA:72,6
DA:77,73
DA:78,0
DA:82,73
DA:83,0
LF:22
LH:20
BRDA:64,1,0,2
BRDA:64,1,1,71
BRDA:67,2,0,4
BRDA:67,2,1,69
BRDA:69,3,0,2
BRDA:69,3,1,6
BRF:6
BRH:6
end_of_record
TN:
SF:./src/components/configs/scripts/devicePaths.js
FNF:0
FNH:0
DA:1,1
LF:1
LH:1
BRF:0
BRH:0
end_of_record
TN:
SF:./src/components/configs/scripts/feedbackApi.js
FNF:0
FNH:0
DA:1,1
LF:1
LH:1
BRF:0
BRH:0
end_of_record
TN:
SF:./src/components/configs/scripts/routesCdnPath.js
FN:7,(anonymous_1)
FN:10,(anonymous_2)
FNF:2
FNH:2
FNDA:42,(anonymous_1)
FNDA:25,(anonymous_2)
DA:1,1
DA:8,42
DA:10,42
DA:11,25
DA:14,25
DA:17,25
DA:20,25
LF:7
LH:7
BRDA:11,1,0,25
BRDA:11,1,1,21
BRF:2
BRH:2
end_of_record
TN:
SF:./src/components/rxAccountInfo/scripts/rxAccountInfo.js
FN:19,(anonymous_1)
FN:22,(anonymous_2)
FN:35,(anonymous_3)
FN:38,(anonymous_4)
FN:45,(anonymous_5)
FN:51,(anonymous_6)
FN:53,(anonymous_7)
FN:61,(anonymous_8)
FN:63,(anonymous_9)
FN:71,(anonymous_10)
FN:82,(anonymous_11)
FNF:11
FNH:11
FNDA:18,(anonymous_1)
FNDA:21,(anonymous_2)
FNDA:21,(anonymous_3)
FNDA:6,(anonymous_4)
FNDA:21,(anonymous_5)
FNDA:1,(anonymous_6)
FNDA:1,(anonymous_7)
FNDA:1,(anonymous_8)
FNDA:1,(anonymous_9)
FNDA:7,(anonymous_10)
FNDA:1,(anonymous_11)
DA:1,1
DA:21,18
DA:23,21
DA:24,18
DA:26,3
DA:36,21
DA:37,21
DA:38,21
DA:39,6
DA:45,21
DA:46,21
DA:49,21
DA:51,21
DA:52,1
DA:54,1
DA:60,21
DA:61,3
DA:62,1
DA:64,1
DA:71,21
DA:72,7
DA:73,7
DA:74,7
DA:75,7
DA:76,7
DA:77,7
DA:78,1
DA:79,6
DA:80,1
DA:83,1
LF:30
LH:30
BRDA:23,1,0,18
BRDA:23,1,1,3
BRDA:36,2,0,21
BRDA:36,2,1,21
BRDA:60,3,0,3
BRDA:60,3,1,18
BRDA:60,4,0,21
BRDA:60,4,1,3
BRDA:77,5,0,1
BRDA:77,5,1,6
BRDA:79,6,0,1
BRDA:79,6,1,5
BRF:12
BRH:12
end_of_record
TN:
SF:./src/components/rxActionMenu/scripts/rxActionMenu.js
FN:17,(anonymous_1)
FN:25,(anonymous_2)
FN:31,(anonymous_3)
FN:36,(anonymous_4)
FN:42,(anonymous_5)
FN:48,(anonymous_6)
FN:50,(anonymous_7)
FNF:7
FNH:6
FNDA:6,(anonymous_1)
FNDA:7,(anonymous_2)
FNDA:7,(anonymous_3)
FNDA:0,(anonymous_4)
FNDA:9,(anonymous_5)
FNDA:13,(anonymous_6)
FNDA:3,(anonymous_7)
DA:1,1
DA:18,6
DA:26,7
DA:27,6
DA:29,7
DA:31,7
DA:32,7
DA:33,7
DA:36,7
DA:37,0
DA:38,0
DA:42,7
DA:43,9
DA:44,2
DA:48,7
DA:49,13
DA:50,3
LF:17
LH:15
BRDA:26,1,0,6
BRDA:26,1,1,1
BRDA:37,2,0,0
BRDA:37,2,1,0
BRDA:43,3,0,2
BRDA:43,3,1,7
BRDA:43,4,0,9
BRDA:43,4,1,8
BRDA:49,5,0,3
BRDA:49,5,1,10
BRDA:49,6,0,13
BRDA:49,6,1,12
BRDA:49,6,2,3
BRF:13
BRH:11
end_of_record
TN:
SF:./src/components/rxActiveUrl/scripts/rxActiveUrl.js
FN:12,(anonymous_1)
FN:21,(anonymous_2)
FN:22,(anonymous_3)
FN:26,(anonymous_4)
FNF:4
FNH:4
FNDA:4,(anonymous_1)
FNDA:4,(anonymous_2)
FNDA:6,(anonymous_3)
FNDA:4,(anonymous_4)
DA:1,1
DA:13,4
DA:22,4
DA:23,6
DA:28,4
LF:5
LH:5
BRF:0
BRH:0
end_of_record
TN:
SF:./src/components/rxAge/scripts/rxAge.js
FN:11,(anonymous_1)
FN:12,(anonymous_2)
FN:46,(anonymous_3)
FN:61,(anonymous_4)
FNF:4
FNH:4
FNDA:10,(anonymous_1)
FNDA:14,(anonymous_2)
FNDA:9,(anonymous_3)
FNDA:24,(anonymous_4)
DA:1,1
DA:12,10
DA:13,14
DA:14,1
DA:15,13
DA:16,1
DA:19,12
DA:20,12
DA:21,12
DA:22,12
DA:23,12
DA:24,12
DA:25,12
DA:26,12
DA:28,12
DA:30,1
DA:31,11
DA:33,9
DA:38,12
DA:40,12
DA:41,12
DA:43,12
DA:44,3
DA:46,3
DA:47,9
DA:51,12
DA:52,10
DA:55,12
DA:56,11
DA:59,12
DA:61,12
DA:62,24
DA:63,12
DA:65,12
LF:34
LH:34
BRDA:13,1,0,1
BRDA:13,1,1,13
BRDA:15,2,0,1
BRDA:15,2,1,12
BRDA:28,3,0,1
BRDA:28,3,1,11
BRDA:31,4,0,9
BRDA:31,4,1,2
BRDA:38,5,0,5
BRDA:38,5,1,7
BRDA:43,6,0,3
BRDA:43,6,1,9
BRDA:47,7,0,9
BRDA:47,7,1,0
BRDA:51,8,0,10
BRDA:51,8,1,2
BRDA:55,9,0,11
BRDA:55,9,1,1
BRDA:62,10,0,12
BRDA:62,10,1,12
BRDA:67,11,0,3
BRDA:67,11,1,9
BRF:22
BRH:21
end_of_record
TN:
SF:./src/components/rxApp/scripts/encoreRoutes.js
FN:11,(anonymous_1)
FN:22,(anonymous_2)
FN:28,(anonymous_3)
FN:57,(anonymous_4)
FN:62,(anonymous_5)
FN:66,(anonymous_6)
FNF:6
FNH:6
FNDA:29,(anonymous_1)
FNDA:1,(anonymous_2)
FNDA:4,(anonymous_3)
FNDA:55,(anonymous_4)
FNDA:5,(anonymous_5)
FNDA:5,(anonymous_6)
DA:1,1
DA:17,29
DA:18,29
DA:20,29
DA:22,29
DA:23,1
DA:28,29
DA:29,4
DA:34,29
DA:35,29
DA:37,1
DA:38,1
DA:39,1
DA:42,5
DA:43,5
DA:44,5
DA:47,5
DA:48,5
DA:49,5
DA:52,18
DA:53,18
DA:57,29
DA:58,55
DA:59,55
DA:61,55
DA:63,5
DA:64,5
DA:67,5
DA:68,1
DA:69,1
DA:71,4
DA:75,55
DA:78,29
LF:33
LH:33
BRDA:35,1,0,1
BRDA:35,1,1,5
BRDA:35,1,2,5
BRDA:35,1,3,18
BRDA:67,2,0,1
BRDA:67,2,1,4
BRDA:75,3,0,55
BRDA:75,3,1,50
BRF:8
BRH:8
end_of_record
TN:
SF:./src/components/rxApp/scripts/rxAccountSearch.js
FN:8,(anonymous_1)
FN:12,(anonymous_2)
FN:13,(anonymous_3)
FNF:3
FNH:0
FNDA:0,(anonymous_1)
FNDA:0,(anonymous_2)
FNDA:0,(anonymous_3)
DA:1,1
DA:9,0
DA:13,0
DA:14,0
DA:15,0
LF:5
LH:1
BRDA:14,1,0,0
BRDA:14,1,1,0
BRF:2
BRH:0
end_of_record
TN:
SF:./src/components/rxApp/scripts/rxAccountUsers.js
FN:9,(anonymous_1)
FN:13,(anonymous_2)
FN:16,(anonymous_3)
FN:17,(anonymous_4)
FN:20,(anonymous_5)
FN:33,(anonymous_6)
FN:34,(anonymous_7)
FN:63,(anonymous_8)
FN:82,(anonymous_9)
FNF:9
FNH:7
FNDA:5,(anonymous_1)
FNDA:9,(anonymous_2)
FNDA:9,(anonymous_3)
FNDA:9,(anonymous_4)
FNDA:8,(anonymous_5)
FNDA:8,(anonymous_6)
FNDA:0,(anonymous_7)
FNDA:0,(anonymous_8)
FNDA:1,(anonymous_9)
DA:1,1
DA:10,5
DA:14,9
DA:16,9
DA:17,9
DA:18,9
DA:19,8
DA:20,8
DA:21,8
DA:24,1
DA:33,9
DA:34,8
DA:37,0
DA:39,0
DA:41,0
DA:43,0
DA:51,0
DA:55,8
DA:56,8
DA:57,7
DA:61,9
DA:63,9
DA:68,0
DA:69,0
DA:71,0
DA:72,0
DA:73,0
DA:74,0
DA:78,9
DA:82,9
DA:83,1
LF:31
LH:20
BRDA:18,1,0,8
BRDA:18,1,1,1
BRDA:43,2,0,0
BRDA:43,2,1,0
BRDA:56,3,0,7
BRDA:56,3,1,1
BRDA:71,4,0,0
BRDA:71,4,1,0
BRF:8
BRH:4
end_of_record
TN:
SF:./src/components/rxApp/scripts/rxApp.js
FN:23,(anonymous_1)
FN:38,(anonymous_2)
FN:68,(anonymous_3)
FN:79,(anonymous_4)
FNF:4
FNH:3
FNDA:25,(anonymous_1)
FNDA:64,(anonymous_2)
FNDA:19,(anonymous_3)
FNDA:0,(anonymous_4)
DA:1,1
DA:25,25
DA:39,64
DA:41,64
DA:43,64
DA:45,64
DA:47,64
DA:48,4
DA:50,60
DA:51,4
DA:56,64
DA:60,64
DA:61,13
DA:65,51
DA:68,64
DA:69,19
DA:73,64
DA:75,64
DA:76,26
DA:80,0
LF:20
LH:19
BRDA:43,1,0,64
BRDA:43,1,1,4
BRDA:45,2,0,64
BRDA:45,2,1,60
BRDA:47,3,0,4
BRDA:47,3,1,60
BRDA:50,4,0,4
BRDA:50,4,1,56
BRDA:56,5,0,13
BRDA:56,5,1,51
BRDA:60,6,0,13
BRDA:60,6,1,51
BRDA:60,7,0,64
BRDA:60,7,1,51
BRDA:73,8,0,13
BRDA:73,8,1,51
BRDA:75,9,0,26
BRDA:75,9,1,38
BRF:18
BRH:18
end_of_record
TN:
SF:./src/components/rxApp/scripts/rxAppNav.js
FN:481,(anonymous_1)
FNF:1
FNH:1
FNDA:39,(anonymous_1)
DA:1,1
DA:482,39
LF:2
LH:2
BRF:0
BRH:0
end_of_record
TN:
SF:./src/components/rxApp/scripts/rxAppNavItem.js
FN:16,(anonymous_1)
FN:17,(anonymous_2)
FN:18,(anonymous_3)
FN:22,(anonymous_4)
FN:60,(anonymous_5)
FN:64,(anonymous_6)
FN:88,(anonymous_7)
FN:125,(anonymous_8)
FNF:8
FNH:7
FNDA:39,(anonymous_1)
FNDA:193,(anonymous_2)
FNDA:67,(anonymous_3)
FNDA:67,(anonymous_4)
FNDA:193,(anonymous_5)
FNDA:185,(anonymous_6)
FNDA:717,(anonymous_7)
FNDA:0,(anonymous_8)
DA:1,1
DA:17,39
DA:18,193
DA:19,67
DA:20,67
DA:22,67
DA:23,67
DA:27,193
DA:29,193
DA:32,19
DA:34,19
DA:38,193
DA:40,193
DA:41,12
DA:45,193
DA:47,193
DA:48,48
DA:52,39
DA:62,193
DA:64,193
DA:65,185
DA:66,0
DA:69,185
DA:70,111
DA:73,74
DA:74,74
DA:77,0
DA:88,193
DA:89,717
DA:92,717
DA:94,306
DA:97,411
DA:102,75
DA:103,75
DA:105,75
DA:109,75
DA:113,411
DA:118,411
DA:119,185
DA:122,411
DA:125,193
DA:127,0
DA:128,0
DA:129,0
LF:44
LH:39
BRDA:29,1,0,19
BRDA:29,1,1,174
BRDA:40,2,0,12
BRDA:40,2,1,181
BRDA:47,3,0,48
BRDA:47,3,1,145
BRDA:65,4,0,0
BRDA:65,4,1,185
BRDA:69,5,0,111
BRDA:69,5,1,74
BRDA:73,6,0,74
BRDA:73,6,1,0
BRDA:92,7,0,306
BRDA:92,7,1,411
BRDA:92,8,0,717
BRDA:92,8,1,454
BRDA:97,9,0,75
BRDA:97,9,1,336
BRDA:109,10,0,75
BRDA:109,10,1,0
BRDA:113,11,0,148
BRDA:113,11,1,263
BRDA:118,12,0,185
BRDA:118,12,1,226
BRDA:118,13,0,411
BRDA:118,13,1,293
BRDA:122,14,0,411
BRDA:122,14,1,293
BRDA:127,15,0,0
BRDA:127,15,1,0
BRF:30
BRH:25
end_of_record
TN:
SF:./src/components/rxApp/scripts/rxAppSearch.js
FN:14,(anonymous_1)
FNF:1
FNH:0
FNDA:0,(anonymous_1)
DA:1,1
DA:15,0
LF:2
LH:1
BRF:0
BRH:0
end_of_record
TN:
SF:./src/components/rxApp/scripts/rxAtlasSearch.js
FN:9,(anonymous_1)
FN:13,(anonymous_2)
FN:14,(anonymous_3)
FNF:3
FNH:0
FNDA:0,(anonymous_1)
FNDA:0,(anonymous_2)
FNDA:0,(anonymous_3)
DA:1,1
DA:10,0
DA:14,0
DA:15,0
DA:16,0
LF:5
LH:1
BRDA:15,1,0,0
BRDA:15,1,1,0
BRF:2
BRH:0
end_of_record
TN:
SF:./src/components/rxApp/scripts/rxBillingSearch.js
FN:8,(anonymous_1)
FN:12,(anonymous_2)
FN:14,(anonymous_3)
FN:17,(anonymous_4)
FN:20,(anonymous_5)
FNF:5
FNH:0
FNDA:0,(anonymous_1)
FNDA:0,(anonymous_2)
FNDA:0,(anonymous_3)
FNDA:0,(anonymous_4)
FNDA:0,(anonymous_5)
DA:1,1
DA:9,0
DA:13,0
DA:14,0
DA:15,0
DA:17,0
DA:18,0
DA:20,0
DA:21,0
DA:22,0
DA:24,0
LF:11
LH:1
BRDA:15,1,0,0
BRDA:15,1,1,0
BRDA:18,2,0,0
BRDA:18,2,1,0
BRDA:21,3,0,0
BRDA:21,3,1,0
BRF:6
BRH:0
end_of_record
TN:
SF:./src/components/rxApp/scripts/rxHideIfUkAccount.js
FN:11,(anonymous_1)
FN:14,(anonymous_2)
FNF:2
FNH:2
FNDA:31,(anonymous_1)
FNDA:2,(anonymous_2)
DA:1,1
DA:12,31
DA:15,2
DA:19,31
LF:4
LH:4
BRF:0
BRH:0
end_of_record
TN:
SF:./src/components/rxApp/scripts/rxPage.js
FN:128,(anonymous_1)
FN:141,(anonymous_2)
FN:150,moveLayoutAttrib
FN:167,(anonymous_4)
FN:168,(anonymous_5)
FN:172,(anonymous_6)
FNF:6
FNH:6
FNDA:3,(anonymous_1)
FNDA:3,(anonymous_2)
FNDA:3,moveLayoutAttrib
FNDA:3,(anonymous_4)
FNDA:4,(anonymous_5)
FNDA:3,(anonymous_6)
DA:1,1
DA:129,3
DA:144,3
DA:146,3
DA:147,3
DA:150,1
DA:153,3
DA:154,3
DA:157,0
DA:158,0
DA:162,3
DA:163,3
DA:164,3
DA:168,3
DA:169,4
DA:172,3
DA:173,3
DA:174,0
LF:18
LH:15
BRDA:153,1,0,3
BRDA:153,1,1,0
BRDA:153,2,0,3
BRDA:153,2,1,3
BRDA:173,3,0,0
BRDA:173,3,1,3
BRF:6
BRH:4
end_of_record
TN:
SF:./src/components/rxApp/scripts/rxStatusTag.js
FN:11,(anonymous_1)
FN:18,(anonymous_2)
FNF:2
FNH:2
FNDA:17,(anonymous_1)
FNDA:56,(anonymous_2)
DA:1,1
DA:12,17
DA:19,56
DA:20,56
DA:21,28
DA:22,28
DA:23,28
LF:7
LH:7
BRDA:20,1,0,28
BRDA:20,1,1,28
BRF:2
BRH:2
end_of_record
TN:
SF:./src/components/rxApp/scripts/rxStatusTags.js
FN:13,(anonymous_1)
FN:26,(anonymous_2)
FN:33,(anonymous_3)
FN:37,(anonymous_4)
FN:44,(anonymous_5)
FNF:5
FNH:5
FNDA:74,(anonymous_1)
FNDA:2,(anonymous_2)
FNDA:19,(anonymous_3)
FNDA:30,(anonymous_4)
FNDA:58,(anonymous_5)
DA:1,1
DA:14,74
DA:26,74
DA:27,2
DA:33,74
DA:34,19
DA:38,30
DA:39,29
DA:41,1
DA:45,58
LF:10
LH:10
BRDA:38,1,0,29
BRDA:38,1,1,1
BRF:2
BRH:2
end_of_record
TN:
SF:./src/components/rxApp/scripts/rxTicketSearch.js
FN:9,(anonymous_1)
FN:13,(anonymous_2)
FN:15,(anonymous_3)
FNF:3
FNH:0
FNDA:0,(anonymous_1)
FNDA:0,(anonymous_2)
FNDA:0,(anonymous_3)
DA:1,1
DA:10,0
DA:15,0
LF:3
LH:1
BRF:0
BRH:0
end_of_record
TN:
SF:./src/components/rxApp/scripts/rxVisibility.js
FN:12,(anonymous_1)
FN:15,(anonymous_2)
FN:19,(anonymous_3)
FN:23,(anonymous_4)
FN:30,(anonymous_5)
FNF:5
FNH:5
FNDA:47,(anonymous_1)
FNDA:85,(anonymous_2)
FNDA:78,(anonymous_3)
FNDA:2,(anonymous_4)
FNDA:59,(anonymous_5)
DA:1,1
DA:13,47
DA:15,47
DA:16,85
DA:19,47
DA:20,78
DA:23,47
DA:24,2
DA:30,47
DA:31,59
DA:34,47
LF:11
LH:11
BRF:0
BRH:0
end_of_record
TN:
SF:./src/components/rxApp/scripts/rxVisibilityPathParams.js
FN:13,(anonymous_1)
FN:16,(anonymous_2)
FNF:2
FNH:2
FNDA:30,(anonymous_1)
FNDA:2,(anonymous_2)
DA:1,1
DA:14,30
DA:17,2
DA:21,30
LF:4
LH:4
BRF:0
BRH:0
end_of_record
TN:
SF:./src/components/rxAppRoutes/scripts/rxAppRoutes.js
FN:8,(anonymous_1)
FN:9,(anonymous_2)
FN:21,(anonymous_3)
FN:22,(anonymous_4)
FN:39,(anonymous_5)
FN:43,(anonymous_6)
FN:68,(anonymous_7)
FN:82,(anonymous_8)
FN:92,(anonymous_9)
FN:108,(anonymous_10)
FN:109,(anonymous_11)
FN:120,(anonymous_12)
FN:121,(anonymous_13)
FN:123,(anonymous_14)
FN:128,(anonymous_15)
FN:129,(anonymous_16)
FN:131,(anonymous_17)
FN:142,(anonymous_18)
FN:143,(anonymous_19)
FN:150,(anonymous_20)
FN:154,(anonymous_21)
FN:155,(anonymous_22)
FN:159,(anonymous_23)
FN:166,(anonymous_24)
FNF:24
FNH:21
FNDA:51,(anonymous_1)
FNDA:64,(anonymous_2)
FNDA:222,(anonymous_3)
FNDA:330,(anonymous_4)
FNDA:29,(anonymous_5)
FNDA:56,(anonymous_6)
FNDA:5,(anonymous_7)
FNDA:6,(anonymous_8)
FNDA:43,(anonymous_9)
FNDA:16,(anonymous_10)
FNDA:16,(anonymous_11)
FNDA:7,(anonymous_12)
FNDA:6,(anonymous_13)
FNDA:1,(anonymous_14)
FNDA:3,(anonymous_15)
FNDA:3,(anonymous_16)
FNDA:0,(anonymous_17)
FNDA:3,(anonymous_18)
FNDA:3,(anonymous_19)
FNDA:0,(anonymous_20)
FNDA:91,(anonymous_21)
FNDA:46,(anonymous_22)
FNDA:44,(anonymous_23)
FNDA:0,(anonymous_24)
DA:1,1
DA:9,51
DA:10,64
DA:12,64
DA:13,64
DA:17,64
DA:18,0
DA:21,64
DA:22,222
DA:24,330
DA:27,330
DA:28,132
DA:33,330
DA:36,222
DA:39,64
DA:40,29
DA:41,29
DA:43,29
DA:44,56
DA:45,56
DA:46,16
DA:47,16
DA:48,40
DA:50,13
DA:51,13
DA:52,9
DA:53,9
DA:56,56
DA:57,25
DA:58,1
DA:60,24
DA:65,29
DA:68,64
DA:69,5
DA:71,5
DA:73,2
DA:75,3
DA:78,5
DA:82,64
DA:83,6
DA:85,6
DA:86,8
DA:87,8
DA:89,6
DA:92,64
DA:94,43
DA:96,43
DA:99,64
DA:109,16
DA:110,16
DA:111,16
DA:112,1
DA:113,1
DA:116,15
DA:121,7
DA:122,6
DA:124,1
DA:129,3
DA:130,3
DA:132,0
DA:143,3
DA:144,3
DA:147,3
DA:149,3
DA:151,0
DA:155,91
DA:156,46
DA:161,44
DA:163,44
DA:164,44
DA:167,0
DA:172,51
LF:72
LH:68
BRDA:10,1,0,64
BRDA:10,1,1,64
BRDA:17,2,0,0
BRDA:17,2,1,64
BRDA:27,3,0,132
BRDA:27,3,1,198
BRDA:45,4,0,16
BRDA:45,4,1,40
BRDA:48,5,0,13
BRDA:48,5,1,27
BRDA:51,6,0,9
BRDA:51,6,1,4
BRDA:56,7,0,25
BRDA:56,7,1,31
BRDA:57,8,0,1
BRDA:57,8,1,24
BRDA:71,9,0,2
BRDA:71,9,1,3
BRDA:111,10,0,1
BRDA:111,10,1,15
BRF:20
BRH:19
end_of_record
TN:
SF:./src/components/rxAppRoutes/scripts/urlUtils.js
FN:9,(anonymous_1)
FN:11,(anonymous_2)
FN:19,(anonymous_3)
FN:27,(anonymous_4)
FN:36,(anonymous_5)
FN:56,(anonymous_6)
FN:64,(anonymous_7)
FN:78,(anonymous_8)
FN:101,(anonymous_9)
FN:121,(anonymous_10)
FNF:10
FNH:10
FNDA:72,(anonymous_1)
FNDA:381,(anonymous_2)
FNDA:3,(anonymous_3)
FNDA:782,(anonymous_4)
FNDA:110,(anonymous_5)
FNDA:111,(anonymous_6)
FNDA:341,(anonymous_7)
FNDA:339,(anonymous_8)
FNDA:334,(anonymous_9)
FNDA:673,(anonymous_10)
DA:1,1
DA:11,72
DA:13,381
DA:15,381
DA:19,72
DA:21,3
DA:23,3
DA:27,72
DA:28,782
DA:29,78
DA:32,704
DA:36,72
DA:37,110
DA:38,110
DA:40,110
DA:41,1
DA:44,1
DA:47,110
DA:56,72
DA:57,111
DA:59,111
DA:64,72
DA:65,341
DA:66,78
DA:70,263
DA:71,263
DA:73,263
DA:78,72
DA:79,339
DA:80,339
DA:84,339
DA:85,339
DA:86,330
DA:91,339
DA:92,131
DA:95,339
DA:101,72
DA:103,334
DA:104,75
DA:108,259
DA:110,259
DA:112,238
DA:113,238
DA:116,259
DA:121,72
DA:122,673
LF:46
LH:46
BRDA:28,1,0,78
BRDA:28,1,1,704
BRDA:40,2,0,1
BRDA:40,2,1,109
BRDA:65,3,0,78
BRDA:65,3,1,263
BRDA:85,4,0,330
BRDA:85,4,1,9
BRDA:91,5,0,131
BRDA:91,5,1,208
BRDA:91,6,0,339
BRDA:91,6,1,330
BRDA:103,7,0,75
BRDA:103,7,1,259
BRDA:110,8,0,238
BRDA:110,8,1,21
BRDA:112,9,0,238
BRDA:112,9,1,236
BRF:18
BRH:18
end_of_record
TN:
SF:./src/components/rxAttributes/scripts/rxAttributes.js
FN:12,(anonymous_1)
FN:18,(anonymous_2)
FN:20,preLink
FN:24,(anonymous_4)
FNF:4
FNH:4
FNDA:2,(anonymous_1)
FNDA:2,(anonymous_2)
FNDA:2,preLink
FNDA:4,(anonymous_4)
DA:1,1
DA:14,2
DA:19,2
DA:22,2
DA:24,2
DA:27,4
DA:28,2
DA:33,2
DA:34,2
DA:37,2
LF:10
LH:10
BRDA:27,1,0,2
BRDA:27,1,1,2
BRF:2
BRH:2
end_of_record
TN:
SF:./src/components/rxAuth/scripts/Auth.js
FN:28,(anonymous_1)
FNF:1
FNH:1
FNDA:9,(anonymous_1)
DA:1,1
DA:29,9
DA:31,9
DA:32,9
DA:33,9
DA:35,9
LF:6
LH:6
BRF:0
BRH:0
end_of_record
TN:
SF:./src/components/rxBreadcrumbs/scripts/rxBreadcrumbs.js
FN:34,(anonymous_1)
FN:38,(anonymous_2)
FNF:2
FNH:2
FNDA:11,(anonymous_1)
FNDA:11,(anonymous_2)
DA:1,1
DA:35,11
DA:39,11
LF:3
LH:3
BRF:0
BRH:0
end_of_record
TN:
SF:./src/components/rxBulkSelect/scripts/NotifyProperties.js
FN:34,(anonymous_1)
FN:37,(anonymous_2)
FN:39,(anonymous_3)
FN:40,(anonymous_4)
FN:41,(anonymous_5)
FN:47,(anonymous_6)
FN:48,(anonymous_7)
FN:54,register
FNF:8
FNH:8
FNDA:17,(anonymous_1)
FNDA:34,(anonymous_2)
FNDA:49,(anonymous_3)
FNDA:110,(anonymous_4)
FNDA:68,(anonymous_5)
FNDA:150,(anonymous_6)
FNDA:49,(anonymous_7)
FNDA:65,register
DA:1,1
DA:35,17
DA:37,17
DA:38,34
DA:39,34
DA:40,49
DA:41,110
DA:42,110
DA:46,34
DA:47,150
DA:49,49
DA:50,49
DA:51,49
DA:54,34
DA:55,65
DA:60,17
LF:16
LH:16
BRF:0
BRH:0
end_of_record
TN:
SF:./src/components/rxBulkSelect/scripts/rxBatchActions.js
FN:35,(anonymous_1)
FN:41,(anonymous_2)
FN:52,(anonymous_3)
FN:56,(anonymous_4)
FNF:4
FNH:3
FNDA:9,(anonymous_1)
FNDA:9,(anonymous_2)
FNDA:0,(anonymous_3)
FNDA:32,(anonymous_4)
DA:1,1
DA:36,9
DA:43,9
DA:48,9
DA:50,9
DA:52,9
DA:53,0
DA:56,9
DA:57,32
DA:58,32
DA:59,21
DA:62,9
DA:64,9
DA:70,0
DA:71,0
DA:73,0
LF:16
LH:12
BRDA:58,1,0,21
BRDA:58,1,1,11
BRDA:64,2,0,0
BRDA:64,2,1,9
BRDA:70,3,0,0
BRDA:70,3,1,0
BRF:6
BRH:3
end_of_record
TN:
SF:./src/components/rxBulkSelect/scripts/rxBulkSelect.js
FN:31,(anonymous_1)
FN:39,(anonymous_2)
FN:48,(anonymous_3)
FNF:3
FNH:3
FNDA:11,(anonymous_1)
FNDA:11,(anonymous_2)
FNDA:11,(anonymous_3)
DA:1,1
DA:32,11
DA:33,11
DA:43,11
DA:44,11
DA:45,11
DA:46,11
DA:48,11
DA:49,11
LF:9
LH:9
BRDA:45,1,0,11
BRDA:45,1,1,11
BRF:2
BRH:2
end_of_record
TN:
SF:./src/components/rxBulkSelect/scripts/rxBulkSelectController.js
FN:2,(anonymous_1)
FN:17,(anonymous_2)
FN:22,(anonymous_3)
FN:27,(anonymous_4)
FN:31,(anonymous_5)
FN:35,(anonymous_6)
FN:36,(anonymous_7)
FN:41,(anonymous_8)
FN:46,(anonymous_9)
FN:52,(anonymous_10)
FN:57,(anonymous_11)
FN:63,(anonymous_12)
FN:69,(anonymous_13)
FN:73,(anonymous_14)
FN:77,(anonymous_15)
FNF:15
FNH:15
FNDA:17,(anonymous_1)
FNDA:20,(anonymous_2)
FNDA:20,(anonymous_3)
FNDA:30,(anonymous_4)
FNDA:4,(anonymous_5)
FNDA:4,(anonymous_6)
FNDA:12,(anonymous_7)
FNDA:2,(anonymous_8)
FNDA:2,(anonymous_9)
FNDA:2,(anonymous_10)
FNDA:2,(anonymous_11)
FNDA:16,(anonymous_12)
FNDA:6,(anonymous_13)
FNDA:3,(anonymous_14)
FNDA:11,(anonymous_15)
DA:1,1
DA:3,17
DA:5,17
DA:12,17
DA:13,17
DA:15,17
DA:17,17
DA:18,20
DA:19,20
DA:22,17
DA:23,20
DA:24,20
DA:27,17
DA:28,30
DA:31,17
DA:32,4
DA:35,17
DA:36,4
DA:37,12
DA:41,17
DA:42,2
DA:43,2
DA:46,17
DA:47,2
DA:48,2
DA:49,2
DA:52,17
DA:53,2
DA:54,2
DA:57,17
DA:58,2
DA:59,2
DA:60,2
DA:63,17
DA:64,16
DA:65,12
DA:69,17
DA:70,6
DA:73,17
DA:74,3
DA:77,17
DA:78,11
DA:79,11
LF:43
LH:43
BRDA:64,1,0,12
BRDA:64,1,1,4
BRDA:78,2,0,11
BRDA:78,2,1,0
BRF:4
BRH:3
end_of_record
TN:
SF:./src/components/rxBulkSelect/scripts/rxBulkSelectHeaderCheck.js
FN:19,(anonymous_1)
FN:25,(anonymous_2)
FN:27,(anonymous_3)
FN:36,(anonymous_4)
FN:43,(anonymous_5)
FNF:5
FNH:5
FNDA:11,(anonymous_1)
FNDA:11,(anonymous_2)
FNDA:2,(anonymous_3)
FNDA:56,(anonymous_4)
FNDA:2,(anonymous_5)
DA:1,1
DA:20,11
DA:21,11
DA:26,11
DA:27,11
DA:28,2
DA:29,1
DA:31,1
DA:34,11
DA:36,11
DA:37,56
DA:38,56
DA:40,11
DA:41,11
DA:43,11
DA:44,2
DA:46,11
LF:17
LH:17
BRDA:28,1,0,1
BRDA:28,1,1,1
BRF:2
BRH:2
end_of_record
TN:
SF:./src/components/rxBulkSelect/scripts/rxBulkSelectMessage.js
FN:24,(anonymous_1)
FN:32,(anonymous_2)
FN:37,(anonymous_3)
FN:39,(anonymous_4)
FN:43,(anonymous_5)
FN:50,(anonymous_6)
FN:75,(anonymous_7)
FNF:7
FNH:7
FNDA:11,(anonymous_1)
FNDA:11,(anonymous_2)
FNDA:44,(anonymous_3)
FNDA:1,(anonymous_4)
FNDA:1,(anonymous_5)
FNDA:34,(anonymous_6)
FNDA:22,(anonymous_7)
DA:1,1
DA:25,11
DA:33,11
DA:35,11
DA:39,11
DA:40,1
DA:43,11
DA:44,1
DA:47,11
DA:48,11
DA:50,11
DA:51,34
DA:52,34
DA:53,34
DA:54,34
DA:63,34
DA:64,22
DA:65,22
DA:66,12
DA:69,11
DA:70,11
DA:73,11
DA:75,11
DA:76,22
DA:78,11
LF:25
LH:25
BRDA:37,1,0,11
BRDA:37,1,1,11
BRDA:53,2,0,3
BRDA:53,2,1,31
BRDA:54,3,0,3
BRDA:54,3,1,31
BRDA:63,4,0,22
BRDA:63,4,1,12
BRDA:66,5,0,11
BRDA:66,5,1,1
BRDA:66,6,0,12
BRDA:66,6,1,12
BRF:12
BRH:12
end_of_record
TN:
SF:./src/components/rxBulkSelect/scripts/rxBulkSelectRow.js
FN:21,(anonymous_1)
FN:30,(anonymous_2)
FN:32,(anonymous_3)
FNF:3
FNH:3
FNDA:11,(anonymous_1)
FNDA:29,(anonymous_2)
FNDA:6,(anonymous_3)
DA:1,1
DA:22,11
DA:31,29
DA:32,29
DA:33,6
DA:34,4
DA:36,2
LF:7
LH:7
BRDA:33,1,0,4
BRDA:33,1,1,2
BRF:2
BRH:2
end_of_record
TN:
SF:./src/components/rxBulkSelect/scripts/rxBulkSelectUtils.js
FN:7,(anonymous_1)
FN:10,(anonymous_2)
FN:15,(anonymous_3)
FN:16,(anonymous_4)
FNF:4
FNH:4
FNDA:11,(anonymous_1)
FNDA:2,(anonymous_2)
FNDA:2,(anonymous_3)
FNDA:6,(anonymous_4)
DA:1,1
DA:8,11
DA:10,11
DA:11,2
DA:15,11
DA:16,2
DA:17,6
DA:21,11
LF:8
LH:8
BRF:0
BRH:0
end_of_record
TN:
SF:./src/components/rxBulkSelect/scripts/rxBulkSelectValidate.js
FN:13,(anonymous_1)
FN:17,(anonymous_2)
FN:20,(anonymous_3)
FNF:3
FNH:3
FNDA:2,(anonymous_1)
FNDA:2,(anonymous_2)
FNDA:2,(anonymous_3)
DA:1,1
DA:14,2
DA:18,2
DA:19,2
DA:20,2
DA:21,2
DA:22,2
DA:25,2
DA:26,2
LF:9
LH:9
BRF:0
BRH:0
end_of_record
TN:
SF:./src/components/rxButton/scripts/rxButton.js
FN:32,(anonymous_1)
FNF:1
FNH:1
FNDA:3,(anonymous_1)
DA:1,1
DA:33,3
LF:2
LH:2
BRF:0
BRH:0
end_of_record
TN:
SF:./src/components/rxCharacterCount/scripts/rxCharacterCount.js
FN:75,(anonymous_1)
FN:84,(anonymous_2)
FN:95,(anonymous_3)
FN:99,(anonymous_4)
FN:109,(anonymous_5)
FN:115,(anonymous_6)
FN:129,(anonymous_7)
FN:130,(anonymous_8)
FN:139,countSpaces
FN:147,writeLimitText
FN:163,(anonymous_11)
FN:170,(anonymous_12)
FNF:12
FNH:12
FNDA:14,(anonymous_1)
FNDA:18,(anonymous_2)
FNDA:14,(anonymous_3)
FNDA:4,(anonymous_4)
FNDA:14,(anonymous_5)
FNDA:14,(anonymous_6)
FNDA:88,(anonymous_7)
FNDA:28,(anonymous_8)
FNDA:8,countSpaces
FNDA:7,writeLimitText
FNDA:4,(anonymous_11)
FNDA:1,(anonymous_12)
DA:1,1
DA:76,14
DA:77,14
DA:80,14
DA:81,14
DA:84,14
DA:85,18
DA:86,18
DA:87,1
DA:89,18
DA:90,1
DA:92,18
DA:95,14
DA:96,14
DA:99,14
DA:100,4
DA:103,14
DA:112,14
DA:113,14
DA:115,14
DA:116,14
DA:117,14
DA:120,14
DA:121,14
DA:122,14
DA:123,14
DA:124,14
DA:128,14
DA:129,88
DA:131,28
DA:132,0
DA:134,28
DA:135,28
DA:136,28
DA:139,1
DA:140,8
DA:141,8
DA:147,1
DA:148,7
DA:149,7
DA:150,7
DA:152,7
DA:153,4
DA:154,4
DA:157,7
DA:158,7
DA:159,7
DA:162,14
DA:163,4
DA:164,4
DA:167,4
DA:170,14
DA:171,1
DA:172,1
LF:54
LH:53
BRDA:86,1,0,1
BRDA:86,1,1,17
BRDA:89,2,0,1
BRDA:89,2,1,17
BRDA:120,3,0,14
BRDA:120,3,1,6
BRDA:121,4,0,14
BRDA:121,4,1,13
BRDA:131,5,0,0
BRDA:131,5,1,28
BRDA:135,6,0,28
BRDA:135,6,1,23
BRDA:140,7,0,8
BRDA:140,7,1,4
BRDA:141,8,0,4
BRDA:141,8,1,4
BRDA:152,9,0,4
BRDA:152,9,1,3
BRDA:152,10,0,7
BRDA:152,10,1,7
BRDA:162,11,0,4
BRDA:162,11,1,10
BRF:22
BRH:21
end_of_record
TN:
SF:./src/components/rxCollapse/scripts/rxCollapse.js
FN:35,(anonymous_1)
FN:43,(anonymous_2)
FN:46,(anonymous_3)
FNF:3
FNH:3
FNDA:6,(anonymous_1)
FNDA:18,(anonymous_2)
FNDA:2,(anonymous_3)
DA:1,1
DA:36,6
DA:44,18
DA:46,18
DA:47,2
LF:5
LH:5
BRDA:44,1,0,6
BRDA:44,1,1,12
BRF:2
BRH:2
end_of_record
TN:
SF:./src/components/rxCompile/scripts/rxCompile.js
FN:7,(anonymous_1)
FN:8,(anonymous_2)
FN:10,(anonymous_3)
FN:14,(anonymous_4)
FNF:4
FNH:4
FNDA:13,(anonymous_1)
FNDA:13,(anonymous_2)
FNDA:40,(anonymous_3)
FNDA:13,(anonymous_4)
DA:1,1
DA:8,13
DA:9,13
DA:12,40
DA:17,13
DA:23,13
LF:6
LH:6
BRF:0
BRH:0
end_of_record
TN:
SF:./src/components/rxDiskSize/scripts/rxDiskSize.js
FN:16,(anonymous_1)
FN:17,(anonymous_2)
FNF:2
FNH:2
FNDA:13,(anonymous_1)
FNDA:12,(anonymous_2)
DA:1,1
DA:17,13
DA:18,12
DA:19,12
DA:21,12
DA:22,6
DA:23,3
DA:25,3
DA:26,3
DA:30,12
LF:10
LH:10
BRDA:21,1,0,6
BRDA:21,1,1,6
BRDA:22,2,0,3
BRDA:22,2,1,3
BRF:4
BRH:4
end_of_record
TN:
SF:./src/components/rxEnvironment/scripts/Environment.js
FN:45,(anonymous_1)
FN:97,(anonymous_2)
FN:103,(anonymous_3)
FN:117,(anonymous_4)
FN:121,(anonymous_5)
FN:139,(anonymous_6)
FN:154,(anonymous_7)
FN:169,(anonymous_8)
FN:171,(anonymous_9)
FN:177,(anonymous_10)
FN:178,(anonymous_11)
FNF:11
FNH:11
FNDA:101,(anonymous_1)
FNDA:8,(anonymous_2)
FNDA:872,(anonymous_3)
FNDA:37,(anonymous_4)
FNDA:57,(anonymous_5)
FNDA:3,(anonymous_6)
FNDA:1,(anonymous_7)
FNDA:163,(anonymous_8)
FNDA:815,(anonymous_9)
FNDA:505,(anonymous_10)
FNDA:115,(anonymous_11)
DA:1,1
DA:56,101
DA:97,101
DA:98,8
DA:103,101
DA:104,872
DA:105,704
DA:108,168
DA:117,101
DA:119,37
DA:121,37
DA:122,57
DA:125,37
DA:126,1
DA:128,1
DA:131,37
DA:139,101
DA:141,3
DA:143,2
DA:145,1
DA:154,101
DA:156,1
DA:158,1
DA:169,101
DA:170,163
DA:171,163
DA:172,815
DA:174,163
DA:177,101
DA:178,505
DA:184,101
DA:189,101
DA:194,101
DA:199,101
DA:204,101
LF:35
LH:35
BRDA:98,1,0,8
BRDA:98,1,1,8
BRDA:98,1,2,6
BRDA:98,1,3,7
BRDA:104,2,0,704
BRDA:104,2,1,168
BRDA:119,3,0,37
BRDA:119,3,1,32
BRDA:125,4,0,1
BRDA:125,4,1,36
BRDA:141,5,0,2
BRDA:141,5,1,1
BRDA:156,6,0,1
BRDA:156,6,1,0
BRDA:156,7,0,1
BRDA:156,7,1,1
BRDA:170,8,0,163
BRDA:170,8,1,163
BRF:18
BRH:17
end_of_record
TN:
SF:./src/components/rxEnvironment/scripts/rxEnvironmentMatch.js
FN:17,(anonymous_1)
FN:18,(anonymous_2)
FNF:2
FNH:2
FNDA:24,(anonymous_1)
FNDA:48,(anonymous_2)
DA:1,1
DA:18,24
DA:20,48
DA:23,48
DA:25,48
DA:26,48
LF:6
LH:6
BRDA:23,1,0,24
BRDA:23,1,1,24
BRDA:26,2,0,24
BRDA:26,2,1,24
BRF:4
BRH:4
end_of_record
TN:
SF:./src/components/rxEnvironment/scripts/rxEnvironmentUrl.js
FN:18,(anonymous_1)
FN:19,(anonymous_2)
FNF:2
FNH:2
FNDA:73,(anonymous_1)
FNDA:260,(anonymous_2)
DA:1,1
DA:19,73
DA:20,260
DA:23,260
LF:4
LH:4
BRDA:23,1,0,54
BRDA:23,1,1,206
BRF:2
BRH:2
end_of_record
TN:
SF:./src/components/rxEnvironment/scripts/rxIfEnvironment.js
FN:16,(anonymous_1)
FN:21,(anonymous_2)
FN:23,preLink
FNF:3
FNH:3
FNDA:4,(anonymous_1)
FNDA:4,(anonymous_2)
FNDA:4,preLink
DA:1,1
DA:17,4
DA:22,4
DA:25,4
DA:28,4
DA:29,4
DA:32,4
LF:7
LH:7
BRF:0
BRH:0
end_of_record
TN:
SF:./src/components/rxFavicon/scripts/rxFavicon.js
FN:22,(anonymous_1)
FN:26,(anonymous_2)
FN:50,(anonymous_3)
FN:52,(anonymous_4)
FNF:4
FNH:4
FNDA:6,(anonymous_1)
FNDA:6,(anonymous_2)
FNDA:10,(anonymous_3)
FNDA:5,(anonymous_4)
DA:1,1
DA:23,6
DA:28,6
DA:31,6
DA:32,1
DA:34,1
DA:38,5
DA:39,5
DA:40,5
DA:43,5
DA:50,5
DA:51,10
DA:53,5
DA:56,5
LF:14
LH:14
BRDA:31,1,0,1
BRDA:31,1,1,5
BRDA:39,2,0,5
BRDA:39,2,1,1
BRDA:40,3,0,5
BRDA:40,3,1,1
BRF:6
BRH:6
end_of_record
TN:
SF:./src/components/rxFeedback/scripts/feedbackTypes.js
FNF:0
FNH:0
DA:1,1
LF:1
LH:1
BRF:0
BRH:0
end_of_record
TN:
SF:./src/components/rxFeedback/scripts/rxFeedback.js
FN:31,(anonymous_1)
FN:38,(anonymous_2)
FN:41,(anonymous_3)
FN:45,(anonymous_4)
FN:53,(anonymous_5)
FN:65,(anonymous_6)
FN:71,(anonymous_7)
FN:79,(anonymous_8)
FN:87,(anonymous_9)
FN:89,(anonymous_10)
FNF:10
FNH:10
FNDA:8,(anonymous_1)
FNDA:9,(anonymous_2)
FNDA:1,(anonymous_3)
FNDA:3,(anonymous_4)
FNDA:3,(anonymous_5)
FNDA:6,(anonymous_6)
FNDA:3,(anonymous_7)
FNDA:6,(anonymous_8)
FNDA:5,(anonymous_9)
FNDA:1,(anonymous_10)
DA:1,1
DA:32,8
DA:39,9
DA:41,9
DA:42,1
DA:45,9
DA:46,3
DA:48,3
DA:53,9
DA:54,3
DA:56,3
DA:57,1
DA:60,3
DA:65,9
DA:66,6
DA:72,3
DA:74,3
DA:78,9
DA:79,8
DA:80,6
DA:82,6
DA:85,6
DA:87,6
DA:88,5
DA:90,1
LF:25
LH:25
BRDA:46,1,0,1
BRDA:46,1,1,2
BRDA:56,2,0,1
BRDA:56,2,1,2
BRDA:56,3,0,3
BRDA:56,3,1,1
BRDA:78,4,0,8
BRDA:78,4,1,1
BRF:8
BRH:8
end_of_record
TN:
SF:./src/components/rxFeedback/scripts/rxFeedbackController.js
FN:9,(anonymous_1)
FN:11,(anonymous_2)
FNF:2
FNH:2
FNDA:4,(anonymous_1)
FNDA:1,(anonymous_2)
DA:1,1
DA:11,4
DA:12,1
DA:15,4
DA:18,4
DA:21,4
DA:22,1
LF:7
LH:7
BRDA:21,1,0,1
BRDA:21,1,1,3
BRF:2
BRH:2
end_of_record
TN:
SF:./src/components/rxFeedback/scripts/rxFeedbackSvc.js
FN:9,(anonymous_1)
FN:15,(anonymous_2)
FN:22,(anonymous_3)
FNF:3
FNH:3
FNDA:14,(anonymous_1)
FNDA:15,(anonymous_2)
FNDA:3,(anonymous_3)
DA:1,1
DA:10,14
DA:15,14
DA:16,15
DA:20,14
DA:22,14
DA:23,3
DA:24,3
DA:30,3
DA:33,3
DA:34,3
DA:36,3
DA:37,3
DA:41,14
LF:14
LH:14
BRDA:36,1,0,3
BRDA:36,1,1,0
BRF:2
BRH:1
end_of_record
TN:
SF:./src/components/rxFeedback/scripts/rxScreenshotSvc.js
FN:10,(anonymous_1)
FN:12,(anonymous_2)
FN:19,(anonymous_3)
FN:27,(anonymous_4)
FNF:4
FNH:4
FNDA:3,(anonymous_1)
FNDA:2,(anonymous_2)
FNDA:2,(anonymous_3)
FNDA:1,(anonymous_4)
DA:1,1
DA:12,3
DA:13,2
DA:15,2
DA:18,3
DA:20,2
DA:22,2
DA:23,1
DA:24,1
DA:26,1
DA:28,1
DA:30,1
DA:35,2
LF:13
LH:13
BRDA:22,1,0,1
BRDA:22,1,1,1
BRF:2
BRH:2
end_of_record
TN:
SF:./src/components/rxFloatingHeader/scripts/rxFloatingHeader.js
FN:46,(anonymous_1)
FN:49,(anonymous_2)
FN:50,(anonymous_3)
FN:59,(anonymous_4)
FN:62,(anonymous_5)
FN:65,(anonymous_6)
FN:97,(anonymous_7)
FN:150,(anonymous_8)
FN:156,(anonymous_9)
FN:171,(anonymous_10)
FN:185,(anonymous_11)
FN:193,(anonymous_12)
FN:203,(anonymous_13)
FN:210,(anonymous_14)
FN:225,(anonymous_15)
FN:231,(anonymous_16)
FN:237,(anonymous_17)
FN:245,(anonymous_18)
FN:249,(anonymous_19)
FNF:19
FNH:15
FNDA:3,(anonymous_1)
FNDA:3,(anonymous_2)
FNDA:0,(anonymous_3)
FNDA:3,(anonymous_4)
FNDA:3,(anonymous_5)
FNDA:0,(anonymous_6)
FNDA:6,(anonymous_7)
FNDA:3,(anonymous_8)
FNDA:9,(anonymous_9)
FNDA:3,(anonymous_10)
FNDA:4,(anonymous_11)
FNDA:4,(anonymous_12)
FNDA:4,(anonymous_13)
FNDA:6,(anonymous_14)
FNDA:1,(anonymous_15)
FNDA:2,(anonymous_16)
FNDA:2,(anonymous_17)
FNDA:0,(anonymous_18)
FNDA:0,(anonymous_19)
DA:1,1
DA:47,3
DA:50,3
DA:54,0
DA:55,0
DA:60,3
DA:62,3
DA:64,3
DA:65,0
DA:68,0
DA:71,3
DA:95,3
DA:97,3
DA:98,6
DA:102,6
DA:103,0
DA:112,6
DA:113,6
DA:114,6
DA:115,0
DA:118,6
DA:121,0
DA:123,6
DA:125,6
DA:126,6
DA:133,6
DA:134,3
DA:135,3
DA:136,3
DA:137,3
DA:138,3
DA:139,3
DA:143,3
DA:149,3
DA:150,3
DA:151,3
DA:152,3
DA:156,3
DA:157,9
DA:158,9
DA:159,3
DA:160,3
DA:161,3
DA:162,3
DA:163,3
DA:169,3
DA:171,3
DA:172,3
DA:173,2
DA:176,3
DA:178,3
DA:179,2
DA:180,2
DA:181,2
DA:185,2
DA:186,4
DA:190,2
DA:193,2
DA:194,4
DA:202,2
DA:203,2
DA:204,4
DA:205,4
DA:206,4
DA:210,2
DA:211,6
DA:212,6
DA:213,6
DA:218,1
DA:219,1
DA:220,1
DA:225,1
DA:226,1
DA:227,0
DA:231,1
DA:232,2
DA:237,1
DA:238,2
DA:245,3
DA:246,0
DA:249,3
DA:250,0
LF:82
LH:72
BRDA:54,1,0,0
BRDA:54,1,1,0
BRDA:64,2,0,0
BRDA:64,2,1,3
BRDA:64,3,0,3
BRDA:64,3,1,0
BRDA:102,4,0,0
BRDA:102,4,1,6
BRDA:102,5,0,6
BRDA:102,5,1,6
BRDA:114,6,0,0
BRDA:114,6,1,6
BRDA:118,7,0,0
BRDA:118,7,1,6
BRDA:133,8,0,3
BRDA:133,8,1,3
BRDA:136,9,0,3
BRDA:136,9,1,0
BRDA:138,10,0,3
BRDA:138,10,1,0
BRDA:158,11,0,3
BRDA:158,11,1,6
BRDA:160,12,0,3
BRDA:160,12,1,0
BRDA:160,13,0,3
BRDA:160,13,1,0
BRDA:172,14,0,2
BRDA:172,14,1,1
BRDA:178,15,0,2
BRDA:178,15,1,1
BRDA:179,16,0,2
BRDA:179,16,1,0
BRDA:218,17,0,1
BRDA:218,17,1,0
BRDA:218,18,0,1
BRDA:218,18,1,0
BRDA:226,19,0,0
BRDA:226,19,1,1
BRF:38
BRH:23
end_of_record
TN:
SF:./src/components/rxForm/scripts/rxField.js
FN:48,(anonymous_1)
FNF:1
FNH:1
FNDA:9,(anonymous_1)
DA:1,1
DA:49,9
LF:2
LH:2
BRF:0
BRH:0
end_of_record
TN:
SF:./src/components/rxForm/scripts/rxFieldContent.js
FN:54,(anonymous_1)
FNF:1
FNH:1
FNDA:7,(anonymous_1)
DA:1,1
DA:55,7
LF:2
LH:2
BRF:0
BRH:0
end_of_record
TN:
SF:./src/components/rxForm/scripts/rxFieldName.js
FN:47,(anonymous_1)
FNF:1
FNH:1
FNDA:4,(anonymous_1)
DA:1,1
DA:48,4
LF:2
LH:2
BRF:0
BRH:0
end_of_record
TN:
SF:./src/components/rxForm/scripts/rxForm.js
FN:41,(anonymous_1)
FNF:1
FNH:1
FNDA:9,(anonymous_1)
DA:1,1
DA:42,9
LF:2
LH:2
BRF:0
BRH:0
end_of_record
TN:
SF:./src/components/rxForm/scripts/rxFormFieldset.js
FN:18,(anonymous_1)
FNF:1
FNH:0
FNDA:0,(anonymous_1)
DA:1,1
DA:19,0
DA:22,0
DA:24,0
LF:4
LH:1
BRF:0
BRH:0
end_of_record
TN:
SF:./src/components/rxForm/scripts/rxFormItem.js
FN:22,(anonymous_1)
FN:38,(anonymous_2)
FN:51,(anonymous_3)
FNF:3
FNH:3
FNDA:9,(anonymous_1)
FNDA:15,(anonymous_2)
FNDA:15,(anonymous_3)
DA:1,1
DA:23,9
DA:26,9
DA:28,9
DA:39,15
DA:44,15
DA:51,15
DA:53,15
DA:55,15
DA:57,15
DA:60,15
DA:61,2
DA:67,13
DA:68,0
DA:69,0
DA:70,0
DA:71,0
DA:75,13
DA:76,13
DA:77,13
DA:79,13
DA:81,13
DA:82,2
DA:84,11
DA:87,13
DA:90,15
LF:26
LH:22
BRDA:57,1,0,15
BRDA:57,1,1,13
BRDA:60,2,0,2
BRDA:60,2,1,13
BRDA:67,3,0,0
BRDA:67,3,1,13
BRDA:81,4,0,2
BRDA:81,4,1,11
BRF:8
BRH:7
end_of_record
TN:
SF:./src/components/rxForm/scripts/rxFormSection.js
FN:50,(anonymous_1)
FNF:1
FNH:1
FNDA:9,(anonymous_1)
DA:1,1
DA:51,9
LF:2
LH:2
BRF:0
BRH:0
end_of_record
TN:
SF:./src/components/rxForm/scripts/rxFormUtils.js
FN:20,(anonymous_1)
FN:27,(anonymous_2)
FN:40,(anonymous_3)
FNF:3
FNH:3
FNDA:5,(anonymous_1)
FNDA:4,(anonymous_2)
FNDA:3,(anonymous_3)
DA:1,1
DA:21,5
DA:27,5
DA:28,4
DA:29,4
DA:31,4
DA:32,3
DA:34,4
DA:40,5
DA:41,3
DA:42,3
DA:44,3
DA:45,3
DA:46,2
DA:47,2
DA:48,2
DA:49,2
DA:51,3
DA:54,5
LF:19
LH:19
BRDA:31,1,0,3
BRDA:31,1,1,1
BRDA:31,2,0,4
BRDA:31,2,1,3
BRDA:45,3,0,2
BRDA:45,3,1,1
BRF:6
BRH:6
end_of_record
TN:
SF:./src/components/rxForm/scripts/rxHelpText.js
FN:37,(anonymous_1)
FNF:1
FNH:0
FNDA:0,(anonymous_1)
DA:1,1
DA:38,0
LF:2
LH:1
BRF:0
BRH:0
end_of_record
TN:
SF:./src/components/rxForm/scripts/rxInlineError.js
FN:36,(anonymous_1)
FNF:1
FNH:0
FNDA:0,(anonymous_1)
DA:1,1
DA:37,0
LF:2
LH:1
BRF:0
BRH:0
end_of_record
TN:
SF:./src/components/rxForm/scripts/rxInput.js
FN:53,(anonymous_1)
FNF:1
FNH:1
FNDA:6,(anonymous_1)
DA:1,1
DA:54,6
LF:2
LH:2
BRF:0
BRH:0
end_of_record
TN:
SF:./src/components/rxForm/scripts/rxPrefix.js
FN:51,(anonymous_1)
FNF:1
FNH:1
FNDA:2,(anonymous_1)
DA:1,1
DA:52,2
LF:2
LH:2
BRF:0
BRH:0
end_of_record
TN:
SF:./src/components/rxForm/scripts/rxSuffix.js
FN:51,(anonymous_1)
FNF:1
FNH:1
FNDA:2,(anonymous_1)
DA:1,1
DA:52,2
LF:2
LH:2
BRF:0
BRH:0
end_of_record
TN:
SF:./src/components/rxIdentity/scripts/Identity.js
FN:16,(anonymous_1)
FN:24,(anonymous_2)
FNF:2
FNH:2
FNDA:11,(anonymous_1)
FNDA:2,(anonymous_2)
DA:1,1
DA:17,11
DA:24,11
DA:25,2
DA:34,2
DA:37,11
LF:6
LH:6
BRF:0
BRH:0
end_of_record
TN:
SF:./src/components/rxInfoPanel/scripts/rxInfoPanel.js
FN:18,(anonymous_1)
FNF:1
FNH:1
FNDA:2,(anonymous_1)
DA:1,1
DA:19,2
LF:2
LH:2
BRF:0
BRH:0
end_of_record
TN:
SF:./src/components/rxLocalStorage/scripts/LocalStorage.js
FN:23,(anonymous_1)
FN:24,(anonymous_2)
FN:28,(anonymous_3)
FN:32,(anonymous_4)
FN:36,(anonymous_5)
FN:40,(anonymous_6)
FN:44,(anonymous_7)
FN:48,(anonymous_8)
FN:53,(anonymous_9)
FNF:9
FNH:9
FNDA:143,(anonymous_1)
FNDA:173,(anonymous_2)
FNDA:73,(anonymous_3)
FNDA:2,(anonymous_4)
FNDA:1,(anonymous_5)
FNDA:113,(anonymous_6)
FNDA:7,(anonymous_7)
FNDA:159,(anonymous_8)
FNDA:523,(anonymous_9)
DA:1,1
DA:24,143
DA:25,173
DA:28,143
DA:29,73
DA:32,143
DA:33,2
DA:36,143
DA:37,1
DA:40,143
DA:41,113
DA:44,143
DA:45,7
DA:48,143
DA:49,159
DA:50,159
DA:53,143
DA:54,523
DA:55,523
DA:56,523
DA:58,0
DA:61,523
LF:22
LH:21
BRDA:49,1,0,159
BRDA:49,1,1,0
BRDA:49,2,0,159
BRDA:49,2,1,0
BRF:4
BRH:2
end_of_record
TN:
SF:./src/components/rxLogout/scripts/rxLogout.js
FN:18,(anonymous_1)
FN:24,(anonymous_2)
FN:28,(anonymous_3)
FNF:3
FNH:3
FNDA:3,(anonymous_1)
FNDA:4,(anonymous_2)
FNDA:3,(anonymous_3)
DA:1,1
DA:19,3
DA:26,4
DA:28,4
DA:29,3
DA:33,3
DA:34,2
DA:37,3
LF:8
LH:8
BRDA:26,1,0,3
BRDA:26,1,1,1
BRDA:26,2,0,4
BRDA:26,2,1,3
BRDA:33,3,0,2
BRDA:33,3,1,1
BRF:6
BRH:6
end_of_record
TN:
SF:./src/components/rxMetadata/scripts/rxMeta.js
FN:41,(anonymous_1)
FNF:1
FNH:0
FNDA:0,(anonymous_1)
DA:1,1
DA:42,0
LF:2
LH:1
BRF:0
BRH:0
end_of_record
TN:
SF:./src/components/rxMetadata/scripts/rxMetadata.js
FN:52,(anonymous_1)
FNF:1
FNH:0
FNDA:0,(anonymous_1)
DA:1,1
DA:53,0
LF:2
LH:1
BRF:0
BRH:0
end_of_record
TN:
SF:./src/components/rxMisc/scripts/rxAutoSave.js
FN:348,(anonymous_1)
FN:394,(anonymous_2)
FN:403,(anonymous_3)
FN:418,(anonymous_4)
FN:433,(anonymous_5)
FN:440,(anonymous_6)
FN:446,(anonymous_7)
FN:452,(anonymous_8)
FN:461,(anonymous_9)
FN:469,(anonymous_10)
FN:475,(anonymous_11)
FN:483,(anonymous_12)
FN:499,(anonymous_13)
FN:506,(anonymous_14)
FN:526,(anonymous_15)
FN:530,(anonymous_16)
FN:534,(anonymous_17)
FN:538,(anonymous_18)
FN:545,(anonymous_19)
FN:565,(anonymous_20)
FN:572,(anonymous_21)
FNF:21
FNH:21
FNDA:17,(anonymous_1)
FNDA:63,(anonymous_2)
FNDA:503,(anonymous_3)
FNDA:337,(anonymous_4)
FNDA:166,(anonymous_5)
FNDA:57,(anonymous_6)
FNDA:57,(anonymous_7)
FNDA:110,(anonymous_8)
FNDA:3,(anonymous_9)
FNDA:114,(anonymous_10)
FNDA:53,(anonymous_11)
FNDA:63,(anonymous_12)
FNDA:110,(anonymous_13)
FNDA:57,(anonymous_14)
FNDA:3,(anonymous_15)
FNDA:2,(anonymous_16)
FNDA:1,(anonymous_17)
FNDA:4,(anonymous_18)
FNDA:53,(anonymous_19)
FNDA:59,(anonymous_20)
FNDA:59,(anonymous_21)
DA:1,1
DA:379,17
DA:394,17
DA:395,63
DA:396,63
DA:397,63
DA:403,17
DA:404,503
DA:418,17
DA:419,337
DA:420,337
DA:421,74
DA:428,337
DA:433,17
DA:434,166
DA:435,166
DA:436,166
DA:440,17
DA:441,57
DA:446,17
DA:447,57
DA:452,17
DA:453,110
DA:454,110
DA:455,110
DA:461,17
DA:462,3
DA:463,3
DA:464,3
DA:465,3
DA:469,17
DA:470,114
DA:475,17
DA:476,53
DA:477,53
DA:478,53
DA:483,17
DA:484,63
DA:485,63
DA:495,63
DA:497,63
DA:499,63
DA:500,110
DA:501,110
DA:506,63
DA:507,57
DA:508,57
DA:511,0
DA:512,0
DA:515,57
DA:519,57
DA:520,57
DA:525,63
DA:527,3
DA:531,2
DA:535,1
DA:539,4
DA:543,63
DA:545,63
DA:547,53
DA:551,53
DA:554,53
DA:557,53
DA:563,63
DA:565,63
DA:566,59
DA:568,58
DA:572,63
DA:573,59
DA:574,57
DA:578,63
DA:579,1
DA:582,63
LF:73
LH:71
BRDA:397,1,0,63
BRDA:397,1,1,0
BRDA:404,2,0,503
BRDA:404,2,1,57
BRDA:420,3,0,74
BRDA:420,3,1,263
BRDA:470,4,0,114
BRDA:470,4,1,0
BRDA:484,5,0,63
BRDA:484,5,1,48
BRDA:500,6,0,110
BRDA:500,6,1,0
BRDA:508,7,0,0
BRDA:508,7,1,57
BRDA:508,8,0,57
BRDA:508,8,1,2
BRDA:566,9,0,58
BRDA:566,9,1,1
BRDA:573,10,0,57
BRDA:573,10,1,2
BRDA:578,11,0,1
BRDA:578,11,1,62
BRF:22
BRH:18
end_of_record
TN:
SF:./src/components/rxMisc/scripts/rxDOMHelper.js
FN:12,(anonymous_1)
FN:13,(anonymous_2)
FN:21,(anonymous_3)
FN:36,(anonymous_4)
FN:43,(anonymous_5)
FN:47,(anonymous_6)
FN:51,(anonymous_7)
FN:63,(anonymous_8)
FN:97,(anonymous_9)
FN:101,(anonymous_10)
FNF:10
FNH:5
FNDA:73,(anonymous_1)
FNDA:0,(anonymous_2)
FNDA:0,(anonymous_3)
FNDA:2,(anonymous_4)
FNDA:2,(anonymous_5)
FNDA:0,(anonymous_6)
FNDA:0,(anonymous_7)
FNDA:16,(anonymous_8)
FNDA:0,(anonymous_9)
FNDA:269,(anonymous_10)
DA:1,1
DA:13,73
DA:16,0
DA:17,0
DA:18,0
DA:21,73
DA:23,0
DA:24,0
DA:25,0
DA:26,0
DA:27,0
DA:28,0
DA:29,0
DA:30,0
DA:31,0
DA:32,0
DA:33,0
DA:36,73
DA:37,2
DA:38,1
DA:40,2
DA:43,73
DA:44,2
DA:47,73
DA:48,0
DA:51,73
DA:52,0
DA:55,0
DA:63,73
DA:65,16
DA:66,16
DA:70,16
DA:71,16
DA:75,16
DA:80,16
DA:81,13
DA:82,0
DA:89,16
DA:90,1
DA:92,15
DA:97,73
DA:98,0
DA:101,73
DA:102,269
DA:105,73
LF:45
LH:26
BRDA:17,1,0,0
BRDA:17,1,1,0
BRDA:17,1,2,0
BRDA:17,1,3,0
BRDA:27,2,0,0
BRDA:27,2,1,0
BRDA:28,3,0,0
BRDA:28,3,1,0
BRDA:37,4,0,1
BRDA:37,4,1,1
BRDA:55,5,0,0
BRDA:55,5,1,0
BRDA:66,6,0,0
BRDA:66,6,1,16
BRDA:66,7,0,16
BRDA:66,7,1,1
BRDA:80,8,0,13
BRDA:80,8,1,3
BRDA:89,9,0,1
BRDA:89,9,1,15
BRF:20
BRH:9
end_of_record
TN:
SF:./src/components/rxMisc/scripts/rxNestedElement.js
FN:28,(anonymous_1)
FN:29,(anonymous_2)
FN:49,(anonymous_3)
FNF:3
FNH:3
FNDA:29,(anonymous_1)
FNDA:61,(anonymous_2)
FNDA:25,(anonymous_3)
DA:1,1
DA:29,29
DA:30,61
DA:32,61
DA:41,61
DA:42,46
DA:49,46
DA:52,61
LF:8
LH:8
BRDA:30,1,0,61
BRDA:30,1,1,6
BRDA:41,2,0,46
BRDA:41,2,1,15
BRF:4
BRH:4
end_of_record
TN:
SF:./src/components/rxMisc/scripts/titleize.js
FN:23,(anonymous_1)
FN:24,(anonymous_2)
FN:28,(anonymous_3)
FNF:3
FNH:3
FNDA:37,(anonymous_1)
FNDA:480,(anonymous_2)
FNDA:483,(anonymous_3)
DA:1,1
DA:24,37
DA:25,480
DA:29,483
LF:4
LH:4
BRF:0
BRH:0
end_of_record
TN:
SF:./src/components/rxModalAction/scripts/rxModalAction.js
FN:69,(anonymous_1)
FN:70,(anonymous_2)
FN:89,(anonymous_3)
FN:95,(anonymous_4)
FN:99,(anonymous_5)
FN:103,(anonymous_6)
FN:111,(anonymous_7)
FN:119,(anonymous_8)
FN:130,(anonymous_9)
FNF:9
FNH:9
FNDA:11,(anonymous_1)
FNDA:11,(anonymous_2)
FNDA:12,(anonymous_3)
FNDA:12,(anonymous_4)
FNDA:5,(anonymous_5)
FNDA:2,(anonymous_6)
FNDA:3,(anonymous_7)
FNDA:11,(anonymous_8)
FNDA:11,(anonymous_9)
DA:1,1
DA:70,11
DA:71,11
DA:77,11
DA:79,11
DA:81,11
DA:84,11
DA:90,12
DA:93,12
DA:95,12
DA:96,12
DA:99,12
DA:100,5
DA:103,12
DA:104,2
DA:108,2
DA:111,12
DA:112,3
DA:116,3
DA:119,12
DA:120,11
DA:122,11
DA:123,0
DA:128,11
DA:130,11
DA:131,11
DA:133,11
DA:137,11
DA:139,11
DA:140,0
DA:143,11
DA:145,11
LF:32
LH:30
BRDA:122,1,0,0
BRDA:122,1,1,11
BRDA:139,2,0,0
BRDA:139,2,1,11
BRF:4
BRH:2
end_of_record
TN:
SF:./src/components/rxModalAction/scripts/rxModalCtrl.js
FN:2,(anonymous_1)
FN:4,(anonymous_2)
FNF:2
FNH:2
FNDA:7,(anonymous_1)
FNDA:4,(anonymous_2)
DA:1,1
DA:4,7
DA:5,4
DA:8,7
DA:11,7
LF:5
LH:5
BRF:0
BRH:0
end_of_record
TN:
SF:./src/components/rxModalAction/scripts/rxModalFooter.js
FN:35,(anonymous_1)
FN:38,(anonymous_2)
FN:47,(anonymous_3)
FNF:3
FNH:3
FNDA:14,(anonymous_1)
FNDA:24,(anonymous_2)
FNDA:4,(anonymous_3)
DA:1,1
DA:36,14
DA:39,24
DA:43,24
DA:47,24
DA:48,4
LF:6
LH:6
BRF:0
BRH:0
end_of_record
TN:
SF:./src/components/rxModalAction/scripts/rxModalFooterTemplates.js
FN:16,(anonymous_1)
FN:26,(anonymous_2)
FN:29,(anonymous_3)
FN:41,(anonymous_4)
FNF:4
FNH:4
FNDA:14,(anonymous_1)
FNDA:15,(anonymous_2)
FNDA:27,(anonymous_3)
FNDA:26,(anonymous_4)
DA:1,1
DA:17,14
DA:18,14
DA:20,14
DA:27,15
DA:28,15
DA:29,15
DA:30,27
DA:42,26
DA:43,22
DA:45,4
LF:11
LH:11
BRDA:42,1,0,22
BRDA:42,1,1,4
BRF:2
BRH:2
end_of_record
TN:
SF:./src/components/rxModalAction/scripts/rxModalForm.js
FN:28,(anonymous_1)
FN:42,(anonymous_2)
FN:47,(anonymous_3)
FN:56,(anonymous_4)
FN:77,(anonymous_5)
FNF:5
FNH:5
FNDA:10,(anonymous_1)
FNDA:11,(anonymous_2)
FNDA:11,(anonymous_3)
FNDA:10,(anonymous_4)
FNDA:10,(anonymous_5)
DA:1,1
DA:29,10
DA:44,11
DA:47,11
DA:48,11
DA:51,11
DA:56,11
DA:57,10
DA:59,10
DA:60,2
DA:61,2
DA:63,8
DA:64,8
DA:66,8
DA:67,8
DA:68,7
DA:71,10
DA:72,9
DA:77,11
DA:78,10
DA:83,11
LF:21
LH:21
BRDA:59,1,0,2
BRDA:59,1,1,8
BRDA:59,2,0,10
BRDA:59,2,1,9
BRDA:67,3,0,7
BRDA:67,3,1,1
BRDA:71,4,0,9
BRDA:71,4,1,1
BRF:8
BRH:8
end_of_record
TN:
SF:./src/components/rxMultiSelect/scripts/rxMultiSelect.js
FN:42,(anonymous_1)
FN:52,(anonymous_2)
FN:58,(anonymous_3)
FN:64,(anonymous_4)
FN:72,(anonymous_5)
FN:75,(anonymous_6)
FN:78,(anonymous_7)
FN:86,(anonymous_8)
FN:92,(anonymous_9)
FN:97,(anonymous_10)
FN:105,(anonymous_11)
FN:111,(anonymous_12)
FN:122,(anonymous_13)
FN:123,(anonymous_14)
FN:124,(anonymous_15)
FN:125,getLabel
FNF:16
FNH:14
FNDA:33,(anonymous_1)
FNDA:33,(anonymous_2)
FNDA:202,(anonymous_3)
FNDA:4,(anonymous_4)
FNDA:26,(anonymous_5)
FNDA:6,(anonymous_6)
FNDA:1141,(anonymous_7)
FNDA:165,(anonymous_8)
FNDA:33,(anonymous_9)
FNDA:0,(anonymous_10)
FNDA:0,(anonymous_11)
FNDA:6,(anonymous_12)
FNDA:258,(anonymous_13)
FNDA:258,(anonymous_14)
FNDA:258,(anonymous_15)
FNDA:16,getLabel
DA:1,1
DA:43,33
DA:53,33
DA:54,32
DA:57,33
DA:58,33
DA:59,202
DA:60,167
DA:61,167
DA:64,33
DA:65,4
DA:66,2
DA:67,2
DA:68,2
DA:72,33
DA:73,26
DA:75,33
DA:76,6
DA:78,33
DA:79,1141
DA:80,195
DA:82,946
DA:86,33
DA:87,165
DA:88,165
DA:93,33
DA:95,33
DA:97,33
DA:98,0
DA:99,0
DA:100,0
DA:104,33
DA:105,33
DA:106,0
DA:109,33
DA:111,33
DA:112,6
DA:113,4
DA:115,2
DA:119,33
DA:120,33
DA:122,33
DA:123,258
DA:124,258
DA:125,1
DA:126,16
DA:127,16
DA:130,258
DA:131,228
DA:132,30
DA:133,8
DA:134,22
DA:135,8
DA:136,8
DA:137,14
DA:138,10
DA:140,4
DA:146,33
LF:58
LH:54
BRDA:53,1,0,32
BRDA:53,1,1,1
BRDA:59,2,0,167
BRDA:59,2,1,35
BRDA:65,3,0,2
BRDA:65,3,1,2
BRDA:73,4,0,6
BRDA:73,4,1,20
BRDA:76,5,0,2
BRDA:76,5,1,4
BRDA:79,6,0,195
BRDA:79,6,1,946
BRDA:87,7,0,165
BRDA:87,7,1,0
BRDA:98,8,0,0
BRDA:98,8,1,0
BRDA:112,9,0,4
BRDA:112,9,1,2
BRDA:130,10,0,228
BRDA:130,10,1,30
BRDA:132,11,0,8
BRDA:132,11,1,22
BRDA:133,12,0,8
BRDA:133,12,1,0
BRDA:134,13,0,8
BRDA:134,13,1,14
BRDA:136,14,0,8
BRDA:136,14,1,0
BRDA:137,15,0,10
BRDA:137,15,1,4
BRF:30
BRH:25
end_of_record
TN:
SF:./src/components/rxMultiSelect/scripts/rxSelectOption.js
FN:22,(anonymous_1)
FN:31,(anonymous_2)
FN:34,(anonymous_3)
FN:43,(anonymous_4)
FN:45,(anonymous_5)
FN:51,(anonymous_6)
FNF:6
FNH:4
FNDA:33,(anonymous_1)
FNDA:198,(anonymous_2)
FNDA:0,(anonymous_3)
FNDA:1133,(anonymous_4)
FNDA:284,(anonymous_5)
FNDA:0,(anonymous_6)
DA:1,1
DA:23,33
DA:32,198
DA:34,198
DA:35,0
DA:36,0
DA:38,0
DA:43,198
DA:44,1133
DA:46,284
DA:49,198
DA:51,198
DA:52,0
LF:13
LH:9
BRDA:35,1,0,0
BRDA:35,1,1,0
BRF:2
BRH:0
end_of_record
TN:
SF:./src/components/rxNotify/scripts/rxNotification.js
FN:17,(anonymous_1)
FN:27,(anonymous_2)
FNF:2
FNH:2
FNDA:28,(anonymous_1)
FNDA:4,(anonymous_2)
DA:1,1
DA:18,28
DA:28,4
DA:48,1
DA:49,1
DA:53,1
LF:6
LH:6
BRDA:28,1,0,1
BRDA:28,1,1,3
BRF:2
BRH:2
end_of_record
TN:
SF:./src/components/rxNotify/scripts/rxNotifications.js
FN:17,(anonymous_1)
FN:25,(anonymous_2)
FN:30,(anonymous_3)
FN:34,(anonymous_4)
FN:38,(anonymous_5)
FN:40,(anonymous_6)
FNF:6
FNH:6
FNDA:28,(anonymous_1)
FNDA:4,(anonymous_2)
FNDA:1,(anonymous_3)
FNDA:4,(anonymous_4)
FNDA:17,(anonymous_5)
FNDA:5,(anonymous_6)
DA:1,1
DA:18,28
DA:30,4
DA:31,1
DA:35,4
DA:38,4
DA:39,17
DA:41,5
DA:44,4
LF:9
LH:9
BRDA:35,1,0,4
BRDA:35,1,1,4
BRF:2
BRH:2
end_of_record
TN:
SF:./src/components/rxNotify/scripts/rxNotify.js
FN:79,(anonymous_1)
FN:107,(anonymous_2)
FN:134,(anonymous_3)
FN:138,(anonymous_4)
FN:152,(anonymous_5)
FN:166,(anonymous_6)
FN:171,(anonymous_7)
FN:183,(anonymous_8)
FN:184,(anonymous_9)
FN:196,(anonymous_10)
FN:197,(anonymous_11)
FN:214,(anonymous_12)
FN:229,(anonymous_13)
FN:234,(anonymous_14)
FN:297,(anonymous_15)
FN:340,processRouteChange
FNF:16
FNH:16
FNDA:97,(anonymous_1)
FNDA:49,(anonymous_2)
FNDA:3,(anonymous_3)
FNDA:2,(anonymous_4)
FNDA:4,(anonymous_5)
FNDA:1,(anonymous_6)
FNDA:2,(anonymous_7)
FNDA:6,(anonymous_8)
FNDA:6,(anonymous_9)
FNDA:6,(anonymous_10)
FNDA:2,(anonymous_11)
FNDA:4,(anonymous_12)
FNDA:13,(anonymous_13)
FNDA:1,(anonymous_14)
FNDA:53,(anonymous_15)
FNDA:6,processRouteChange
DA:1,1
DA:80,97
DA:81,97
DA:84,97
DA:87,97
DA:89,97
DA:107,97
DA:109,49
DA:110,6
DA:111,1
DA:116,48
DA:117,3
DA:121,48
DA:122,46
DA:134,97
DA:136,3
DA:138,3
DA:139,2
DA:152,97
DA:153,4
DA:154,4
DA:157,4
DA:160,4
DA:161,1
DA:162,3
DA:163,3
DA:166,3
DA:167,1
DA:171,4
DA:172,2
DA:173,2
DA:183,97
DA:184,6
DA:185,6
DA:196,97
DA:197,6
DA:199,2
DA:203,6
DA:214,97
DA:215,4
DA:217,3
DA:229,97
DA:231,13
DA:233,13
DA:234,1
DA:235,1
DA:297,97
DA:298,53
DA:302,53
DA:305,53
DA:308,53
DA:311,53
DA:312,5
DA:316,53
DA:319,53
DA:322,53
DA:323,3
DA:327,53
DA:328,46
DA:329,7
DA:330,6
DA:331,1
DA:332,1
DA:336,53
DA:340,97
DA:341,6
DA:342,6
DA:346,97
LF:68
LH:68
BRDA:109,1,0,6
BRDA:109,1,1,43
BRDA:110,2,0,1
BRDA:110,2,1,5
BRDA:116,3,0,3
BRDA:116,3,1,45
BRDA:121,4,0,46
BRDA:121,4,1,2
BRDA:160,5,0,1
BRDA:160,5,1,3
BRDA:162,6,0,3
BRDA:162,6,1,0
BRDA:172,7,0,2
BRDA:172,7,1,0
BRDA:215,8,0,3
BRDA:215,8,1,1
BRDA:233,9,0,1
BRDA:233,9,1,12
BRDA:302,10,0,53
BRDA:302,10,1,12
BRDA:308,11,0,53
BRDA:308,11,1,32
BRDA:311,12,0,5
BRDA:311,12,1,48
BRDA:322,13,0,3
BRDA:322,13,1,50
BRDA:327,14,0,46
BRDA:327,14,1,7
BRDA:329,15,0,6
BRDA:329,15,1,1
BRDA:331,16,0,1
BRDA:331,16,1,0
BRF:32
BRH:29
end_of_record
TN:
SF:./src/components/rxNotify/scripts/rxPromiseNotifications.js
FN:19,(anonymous_1)
FN:27,(anonymous_2)
FN:40,(anonymous_3)
FN:64,(anonymous_4)
FN:87,(anonymous_5)
FN:117,(anonymous_6)
FN:119,(anonymous_7)
FNF:7
FNH:7
FNDA:28,(anonymous_1)
FNDA:6,(anonymous_2)
FNDA:6,(anonymous_3)
FNDA:1,(anonymous_4)
FNDA:8,(anonymous_5)
FNDA:3,(anonymous_6)
FNDA:3,(anonymous_7)
DA:1,1
DA:20,28
DA:27,28
DA:28,6
DA:29,4
DA:40,28
DA:41,6
DA:43,4
DA:44,4
DA:46,4
DA:51,4
DA:52,2
DA:55,4
DA:64,28
DA:65,1
DA:66,1
DA:87,28
DA:88,8
DA:90,8
DA:92,8
DA:99,8
DA:103,8
DA:104,2
DA:107,8
DA:108,5
DA:112,8
DA:117,8
DA:118,3
DA:120,3
DA:124,8
DA:127,8
DA:129,8
DA:132,28
LF:33
LH:33
BRDA:28,1,0,4
BRDA:28,1,1,2
BRDA:41,2,0,4
BRDA:41,2,1,2
BRDA:41,3,0,6
BRDA:41,3,1,4
BRDA:51,4,0,2
BRDA:51,4,1,2
BRDA:103,5,0,2
BRDA:103,5,1,6
BRDA:107,6,0,5
BRDA:107,6,1,3
BRF:12
BRH:12
end_of_record
TN:
SF:./src/components/rxOptionTable/scripts/rxFormOptionTable.js
FN:11,(anonymous_1)
FNF:1
FNH:1
FNDA:1,(anonymous_1)
DA:1,1
DA:12,1
DA:15,1
DA:16,1
LF:4
LH:4
BRF:0
BRH:0
end_of_record
TN:
SF:./src/components/rxOptionTable/scripts/rxOptionTable.js
FN:60,(anonymous_1)
FN:75,(anonymous_2)
FN:78,(anonymous_3)
FN:79,(anonymous_4)
FN:84,(anonymous_5)
FN:92,(anonymous_6)
FN:94,(anonymous_7)
FN:103,(anonymous_8)
FN:112,(anonymous_9)
FN:117,(anonymous_10)
FN:141,(anonymous_11)
FN:156,(anonymous_12)
FN:166,(anonymous_13)
FN:177,(anonymous_14)
FN:196,(anonymous_15)
FNF:15
FNH:15
FNDA:18,(anonymous_1)
FNDA:19,(anonymous_2)
FNDA:19,(anonymous_3)
FNDA:11,(anonymous_4)
FNDA:385,(anonymous_5)
FNDA:1,(anonymous_6)
FNDA:2,(anonymous_7)
FNDA:212,(anonymous_8)
FNDA:368,(anonymous_9)
FNDA:159,(anonymous_10)
FNDA:44,(anonymous_11)
FNDA:14,(anonymous_12)
FNDA:14,(anonymous_13)
FNDA:2,(anonymous_14)
FNDA:91,(anonymous_15)
DA:1,1
DA:61,18
DA:76,19
DA:78,19
DA:79,19
DA:80,11
DA:84,19
DA:85,385
DA:86,131
DA:89,254
DA:92,19
DA:93,1
DA:94,1
DA:98,2
DA:99,2
DA:103,19
DA:104,212
DA:112,19
DA:113,368
DA:117,19
DA:119,159
DA:120,128
DA:121,61
DA:122,67
DA:123,67
DA:125,17
DA:128,50
DA:133,31
DA:141,19
DA:142,44
DA:143,33
DA:145,11
DA:156,19
DA:157,14
DA:158,14
DA:159,14
DA:165,19
DA:166,19
DA:167,14
DA:168,5
DA:177,19
DA:178,2
DA:179,2
DA:180,2
DA:182,2
DA:184,2
DA:185,2
DA:187,0
DA:196,19
DA:197,91
DA:199,91
DA:200,0
DA:204,91
DA:205,87
DA:209,4
DA:210,4
LF:56
LH:54
BRDA:85,1,0,131
BRDA:85,1,1,254
BRDA:85,2,0,385
BRDA:85,2,1,285
BRDA:119,3,0,128
BRDA:119,3,1,31
BRDA:120,4,0,61
BRDA:120,4,1,67
BRDA:122,5,0,67
BRDA:122,5,1,0
BRDA:123,6,0,17
BRDA:123,6,1,50
BRDA:142,7,0,33
BRDA:142,7,1,11
BRDA:143,8,0,33
BRDA:143,8,1,33
BRDA:158,9,0,3
BRDA:158,9,1,11
BRDA:167,10,0,5
BRDA:167,10,1,9
BRDA:179,11,0,0
BRDA:179,11,1,2
BRDA:180,12,0,0
BRDA:180,12,1,2
BRDA:182,13,0,2
BRDA:182,13,1,0
BRDA:184,14,0,2
BRDA:184,14,1,0
BRDA:199,15,0,0
BRDA:199,15,1,91
BRDA:204,16,0,87
BRDA:204,16,1,4
BRF:32
BRH:26
end_of_record
TN:
SF:./src/components/rxPageTitle/scripts/rxPageTitle.js
FN:23,(anonymous_1)
FN:27,(anonymous_2)
FN:36,(anonymous_3)
FN:41,(anonymous_4)
FN:44,(anonymous_5)
FN:47,(anonymous_6)
FN:55,(anonymous_7)
FN:60,(anonymous_8)
FNF:8
FNH:8
FNDA:12,(anonymous_1)
FNDA:12,(anonymous_2)
FNDA:12,(anonymous_3)
FNDA:3,(anonymous_4)
FNDA:1,(anonymous_5)
FNDA:7,(anonymous_6)
FNDA:5,(anonymous_7)
FNDA:10,(anonymous_8)
DA:1,1
DA:24,12
DA:27,12
DA:28,12
DA:29,2
DA:31,10
DA:36,12
DA:37,12
DA:40,12
DA:42,3
DA:45,1
DA:48,7
DA:49,7
DA:56,5
DA:57,5
DA:61,10
LF:16
LH:16
BRDA:28,1,0,2
BRDA:28,1,1,10
BRF:2
BRH:2
end_of_record
TN:
SF:./src/components/rxPageTitle/scripts/rxUnsafeRemoveHTML.js
FN:15,(anonymous_1)
FN:16,(anonymous_2)
FNF:2
FNH:2
FNDA:10,(anonymous_1)
FNDA:10,(anonymous_2)
DA:1,1
DA:16,10
DA:18,10
DA:19,2
DA:22,10
DA:23,10
DA:24,10
LF:7
LH:7
BRDA:18,1,0,2
BRDA:18,1,1,8
BRDA:24,2,0,10
BRDA:24,2,1,2
BRDA:24,2,2,2
BRF:5
BRH:5
end_of_record
TN:
SF:./src/components/rxPaginate/scripts/Page.js
FN:14,(anonymous_1)
FN:15,(anonymous_2)
FNF:2
FNH:2
FNDA:22,(anonymous_1)
FNDA:121,(anonymous_2)
DA:1,1
DA:15,22
DA:16,121
DA:17,0
DA:20,121
DA:27,121
DA:29,121
DA:34,121
DA:36,497
DA:40,121
LF:10
LH:9
BRDA:16,1,0,0
BRDA:16,1,1,121
BRDA:22,2,0,121
BRDA:22,2,1,6
BRDA:27,3,0,121
BRDA:27,3,1,0
BRDA:27,4,0,121
BRDA:27,4,1,121
BRF:8
BRH:6
end_of_record
TN:
SF:./src/components/rxPaginate/scripts/PageTracking.js
FN:14,(anonymous_1)
FN:15,PageTrackingObject
FN:55,(anonymous_3)
FN:62,(anonymous_4)
FN:66,updateCache
FN:75,(anonymous_6)
FN:89,(anonymous_7)
FN:97,(anonymous_8)
FN:101,(anonymous_9)
FN:117,(anonymous_10)
FN:142,(anonymous_11)
FN:147,(anonymous_12)
FN:151,(anonymous_13)
FN:155,(anonymous_14)
FN:159,(anonymous_15)
FN:163,(anonymous_16)
FN:167,(anonymous_17)
FN:171,(anonymous_18)
FN:175,(anonymous_19)
FN:179,(anonymous_20)
FN:183,(anonymous_21)
FN:187,(anonymous_22)
FN:192,(anonymous_23)
FN:208,(anonymous_24)
FN:241,(anonymous_25)
FN:250,(anonymous_26)
FNF:26
FNH:26
FNDA:59,(anonymous_1)
FNDA:71,PageTrackingObject
FNDA:1,(anonymous_3)
FNDA:1470,(anonymous_4)
FNDA:151,updateCache
FNDA:22,(anonymous_6)
FNDA:38,(anonymous_7)
FNDA:165,(anonymous_8)
FNDA:137,(anonymous_9)
FNDA:149,(anonymous_10)
FNDA:2,(anonymous_11)
FNDA:692,(anonymous_12)
FNDA:694,(anonymous_13)
FNDA:1931,(anonymous_14)
FNDA:542,(anonymous_15)
FNDA:139,(anonymous_16)
FNDA:2,(anonymous_17)
FNDA:10,(anonymous_18)
FNDA:2,(anonymous_19)
FNDA:2,(anonymous_20)
FNDA:218,(anonymous_21)
FNDA:11,(anonymous_22)
FNDA:11,(anonymous_23)
FNDA:422,(anonymous_24)
FNDA:71,(anonymous_25)
FNDA:10,(anonymous_26)
DA:1,1
DA:15,1
DA:16,71
DA:30,71
DA:32,71
DA:33,71
DA:38,71
DA:39,58
DA:40,58
DA:43,71
DA:47,71
DA:48,3
DA:51,71
DA:56,1
DA:57,1
DA:62,1470
DA:66,1
DA:67,151
DA:68,151
DA:69,151
DA:70,151
DA:73,71
DA:75,71
DA:81,22
DA:82,22
DA:87,22
DA:89,71
DA:90,38
DA:97,71
DA:98,165
DA:99,15
DA:101,165
DA:102,137
DA:103,137
DA:104,137
DA:105,137
DA:106,69
DA:108,137
DA:117,71
DA:118,149
DA:119,149
DA:126,149
DA:127,85
DA:128,85
DA:135,64
DA:136,64
DA:142,71
DA:143,2
DA:144,2
DA:147,71
DA:148,692
DA:151,71
DA:152,694
DA:155,71
DA:156,1931
DA:159,71
DA:160,542
DA:163,71
DA:164,139
DA:167,71
DA:168,2
DA:171,71
DA:172,10
DA:175,71
DA:176,2
DA:179,71
DA:180,2
DA:183,71
DA:184,218
DA:187,71
DA:188,11
DA:192,11
DA:196,11
DA:199,11
DA:202,11
DA:203,10
DA:208,71
DA:209,422
DA:212,71
DA:214,71
DA:218,59
DA:242,71
DA:243,71
DA:244,71
DA:251,10
DA:255,59
LF:86
LH:86
BRDA:38,1,0,58
BRDA:38,1,1,13
BRDA:47,2,0,3
BRDA:47,2,1,68
BRDA:47,3,0,71
BRDA:47,3,1,12
BRDA:47,3,2,4
BRDA:68,4,0,55
BRDA:68,4,1,96
BRDA:69,5,0,151
BRDA:69,5,1,0
BRDA:98,6,0,15
BRDA:98,6,1,150
BRDA:105,7,0,69
BRDA:105,7,1,68
BRDA:118,8,0,149
BRDA:118,8,1,104
BRDA:126,9,0,85
BRDA:126,9,1,64
BRDA:126,10,0,149
BRDA:126,10,1,105
BRDA:135,11,0,64
BRDA:135,11,1,52
BRDA:143,12,0,1
BRDA:143,12,1,1
BRDA:202,13,0,10
BRDA:202,13,1,1
BRDA:242,14,0,62
BRDA:242,14,1,9
BRF:29
BRH:28
end_of_record
TN:
SF:./src/components/rxPaginate/scripts/Paginate.js
FN:15,(anonymous_1)
FN:16,(anonymous_2)
FNF:2
FNH:2
FNDA:4,(anonymous_1)
FNDA:8,(anonymous_2)
DA:1,1
DA:16,4
DA:17,8
DA:18,0
DA:20,8
DA:21,0
DA:22,0
DA:24,8
DA:26,8
DA:33,8
DA:34,3
DA:35,2
DA:38,8
DA:39,8
LF:14
LH:11
BRDA:17,1,0,0
BRDA:17,1,1,8
BRDA:20,2,0,0
BRDA:20,2,1,8
BRDA:24,3,0,8
BRDA:24,3,1,0
BRDA:33,4,0,3
BRDA:33,4,1,5
BRDA:34,5,0,2
BRDA:34,5,1,1
BRF:10
BRH:7
end_of_record
TN:
SF:./src/components/rxPaginate/scripts/PaginatedItemsSummary.js
FN:14,(anonymous_1)
FN:15,(anonymous_2)
FNF:2
FNH:2
FNDA:23,(anonymous_1)
FNDA:111,(anonymous_2)
DA:1,1
DA:15,23
DA:16,111
DA:17,111
DA:18,6
DA:20,111
DA:21,111
LF:7
LH:7
BRDA:17,1,0,6
BRDA:17,1,1,105
BRDA:17,2,0,111
BRDA:17,2,1,110
BRF:4
BRH:4
end_of_record
TN:
SF:./src/components/rxPaginate/scripts/rxLoadingOverlay.js
FN:16,(anonymous_1)
FN:27,(anonymous_2)
FN:28,(anonymous_3)
FN:32,(anonymous_4)
FN:36,(anonymous_5)
FN:41,(anonymous_6)
FN:47,(anonymous_7)
FNF:7
FNH:7
FNDA:8,(anonymous_1)
FNDA:8,(anonymous_2)
FNDA:17,(anonymous_3)
FNDA:13,(anonymous_4)
FNDA:17,(anonymous_5)
FNDA:8,(anonymous_6)
FNDA:8,(anonymous_7)
DA:1,1
DA:17,8
DA:24,8
DA:28,8
DA:29,17
DA:32,8
DA:33,13
DA:36,8
DA:37,17
DA:38,17
DA:44,8
DA:45,8
DA:47,8
DA:48,8
LF:14
LH:14
BRF:0
BRH:0
end_of_record
TN:
SF:./src/components/rxPaginate/scripts/rxPaginate.js
FN:28,(anonymous_1)
FN:43,(anonymous_2)
FN:61,(anonymous_3)
FN:68,(anonymous_4)
FN:78,(anonymous_5)
FN:95,(anonymous_6)
FN:110,(anonymous_7)
FN:111,(anonymous_8)
FNF:8
FNH:7
FNDA:20,(anonymous_1)
FNDA:20,(anonymous_2)
FNDA:0,(anonymous_3)
FNDA:17,(anonymous_4)
FNDA:17,(anonymous_5)
FNDA:14,(anonymous_6)
FNDA:32,(anonymous_7)
FNDA:38,(anonymous_8)
DA:1,1
DA:29,20
DA:45,20
DA:47,20
DA:54,20
DA:55,20
DA:56,8
DA:59,20
DA:61,20
DA:62,0
DA:66,20
DA:68,8
DA:69,17
DA:70,17
DA:78,8
DA:79,17
DA:82,17
DA:84,17
DA:85,0
DA:89,17
DA:93,8
DA:95,8
DA:96,14
DA:97,14
DA:104,8
DA:106,8
DA:108,8
DA:110,8
DA:111,32
DA:112,38
DA:113,6
DA:119,8
DA:120,8
DA:123,8
DA:124,8
DA:127,8
DA:128,8
DA:130,8
DA:131,8
DA:134,8
LF:40
LH:38
BRDA:47,1,0,20
BRDA:47,1,1,12
BRDA:55,2,0,28
BRDA:55,2,1,8
BRDA:66,3,0,8
BRDA:66,3,1,12
BRDA:69,4,0,1
BRDA:69,4,1,16
BRDA:84,5,0,0
BRDA:84,5,1,17
BRDA:112,6,0,6
BRDA:112,6,1,32
BRDA:119,7,0,8
BRDA:119,7,1,0
BRDA:123,8,0,8
BRDA:123,8,1,0
BRDA:127,9,0,8
BRDA:127,9,1,0
BRDA:130,10,0,8
BRDA:130,10,1,0
BRF:20
BRH:15
end_of_record
TN:
SF:./src/components/rxPaginate/scripts/rxPaginateUtils.js
FN:8,(anonymous_1)
FN:11,(anonymous_2)
FN:28,(anonymous_3)
FNF:3
FNH:3
FNDA:74,(anonymous_1)
FNDA:124,(anonymous_2)
FNDA:8,(anonymous_3)
DA:1,1
DA:9,74
DA:11,74
DA:12,124
DA:13,124
DA:14,124
DA:16,124
DA:28,74
DA:29,8
DA:30,8
DA:32,8
DA:38,74
LF:12
LH:12
BRDA:14,1,0,16
BRDA:14,1,1,108
BRF:2
BRH:2
end_of_record
TN:
SF:./src/components/rxPermission/scripts/Permission.js
FN:16,(anonymous_1)
FN:19,(anonymous_2)
FN:20,(anonymous_3)
FN:25,(anonymous_4)
FN:36,(anonymous_5)
FN:44,(anonymous_6)
FN:58,(anonymous_7)
FN:72,(anonymous_8)
FN:85,(anonymous_9)
FNF:9
FNH:9
FNDA:52,(anonymous_1)
FNDA:7,(anonymous_2)
FNDA:12,(anonymous_3)
FNDA:198,(anonymous_4)
FNDA:198,(anonymous_5)
FNDA:354,(anonymous_6)
FNDA:199,(anonymous_7)
FNDA:121,(anonymous_8)
FNDA:77,(anonymous_9)
DA:1,1
DA:17,52
DA:19,52
DA:20,7
DA:21,12
DA:25,52
DA:26,198
DA:36,52
DA:39,198
DA:40,7
DA:43,198
DA:44,198
DA:45,354
DA:58,52
DA:59,199
DA:60,199
DA:72,52
DA:73,121
DA:85,52
DA:86,77
DA:89,52
LF:21
LH:21
BRDA:39,1,0,7
BRDA:39,1,1,191
BRDA:60,2,0,198
BRDA:60,2,1,1
BRDA:60,3,0,199
BRDA:60,3,1,198
BRDA:60,3,2,198
BRDA:60,3,3,198
BRF:8
BRH:8
end_of_record
TN:
SF:./src/components/rxPermission/scripts/rxPermission.js
FN:15,(anonymous_1)
FN:23,(anonymous_2)
FN:24,(anonymous_3)
FNF:3
FNH:3
FNDA:4,(anonymous_1)
FNDA:16,(anonymous_2)
FNDA:104,(anonymous_3)
DA:1,1
DA:16,4
DA:24,16
DA:25,104
LF:4
LH:4
BRF:0
BRH:0
end_of_record
TN:
SF:./src/components/rxRadio/scripts/rxRadio.js
FN:38,(anonymous_1)
FN:44,(anonymous_2)
FN:49,(anonymous_3)
FN:67,(anonymous_4)
FN:76,(anonymous_5)
FN:81,(anonymous_6)
FNF:6
FNH:4
FNDA:10,(anonymous_1)
FNDA:10,(anonymous_2)
FNDA:9,(anonymous_3)
FNDA:8,(anonymous_4)
FNDA:0,(anonymous_5)
FNDA:0,(anonymous_6)
DA:1,1
DA:39,10
DA:46,10
DA:47,10
DA:49,10
DA:50,9
DA:51,9
DA:52,9
DA:56,9
DA:57,9
DA:59,9
DA:63,9
DA:64,2
DA:66,9
DA:67,4
DA:68,8
DA:69,2
DA:71,6
DA:76,9
DA:77,0
DA:81,9
DA:82,0
LF:22
LH:20
BRDA:63,1,0,2
BRDA:63,1,1,7
BRDA:66,2,0,4
BRDA:66,2,1,5
BRDA:68,3,0,2
BRDA:68,3,1,6
BRF:6
BRH:6
end_of_record
TN:
SF:./src/components/rxSearchBox/scripts/rxSearchBox.js
FN:39,(anonymous_1)
FN:49,(anonymous_2)
FN:53,(anonymous_3)
FN:61,(anonymous_4)
FN:65,(anonymous_5)
FNF:5
FNH:5
FNDA:8,(anonymous_1)
FNDA:8,(anonymous_2)
FNDA:10,(anonymous_3)
FNDA:1,(anonymous_4)
FNDA:8,(anonymous_5)
DA:1,1
DA:40,8
DA:50,8
DA:51,8
DA:53,8
DA:54,10
DA:55,2
DA:57,8
DA:61,8
DA:62,1
DA:66,8
DA:67,8
DA:68,0
LF:13
LH:12
BRDA:50,1,0,8
BRDA:50,1,1,6
BRDA:51,2,0,8
BRDA:51,2,1,7
BRDA:54,3,0,2
BRDA:54,3,1,8
BRDA:67,4,0,0
BRDA:67,4,1,8
BRF:8
BRH:7
end_of_record
TN:
SF:./src/components/rxSelect/scripts/rxSelect.js
FN:47,(anonymous_1)
FN:53,(anonymous_2)
FN:73,(anonymous_3)
FN:82,(anonymous_4)
FN:87,(anonymous_5)
FNF:5
FNH:3
FNDA:43,(anonymous_1)
FNDA:42,(anonymous_2)
FNDA:8,(anonymous_3)
FNDA:0,(anonymous_4)
FNDA:0,(anonymous_5)
DA:1,1
DA:48,43
DA:54,42
DA:55,42
DA:56,42
DA:62,42
DA:63,42
DA:65,42
DA:69,42
DA:70,2
DA:72,42
DA:73,4
DA:74,8
DA:75,2
DA:77,6
DA:82,42
DA:83,0
DA:87,42
DA:88,0
LF:19
LH:17
BRDA:69,1,0,2
BRDA:69,1,1,40
BRDA:72,2,0,4
BRDA:72,2,1,38
BRDA:74,3,0,2
BRDA:74,3,1,6
BRF:6
BRH:6
end_of_record
TN:
SF:./src/components/rxSelectFilter/scripts/Apply.js
FN:18,(anonymous_1)
FN:19,(anonymous_2)
FNF:2
FNH:0
FNDA:0,(anonymous_1)
FNDA:0,(anonymous_2)
DA:1,1
DA:19,0
DA:20,0
LF:3
LH:1
BRF:0
BRH:0
end_of_record
TN:
SF:./src/components/rxSelectFilter/scripts/SelectFilter.js
FN:96,(anonymous_1)
FN:137,(anonymous_2)
FN:148,init
FN:149,(anonymous_4)
FN:164,isItemValid
FN:165,(anonymous_6)
FN:170,(anonymous_7)
FNF:7
FNH:7
FNDA:4,(anonymous_1)
FNDA:4,(anonymous_2)
FNDA:4,init
FNDA:8,(anonymous_4)
FNDA:9,isItemValid
FNDA:13,(anonymous_6)
FNDA:5,(anonymous_7)
DA:1,1
DA:97,4
DA:138,4
DA:144,4
DA:146,4
DA:148,1
DA:149,4
DA:150,8
DA:151,8
DA:158,8
DA:159,4
DA:164,1
DA:165,9
DA:166,13
DA:170,4
DA:171,5
DA:172,4
DA:173,4
DA:175,5
DA:178,4
LF:20
LH:20
BRDA:141,1,0,4
BRDA:141,1,1,0
BRDA:150,2,0,8
BRDA:150,2,1,0
BRDA:158,3,0,4
BRDA:158,3,1,4
BRDA:171,4,0,4
BRDA:171,4,1,1
BRF:8
BRH:6
end_of_record
TN:
SF:./src/components/rxSelectFilter/scripts/rxSelectFilter.js
FN:35,(anonymous_1)
FNF:1
FNH:1
FNDA:2,(anonymous_1)
DA:1,1
DA:36,2
LF:2
LH:2
BRF:0
BRH:0
end_of_record
TN:
SF:./src/components/rxSession/scripts/Session.js
FN:20,(anonymous_1)
FN:28,(anonymous_2)
FN:37,(anonymous_3)
FN:44,(anonymous_4)
FN:48,(anonymous_5)
FN:52,(anonymous_6)
FN:56,(anonymous_7)
FN:60,(anonymous_8)
FN:64,(anonymous_9)
FN:68,(anonymous_10)
FN:78,(anonymous_11)
FNF:11
FNH:11
FNDA:46,(anonymous_1)
FNDA:22,(anonymous_2)
FNDA:30,(anonymous_3)
FNDA:25,(anonymous_4)
FNDA:1,(anonymous_5)
FNDA:14,(anonymous_6)
FNDA:2,(anonymous_7)
FNDA:1,(anonymous_8)
FNDA:1,(anonymous_9)
FNDA:4,(anonymous_10)
FNDA:2,(anonymous_11)
DA:1,1
DA:21,46
DA:22,46
DA:28,46
DA:29,22
DA:33,22
DA:34,13
DA:37,9
DA:38,30
DA:41,9
DA:44,46
DA:45,25
DA:48,46
DA:49,1
DA:52,46
DA:53,14
DA:56,46
DA:57,2
DA:60,46
DA:61,1
DA:64,46
DA:65,1
DA:68,46
DA:69,4
DA:71,4
DA:72,3
DA:75,1
DA:78,46
DA:79,2
DA:80,2
DA:83,46
LF:31
LH:31
BRDA:31,1,0,22
BRDA:31,1,1,0
BRDA:33,2,0,13
BRDA:33,2,1,9
BRDA:33,3,0,22
BRDA:33,3,1,9
BRDA:38,4,0,25
BRDA:38,4,1,5
BRDA:71,5,0,3
BRDA:71,5,1,1
BRDA:80,6,0,1
BRDA:80,6,1,1
BRF:12
BRH:11
end_of_record
TN:
SF:./src/components/rxSortableColumn/scripts/rxSortEmptyTop.js
FN:19,(anonymous_1)
FN:20,(anonymous_2)
FN:24,(anonymous_3)
FNF:3
FNH:3
FNDA:4,(anonymous_1)
FNDA:4,(anonymous_2)
FNDA:60,(anonymous_3)
DA:1,1
DA:20,4
DA:22,4
DA:24,4
DA:25,60
DA:28,4
LF:6
LH:6
BRDA:25,1,0,60
BRDA:25,1,1,49
BRF:2
BRH:2
end_of_record
TN:
SF:./src/components/rxSortableColumn/scripts/rxSortUtil.js
FN:14,(anonymous_1)
FN:17,(anonymous_2)
FN:21,(anonymous_3)
FNF:3
FNH:3
FNDA:4,(anonymous_1)
FNDA:2,(anonymous_2)
FNDA:2,(anonymous_3)
DA:1,1
DA:15,4
DA:17,4
DA:18,2
DA:21,4
DA:22,2
DA:23,2
DA:28,2
DA:29,2
DA:33,4
LF:10
LH:10
BRDA:22,1,0,1
BRDA:22,1,1,1
BRDA:28,2,0,2
BRDA:28,2,1,0
BRF:4
BRH:3
end_of_record
TN:
SF:./src/components/rxSortableColumn/scripts/rxSortableColumn.js
FN:19,(anonymous_1)
FNF:1
FNH:1
FNDA:1,(anonymous_1)
DA:1,1
DA:20,1
LF:2
LH:2
BRF:0
BRH:0
end_of_record
TN:
SF:./src/components/rxSpinner/scripts/rxSpinner.js
FN:15,(anonymous_1)
FN:23,(anonymous_2)
FN:24,(anonymous_3)
FNF:3
FNH:3
FNDA:6,(anonymous_1)
FNDA:5,(anonymous_2)
FNDA:9,(anonymous_3)
DA:1,1
DA:16,6
DA:24,5
DA:25,9
DA:26,9
DA:27,9
DA:28,3
DA:30,6
LF:8
LH:8
BRDA:25,1,0,0
BRDA:25,1,1,9
BRDA:26,2,0,3
BRDA:26,2,1,6
BRDA:27,3,0,3
BRDA:27,3,1,6
BRF:6
BRH:5
end_of_record
TN:
SF:./src/components/rxStatus/scripts/ErrorFormatter.js
FN:9,(anonymous_1)
FN:15,(anonymous_2)
FNF:2
FNH:2
FNDA:16,(anonymous_1)
FNDA:5,(anonymous_2)
DA:1,1
DA:15,16
DA:16,5
DA:17,5
DA:18,4
DA:20,5
DA:23,16
LF:7
LH:7
BRDA:16,1,0,5
BRDA:16,1,1,1
BRDA:17,2,0,4
BRDA:17,2,1,1
BRDA:18,3,0,1
BRDA:18,3,1,3
BRF:6
BRH:6
end_of_record
TN:
SF:./src/components/rxStatus/scripts/Status.js
FN:171,(anonymous_1)
FN:175,(anonymous_2)
FN:182,(anonymous_3)
FN:193,(anonymous_4)
FN:203,(anonymous_5)
FN:212,(anonymous_6)
FN:221,(anonymous_7)
FN:230,(anonymous_8)
FN:237,(anonymous_9)
FN:246,(anonymous_10)
FN:250,(anonymous_11)
FN:254,(anonymous_12)
FN:259,(anonymous_13)
FN:281,(anonymous_14)
FN:294,(anonymous_15)
FN:299,(anonymous_16)
FN:305,(anonymous_17)
FN:311,(anonymous_18)
FN:316,(anonymous_19)
FN:326,(anonymous_20)
FN:332,(anonymous_21)
FN:336,(anonymous_22)
FN:341,(anonymous_23)
FNF:23
FNH:23
FNDA:12,(anonymous_1)
FNDA:1,(anonymous_2)
FNDA:6,(anonymous_3)
FNDA:1,(anonymous_4)
FNDA:1,(anonymous_5)
FNDA:2,(anonymous_6)
FNDA:2,(anonymous_7)
FNDA:10,(anonymous_8)
FNDA:10,(anonymous_9)
FNDA:1,(anonymous_10)
FNDA:1,(anonymous_11)
FNDA:12,(anonymous_12)
FNDA:10,(anonymous_13)
FNDA:1,(anonymous_14)
FNDA:5,(anonymous_15)
FNDA:1,(anonymous_16)
FNDA:1,(anonymous_17)
FNDA:1,(anonymous_18)
FNDA:2,(anonymous_19)
FNDA:1,(anonymous_20)
FNDA:1,(anonymous_21)
FNDA:1,(anonymous_22)
FNDA:1,(anonymous_23)
DA:1,1
DA:172,12
DA:173,12
DA:174,12
DA:176,1
DA:183,6
DA:194,1
DA:204,1
DA:213,2
DA:222,2
DA:230,12
DA:231,10
DA:237,12
DA:238,10
DA:239,10
DA:240,10
DA:246,12
DA:247,1
DA:250,12
DA:251,1
DA:254,12
DA:255,12
DA:256,12
DA:259,12
DA:260,10
DA:262,10
DA:266,1
DA:267,0
DA:269,1
DA:272,10
DA:273,5
DA:276,10
DA:277,10
DA:278,10
DA:281,12
DA:282,1
DA:287,1
DA:288,1
DA:289,0
DA:291,1
DA:294,12
DA:295,5
DA:296,5
DA:299,12
DA:300,1
DA:301,1
DA:302,1
DA:305,12
DA:306,1
DA:307,1
DA:308,1
DA:311,12
DA:312,1
DA:313,1
DA:316,12
DA:317,2
DA:318,2
DA:326,12
DA:327,1
DA:328,1
DA:329,1
DA:332,12
DA:333,1
DA:336,12
DA:337,1
DA:338,1
DA:341,12
DA:342,1
DA:343,1
DA:346,12
LF:70
LH:68
BRDA:231,1,0,10
BRDA:231,1,1,10
BRDA:238,2,0,0
BRDA:238,2,1,10
BRDA:239,3,0,10
BRDA:239,3,1,0
BRDA:239,4,0,10
BRDA:239,4,1,10
BRDA:262,5,0,1
BRDA:262,5,1,9
BRDA:262,6,0,10
BRDA:262,6,1,10
BRDA:266,7,0,0
BRDA:266,7,1,1
BRDA:272,8,0,5
BRDA:272,8,1,5
BRDA:273,9,0,5
BRDA:273,9,1,3
BRDA:276,10,0,10
BRDA:276,10,1,0
BRDA:282,11,0,0
BRDA:282,11,1,1
BRDA:288,12,0,0
BRDA:288,12,1,1
BRDA:291,13,0,1
BRDA:291,13,1,0
BRDA:295,14,0,4
BRDA:295,14,1,1
BRDA:296,15,0,5
BRDA:296,15,1,1
BRDA:301,16,0,0
BRDA:301,16,1,1
BRDA:307,17,0,1
BRDA:307,17,1,0
BRDA:312,18,0,0
BRDA:312,18,1,1
BRDA:317,19,0,0
BRDA:317,19,1,2
BRDA:327,20,0,0
BRDA:327,20,1,1
BRDA:328,21,0,1
BRDA:328,21,1,0
BRDA:333,22,0,0
BRDA:333,22,1,1
BRDA:343,23,0,1
BRDA:343,23,1,1
BRF:46
BRH:32
end_of_record
TN:
SF:./src/components/rxStatus/scripts/StatusUtil.js
FN:16,(anonymous_1)
FN:18,(anonymous_2)
FNF:2
FNH:2
FNDA:2,(anonymous_1)
FNDA:2,(anonymous_2)
DA:1,1
DA:17,2
DA:19,2
LF:3
LH:3
BRDA:19,1,0,2
BRDA:19,1,1,1
BRF:2
BRH:2
end_of_record
TN:
SF:./src/components/rxStatusColumn/scripts/rxStatusColumn.js
FN:59,(anonymous_1)
FN:68,(anonymous_2)
FN:72,(anonymous_3)
FN:76,(anonymous_4)
FN:90,(anonymous_5)
FN:94,(anonymous_6)
FNF:6
FNH:6
FNDA:16,(anonymous_1)
FNDA:16,(anonymous_2)
FNDA:34,(anonymous_3)
FNDA:17,(anonymous_4)
FNDA:17,(anonymous_5)
FNDA:17,(anonymous_6)
DA:1,1
DA:60,16
DA:70,16
DA:72,16
DA:73,34
DA:76,16
DA:77,17
DA:78,17
DA:82,17
DA:83,17
DA:84,17
DA:85,17
DA:86,17
DA:87,17
DA:90,16
DA:91,17
DA:94,16
DA:95,17
LF:18
LH:18
BRDA:73,1,0,34
BRDA:73,1,1,29
BRDA:73,1,2,0
BRDA:82,2,0,17
BRDA:82,2,1,5
BRF:5
BRH:4
end_of_record
TN:
SF:./src/components/rxStatusColumn/scripts/rxStatusColumnIcons.js
FNF:0
FNH:0
DA:1,1
LF:1
LH:1
BRF:0
BRH:0
end_of_record
TN:
SF:./src/components/rxStatusColumn/scripts/rxStatusHeader.js
FN:38,(anonymous_1)
FN:40,(anonymous_2)
FNF:2
FNH:0
FNDA:0,(anonymous_1)
FNDA:0,(anonymous_2)
DA:1,1
DA:39,0
DA:41,0
LF:3
LH:1
BRF:0
BRH:0
end_of_record
TN:
SF:./src/components/rxStatusColumn/scripts/rxStatusMappings.js
FN:66,(anonymous_1)
FN:71,(anonymous_2)
FN:100,(anonymous_3)
FN:144,(anonymous_4)
FN:150,(anonymous_5)
FN:151,(anonymous_6)
FN:156,(anonymous_7)
FN:197,(anonymous_8)
FNF:8
FNH:8
FNDA:48,(anonymous_1)
FNDA:193,(anonymous_2)
FNDA:114,(anonymous_3)
FNDA:30,(anonymous_4)
FNDA:288,(anonymous_5)
FNDA:136,(anonymous_6)
FNDA:36,(anonymous_7)
FNDA:129,(anonymous_8)
DA:1,1
DA:67,48
DA:68,48
DA:69,48
DA:71,48
DA:72,193
DA:100,48
DA:101,114
DA:144,48
DA:145,30
DA:146,30
DA:147,30
DA:150,48
DA:151,288
DA:152,136
DA:153,136
DA:154,124
DA:155,12
DA:156,12
DA:157,36
DA:161,136
DA:162,28
DA:164,108
DA:173,48
DA:174,48
DA:175,48
DA:176,48
DA:177,48
DA:178,48
DA:197,48
DA:198,129
DA:199,32
DA:202,97
DA:204,97
DA:207,48
LF:35
LH:35
BRDA:145,1,0,30
BRDA:145,1,1,30
BRDA:153,2,0,124
BRDA:153,2,1,12
BRDA:155,3,0,12
BRDA:155,3,1,0
BRDA:161,4,0,28
BRDA:161,4,1,108
BRDA:198,5,0,32
BRDA:198,5,1,97
BRDA:198,6,0,129
BRDA:198,6,1,33
BRDA:204,7,0,61
BRDA:204,7,1,36
BRF:14
BRH:13
end_of_record
TN:
SF:./src/components/rxTags/scripts/rxTags.js
FN:49,(anonymous_1)
FN:57,(anonymous_2)
FN:61,changeFocus
FN:65,(anonymous_4)
FN:69,(anonymous_5)
FN:75,(anonymous_6)
FN:83,(anonymous_7)
FN:89,(anonymous_8)
FN:95,(anonymous_9)
FN:102,(anonymous_10)
FN:106,(anonymous_11)
FN:107,(anonymous_12)
FN:113,(anonymous_13)
FNF:13
FNH:13
FNDA:16,(anonymous_1)
FNDA:21,(anonymous_2)
FNDA:2,changeFocus
FNDA:25,(anonymous_4)
FNDA:2,(anonymous_5)
FNDA:2,(anonymous_6)
FNDA:3,(anonymous_7)
FNDA:3,(anonymous_8)
FNDA:2,(anonymous_9)
FNDA:1,(anonymous_10)
FNDA:3,(anonymous_11)
FNDA:6,(anonymous_12)
FNDA:24,(anonymous_13)
DA:1,1
DA:50,16
DA:58,21
DA:59,21
DA:61,1
DA:62,2
DA:65,21
DA:66,25
DA:69,21
DA:70,2
DA:71,1
DA:75,21
DA:76,2
DA:77,1
DA:78,1
DA:79,1
DA:83,21
DA:84,3
DA:85,1
DA:89,21
DA:90,3
DA:91,3
DA:92,3
DA:95,21
DA:96,2
DA:97,2
DA:98,2
DA:101,21
DA:102,2
DA:103,1
DA:106,2
DA:107,3
DA:108,6
DA:113,21
DA:114,24
LF:35
LH:35
BRDA:62,1,0,2
BRDA:62,1,1,1
BRDA:66,2,0,25
BRDA:66,2,1,24
BRDA:70,3,0,1
BRDA:70,3,1,1
BRDA:76,4,0,1
BRDA:76,4,1,1
BRDA:84,5,0,1
BRDA:84,5,1,2
BRDA:84,6,0,3
BRDA:84,6,1,2
BRDA:101,7,0,2
BRDA:101,7,1,19
BRDA:114,8,0,24
BRDA:114,8,1,19
BRF:16
BRH:16
end_of_record
TN:
SF:./src/components/rxToggle/scripts/rxToggle.js
FN:13,(anonymous_1)
FN:16,(anonymous_2)
FN:19,(anonymous_3)
FN:20,(anonymous_4)
FNF:4
FNH:4
FNDA:2,(anonymous_1)
FNDA:2,(anonymous_2)
FNDA:6,(anonymous_3)
FNDA:6,(anonymous_4)
DA:1,1
DA:14,2
DA:17,2
DA:19,2
DA:20,6
DA:24,6
LF:6
LH:6
BRF:0
BRH:0
end_of_record
TN:
SF:./src/components/rxToggleSwitch/scripts/rxToggleSwitch.js
FN:36,(anonymous_1)
FN:48,(anonymous_2)
FN:56,(anonymous_3)
FN:60,(anonymous_4)
FN:64,(anonymous_5)
FN:68,(anonymous_6)
FNF:6
FNH:6
FNDA:9,(anonymous_1)
FNDA:46,(anonymous_2)
FNDA:70,(anonymous_3)
FNDA:5,(anonymous_4)
FNDA:63,(anonymous_5)
FNDA:6,(anonymous_6)
DA:1,1
DA:37,9
DA:49,46
DA:50,46
DA:52,46
DA:53,10
DA:56,46
DA:57,70
DA:60,46
DA:61,5
DA:64,46
DA:65,63
DA:68,46
DA:69,6
DA:70,1
DA:73,5
DA:74,5
DA:75,5
LF:18
LH:18
BRDA:49,1,0,36
BRDA:49,1,1,10
BRDA:50,2,0,36
BRDA:50,2,1,10
BRDA:52,3,0,10
BRDA:52,3,1,36
BRDA:52,4,0,46
BRDA:52,4,1,37
BRDA:61,5,0,2
BRDA:61,5,1,3
BRDA:65,6,0,41
BRDA:65,6,1,22
BRDA:69,7,0,1
BRDA:69,7,1,5
BRF:14
BRH:14
end_of_record
TN:
SF:./src/components/rxTokenInterceptor/scripts/TokenInterceptor.js
FN:19,(anonymous_1)
FN:22,(anonymous_2)
FN:25,(anonymous_3)
FN:32,(anonymous_4)
FNF:4
FNH:4
FNDA:5,(anonymous_1)
FNDA:5,(anonymous_2)
FNDA:4,(anonymous_3)
FNDA:7,(anonymous_4)
DA:1,1
DA:20,5
DA:22,5
DA:23,5
DA:24,5
DA:31,4
DA:32,4
DA:33,7
DA:34,2
DA:38,4
DA:39,2
DA:42,4
LF:12
LH:12
BRDA:33,1,0,2
BRDA:33,1,1,5
BRDA:38,2,0,2
BRDA:38,2,1,2
BRF:4
BRH:4
end_of_record
TN:
SF:./src/components/rxUnauthorizedInterceptor/scripts/UnauthorizedInterceptor.js
FN:21,(anonymous_1)
FN:23,(anonymous_2)
FN:31,(anonymous_3)
FN:35,(anonymous_4)
FNF:4
FNH:3
FNDA:7,(anonymous_1)
FNDA:0,(anonymous_2)
FNDA:6,(anonymous_3)
FNDA:6,(anonymous_4)
DA:1,1
DA:22,7
DA:29,0
DA:32,6
DA:33,6
DA:36,6
DA:37,5
DA:38,5
DA:41,6
DA:45,7
LF:10
LH:9
BRDA:32,1,0,1
BRDA:32,1,1,5
BRDA:36,2,0,5
BRDA:36,2,1,1
BRF:4
BRH:4
end_of_record
TN:
SF:./src/components/typeahead/scripts/typeahead.js
FN:2,(anonymous_1)
FN:3,(anonymous_2)
FN:8,(anonymous_3)
FN:9,(anonymous_4)
FN:17,(anonymous_5)
FN:24,(anonymous_6)
FN:28,(anonymous_7)
FN:29,(anonymous_8)
FN:34,(anonymous_9)
FNF:9
FNH:7
FNDA:2,(anonymous_1)
FNDA:2,(anonymous_2)
FNDA:2,(anonymous_3)
FNDA:2,(anonymous_4)
FNDA:2,(anonymous_5)
FNDA:2,(anonymous_6)
FNDA:0,(anonymous_7)
FNDA:0,(anonymous_8)
FNDA:9,(anonymous_9)
DA:1,1
DA:3,2
DA:4,2
DA:5,2
DA:6,2
DA:8,2
DA:9,2
DA:10,2
DA:12,2
DA:13,2
DA:17,2
DA:18,2
DA:20,2
DA:21,2
DA:24,2
DA:25,2
DA:28,2
DA:29,0
DA:30,0
DA:34,2
DA:35,9
DA:36,6
DA:38,3
DA:44,2
LF:24
LH:22
BRDA:12,1,0,2
BRDA:12,1,1,0
BRDA:18,2,0,1
BRDA:18,2,1,1
BRDA:25,3,0,1
BRDA:25,3,1,1
BRDA:35,4,0,6
BRDA:35,4,1,3
BRF:8
BRH:7
end_of_record
TN:
SF:./src/quarks/SessionStorage/scripts/SessionStorage.js
FN:24,(anonymous_1)
FN:25,(anonymous_2)
FN:29,(anonymous_3)
FN:33,(anonymous_4)
FN:37,(anonymous_5)
FN:41,(anonymous_6)
FN:45,(anonymous_7)
FN:49,(anonymous_8)
FN:54,(anonymous_9)
FNF:9
FNH:9
FNDA:24,(anonymous_1)
FNDA:21,(anonymous_2)
FNDA:1,(anonymous_3)
FNDA:2,(anonymous_4)
FNDA:1,(anonymous_5)
FNDA:26,(anonymous_6)
FNDA:7,(anonymous_7)
FNDA:18,(anonymous_8)
FNDA:48,(anonymous_9)
DA:1,1
DA:25,24
DA:26,21
DA:29,24
DA:30,1
DA:33,24
DA:34,2
DA:37,24
DA:38,1
DA:41,24
DA:42,26
DA:45,24
DA:46,7
DA:49,24
DA:50,18
DA:51,18
DA:54,24
DA:55,48
DA:56,48
DA:57,48
DA:59,0
DA:62,48
LF:22
LH:21
BRDA:50,1,0,18
BRDA:50,1,1,0
BRDA:50,2,0,18
BRDA:50,2,1,0
BRF:4
BRH:2
end_of_record
TN:
SF:./src/quarks/hotkeys/scripts/hotkeys.js
FNF:0
FNH:0
LF:0
LH:0
BRF:0
BRH:0
end_of_record
TN:
SF:./src/quarks/rxBreadcrumbsSvc/scripts/rxBreadcrumbsSvc.js
FN:9,(anonymous_1)
FN:17,(anonymous_2)
FN:24,(anonymous_3)
FN:31,(anonymous_4)
FN:68,(anonymous_5)
FNF:5
FNH:5
FNDA:17,(anonymous_1)
FNDA:17,(anonymous_2)
FNDA:40,(anonymous_3)
FNDA:36,(anonymous_4)
FNDA:2,(anonymous_5)
DA:1,1
DA:11,17
DA:15,17
DA:17,17
DA:19,17
DA:21,17
DA:24,17
DA:26,40
DA:30,40
DA:31,9
DA:34,36
DA:35,1
DA:39,40
DA:68,17
DA:69,2
DA:75,17
LF:16
LH:16
BRDA:30,1,0,9
BRDA:30,1,1,31
BRDA:30,2,0,40
BRDA:30,2,1,9
BRDA:34,3,0,1
BRDA:34,3,1,35
BRDA:34,4,0,36
BRDA:34,4,1,9
BRDA:71,5,0,2
BRDA:71,5,1,1
BRF:10
BRH:10
end_of_record
TN:
SF:./src/quarks/rxCapitalize/scripts/rxCapitalize.js
FN:8,(anonymous_1)
FN:9,(anonymous_2)
FNF:2
FNH:2
FNDA:2,(anonymous_1)
FNDA:2,(anonymous_2)
DA:1,1
DA:9,2
DA:10,2
DA:11,1
DA:13,1
LF:5
LH:5
BRDA:10,1,0,1
BRDA:10,1,1,1
BRF:2
BRH:2
end_of_record
TN:
SF:./src/quarks/xor/scripts/xor.js
FN:12,(anonymous_1)
FN:13,(anonymous_2)
FNF:2
FNH:1
FNDA:16,(anonymous_1)
FNDA:0,(anonymous_2)
DA:1,1
DA:13,16
DA:14,0
LF:3
LH:2
BRF:0
BRH:0
end_of_record
